2025-11-14 00:14:32,604 [INFO] MainUpdater:2872 - connection check result : 10
2025-11-14 00:14:32,870 [INFO] McuFinderGlobals:76 - Set McuFinderConnectedMode to true
2025-11-14 00:14:32,875 [INFO] MultiScanPanel:200 - Auto-refresh data requested => check proxy status ongoing
2025-11-14 00:14:32,877 [INFO] FinderPluginLoader:95 - Searching for filters in installed packs
2025-11-14 00:14:34,662 [INFO] LoadUrlFilesThread:185 - End of LoadServerUrlFiles without Thread
2025-11-14 00:14:34,662 [INFO] DetailPanel:341 - Set advertising image to C:/Users/Jagakishan/STM32Cube/Repository/\en.mcu-finder-preevent.jpg
2025-11-14 00:15:34,714 [INFO] MainUpdater:2872 - connection check result : 10
2025-11-14 00:15:34,717 [INFO] MainUpdater:2872 - connection check result : 10
2025-11-14 00:15:34,961 [INFO] MicroXplorer:468 - Change Database Path : 
2025-11-14 00:15:34,961 [INFO] MicroXplorer:498 - Change Database Version : DB.6.0.140
2025-11-14 00:15:35,097 [ERROR] ProjectManagerView:394 - 
java.lang.NullPointerException: Cannot invoke "javax.swing.JTextField.getText()" because the return value of "java.util.List.get(int)" is null
	at com.st.microxplorer.plugins.projectmanager.gui.ProjectChoiceTab$9.caretUpdate(ProjectChoiceTab.java:2678) ~[filemanager.jar:?]
	at javax.swing.text.JTextComponent.fireCaretUpdate(JTextComponent.java:408) ~[?:?]
	at javax.swing.text.JTextComponent$MutableCaretEvent.fire(JTextComponent.java:4484) ~[?:?]
	at javax.swing.text.JTextComponent$MutableCaretEvent.stateChanged(JTextComponent.java:4506) ~[?:?]
	at javax.swing.text.DefaultCaret.fireStateChanged(DefaultCaret.java:857) ~[?:?]
	at javax.swing.text.DefaultCaret.changeCaretPosition(DefaultCaret.java:1343) ~[?:?]
	at javax.swing.text.DefaultCaret.handleSetDot(DefaultCaret.java:1242) ~[?:?]
	at javax.swing.text.DefaultCaret.setDot(DefaultCaret.java:1223) ~[?:?]
	at javax.swing.text.DefaultCaret$Handler.insertUpdate(DefaultCaret.java:1819) ~[?:?]
	at javax.swing.text.AbstractDocument.fireInsertUpdate(AbstractDocument.java:227) ~[?:?]
	at javax.swing.text.AbstractDocument.handleInsertString(AbstractDocument.java:781) ~[?:?]
	at javax.swing.text.AbstractDocument.insertString(AbstractDocument.java:740) ~[?:?]
	at javax.swing.text.PlainDocument.insertString(PlainDocument.java:131) ~[?:?]
	at javax.swing.text.AbstractDocument.replace(AbstractDocument.java:699) ~[?:?]
	at javax.swing.text.JTextComponent.setText(JTextComponent.java:1725) ~[?:?]
	at com.st.microxplorer.plugins.projectmanager.gui.ProjectChoiceTab.createHeapStackFields(ProjectChoiceTab.java:979) ~[filemanager.jar:?]
	at com.st.microxplorer.plugins.projectmanager.gui.ProjectChoiceTab.buildLinkSettingsPanel(ProjectChoiceTab.java:3766) ~[filemanager.jar:?]
	at com.st.microxplorer.plugins.projectmanager.gui.ProjectChoiceTab.defineWindowsFields(ProjectChoiceTab.java:1962) ~[filemanager.jar:?]
	at com.st.microxplorer.plugins.projectmanager.gui.ProjectChoiceTab.updateSettings(ProjectChoiceTab.java:555) ~[filemanager.jar:?]
	at com.st.microxplorer.plugins.projectmanager.gui.ProjectSettingsPanel.UpdateDialog(ProjectSettingsPanel.java:245) ~[filemanager.jar:?]
	at com.st.microxplorer.plugins.projectmanager.ProjectManagerView.propertyChange(ProjectManagerView.java:391) ~[filemanager.jar:?]
	at java.beans.PropertyChangeSupport.fire(PropertyChangeSupport.java:343) ~[?:?]
	at java.beans.PropertyChangeSupport.firePropertyChange(PropertyChangeSupport.java:335) ~[?:?]
	at java.beans.PropertyChangeSupport.firePropertyChange(PropertyChangeSupport.java:268) ~[?:?]
	at com.st.microxplorer.util.MXPropertyChangeSupport.firePropertyChange(MXPropertyChangeSupport.java:54) ~[STM32CubeMX.jar:?]
	at com.st.microxplorer.mxsystem.MxSystem.closeConfig(MxSystem.java:899) ~[STM32CubeMX.jar:?]
	at com.st.microxplorer.maingui.MainPanel.closeConfig(MainPanel.java:789) ~[STM32CubeMX.jar:?]
	at com.st.microxplorer.plugins.filemanager.engine.OpenFileManager.loadConfigurationFile(OpenFileManager.java:287) ~[filemanager.jar:?]
	at com.st.microxplorer.plugins.filemanager.engine.MainFileManager.userLoadConfig(MainFileManager.java:341) ~[filemanager.jar:?]
	at com.st.microxplorer.plugins.filemanager.engine.MainFileManager.userLoadConfig(MainFileManager.java:319) ~[filemanager.jar:?]
	at com.st.microxplorer.plugins.filemanager.FileManagerView.getSpecificTask(FileManagerView.java:246) ~[filemanager.jar:?]
	at com.st.stm32cube.common.mx.editor.CubeMxEditor.getMxTabbedPaneInstance(CubeMxEditor.java:1198) ~[com.st.stm32cube.common.mx_6.14.0.202502271554/:?]
	at com.st.stm32cube.common.mx.editor.CubeMxEditor$12$1.createSwingComponent(CubeMxEditor.java:1068) ~[com.st.stm32cube.common.mx_6.14.0.202502271554/:?]
	at com.st.stm32cube.common.mx.oss.core.awtswtbridge.EmbeddedSwingComposite.doComponentCreation(EmbeddedSwingComposite.java:492) ~[com.st.stm32cube.common.mx.oss_6.14.0.202502271554/:?]
	at com.st.stm32cube.common.mx.oss.core.awtswtbridge.EmbeddedSwingComposite$4.run(EmbeddedSwingComposite.java:291) ~[com.st.stm32cube.common.mx.oss_6.14.0.202502271554/:?]
	at com.st.stm32cube.common.mx.oss.core.awtswtbridge.AwtEnvironment$2.run(AwtEnvironment.java:166) ~[com.st.stm32cube.common.mx.oss_6.14.0.202502271554/:?]
	at java.awt.event.InvocationEvent.dispatch(InvocationEvent.java:318) ~[?:?]
	at java.awt.EventQueue.dispatchEventImpl(EventQueue.java:773) ~[?:?]
	at java.awt.EventQueue$4.run(EventQueue.java:720) ~[?:?]
	at java.awt.EventQueue$4.run(EventQueue.java:714) ~[?:?]
	at java.security.AccessController.doPrivileged(AccessController.java:400) ~[?:?]
	at java.security.ProtectionDomain$JavaSecurityAccessImpl.doIntersectionPrivilege(ProtectionDomain.java:87) ~[?:?]
	at java.awt.EventQueue.dispatchEvent(EventQueue.java:742) ~[?:?]
	at java.awt.EventDispatchThread.pumpOneEventForFilters(EventDispatchThread.java:203) ~[?:?]
	at java.awt.EventDispatchThread.pumpEventsForFilter(EventDispatchThread.java:124) ~[?:?]
	at java.awt.EventDispatchThread.pumpEventsForHierarchy(EventDispatchThread.java:113) ~[?:?]
	at java.awt.EventDispatchThread.pumpEvents(EventDispatchThread.java:109) ~[?:?]
	at java.awt.EventDispatchThread.pumpEvents(EventDispatchThread.java:101) ~[?:?]
	at java.awt.EventDispatchThread.run(EventDispatchThread.java:90) ~[?:?]
2025-11-14 00:15:35,158 [WARN] ThirdParty:871 - waiting for thirdparty lock release [close project]
2025-11-14 00:15:35,159 [INFO] ThirdParty:873 - entering critical section [close project]
2025-11-14 00:15:35,159 [INFO] ThirdParty:883 - exiting critical section [close project]
2025-11-14 00:15:35,171 [INFO] PinOutPanel:1589 - setPackage(No Configuration,No Configuration)
2025-11-14 00:15:35,216 [INFO] UtilMem:75 - Begin LoadConfig() Used Memory: 655735864 Bytes (1073741824)
2025-11-14 00:15:35,219 [INFO] MicroXplorer:468 - Change Database Path : 
2025-11-14 00:15:35,219 [INFO] MicroXplorer:498 - Change Database Version : DB.6.0.140
2025-11-14 00:15:35,219 [INFO] OpenFileManager:354 - Change cursor
2025-11-14 00:15:35,317 [INFO] RulesReader:64 - Compatibility file has been processed (301 Rules)
2025-11-14 00:15:35,340 [INFO] Mcu:2011 - Initializing MCU STM32F103C8Tx STM32F103C8Tx STM32F103C8T6
2025-11-14 00:15:36,792 [INFO] Context:756 - Trying to add GPIOservice into a context  which must be forbidden
2025-11-14 00:15:37,166 [INFO] ImportTextPane:218 - (OptionalMessage_ERROR) Unable to find key (Mcu.ThirdPartyNb) in loaded IOC file
2025-11-14 00:15:37,166 [INFO] ImportTextPane:218 - (OptionalMessage_ERROR) Unable to find key (Mcu.PinsNb) in loaded IOC file
2025-11-14 00:15:37,167 [INFO] ImportTextPane:218 - (OptionalMessage_ERROR) Pin0 (VP_RIF_VS_RIF1) cannot be retrieved for this MCU
2025-11-14 00:15:37,167 [INFO] ImportTextPane:218 - (OptionalMessage_ERROR) Unable to find key (Mcu.IPNb) in loaded IOC file
2025-11-14 00:15:37,207 [INFO] RtosManager:558 - Registered RTOS mode: class=CMSIS, group=RTOS, mode=CMSIS_V1, owner=FREERTOS
2025-11-14 00:15:37,208 [INFO] RtosManager:558 - Registered RTOS mode: class=CMSIS, group=RTOS2, mode=CMSIS_V2, owner=FREERTOS
2025-11-14 00:15:37,208 [INFO] RtosManager:558 - Registered RTOS mode: class=RTOS, group=Core, mode=CMSIS_V1, owner=FREERTOS
2025-11-14 00:15:37,208 [INFO] RtosManager:558 - Registered RTOS mode: class=RTOS, group=Core, mode=CMSIS_V2, owner=FREERTOS
2025-11-14 00:15:37,208 [WARN] ModelIntegratedComponent:184 - Missing modes for component STMicroelectronics:FreeRTOS:0.0.1:STMicroelectronics:RTOS:FreeRTOS:Core:::10.2.0:
2025-11-14 00:15:37,241 [WARN] ModelIntegratedComponent:63 - No mode defined for component null
2025-11-14 00:15:37,241 [WARN] ModelIntegratedComponent:63 - No mode defined for component null
2025-11-14 00:15:37,241 [WARN] ModelIntegratedComponent:63 - No mode defined for component null
2025-11-14 00:15:37,241 [WARN] ModelIntegratedComponent:63 - No mode defined for component null
2025-11-14 00:15:37,242 [WARN] ModelIntegratedComponent:63 - No mode defined for component null
2025-11-14 00:15:37,242 [WARN] ModelIntegratedComponent:63 - No mode defined for component null
2025-11-14 00:15:37,242 [WARN] ModelIntegratedComponent:63 - No mode defined for component null
2025-11-14 00:15:37,242 [WARN] ModelIntegratedComponent:63 - No mode defined for component null
2025-11-14 00:15:37,242 [WARN] ModelIntegratedComponent:63 - No mode defined for component null
2025-11-14 00:15:37,242 [WARN] ModelIntegratedComponent:63 - No mode defined for component null
2025-11-14 00:15:37,242 [WARN] ModelIntegratedComponent:63 - No mode defined for component null
2025-11-14 00:15:37,242 [WARN] ModelIntegratedComponent:63 - No mode defined for component null
2025-11-14 00:15:37,242 [WARN] ModelIntegratedComponent:63 - No mode defined for component null
2025-11-14 00:15:37,242 [WARN] ModelIntegratedComponent:63 - No mode defined for component null
2025-11-14 00:15:37,242 [WARN] ModelIntegratedComponent:63 - No mode defined for component null
2025-11-14 00:15:37,242 [WARN] ModelIntegratedComponent:63 - No mode defined for component null
2025-11-14 00:15:37,242 [WARN] ModelIntegratedComponent:63 - No mode defined for component null
2025-11-14 00:15:37,242 [WARN] ModelIntegratedComponent:63 - No mode defined for component null
2025-11-14 00:15:37,243 [WARN] ModelIntegratedComponent:63 - No mode defined for component null
2025-11-14 00:15:37,243 [WARN] ModelIntegratedComponent:63 - No mode defined for component null
2025-11-14 00:15:37,243 [WARN] ModelIntegratedComponent:63 - No mode defined for component null
2025-11-14 00:15:37,243 [WARN] ModelIntegratedComponent:63 - No mode defined for component null
2025-11-14 00:15:37,243 [WARN] ModelIntegratedComponent:63 - No mode defined for component null
2025-11-14 00:15:37,243 [WARN] ModelIntegratedComponent:63 - No mode defined for component null
2025-11-14 00:15:37,243 [WARN] ModelIntegratedComponent:63 - No mode defined for component null
2025-11-14 00:15:37,243 [WARN] ModelIntegratedComponent:63 - No mode defined for component null
2025-11-14 00:15:37,243 [WARN] ModelIntegratedComponent:63 - No mode defined for component null
2025-11-14 00:15:37,243 [WARN] ModelIntegratedComponent:63 - No mode defined for component null
2025-11-14 00:15:37,243 [WARN] ModelIntegratedComponent:63 - No mode defined for component null
2025-11-14 00:15:37,243 [WARN] ModelIntegratedComponent:63 - No mode defined for component null
2025-11-14 00:15:37,244 [WARN] ModelIntegratedComponent:63 - No mode defined for component null
2025-11-14 00:15:37,244 [WARN] ModelIntegratedComponent:63 - No mode defined for component null
2025-11-14 00:15:37,244 [WARN] ModelIntegratedComponent:63 - No mode defined for component null
2025-11-14 00:15:37,244 [WARN] ModelIntegratedComponent:63 - No mode defined for component null
2025-11-14 00:15:37,244 [WARN] ModelIntegratedComponent:63 - No mode defined for component null
2025-11-14 00:15:37,244 [WARN] ModelPack:524 - Component already loaded: STMicroelectronics:HAL Drivers:0.0.0:STMicroelectronics:Device:STMicro_Driver:XSPI:HAL::0.0.1:HAL_XSPI
2025-11-14 00:15:37,645 [INFO] ThirdPartyModel:298 - Start build external matchings
2025-11-14 00:15:38,700 [INFO] ThirdPartyModel:316 - End build external matchings
2025-11-14 00:15:39,148 [INFO] UtilMem:75 - End LoadConfig() Used Memory: 715799536 Bytes (1073741824)
2025-11-14 00:15:39,208 [WARN] ThirdParty:833 - waiting for thirdparty lock release [change project]
2025-11-14 00:15:39,208 [INFO] ThirdParty:835 - entering critical section [change project]
2025-11-14 00:15:39,208 [INFO] ThirdParty:1030 - CMSIS Pack Vendor :STMicroelectronics X-CUBE-PM33A1 1.0.0
2025-11-14 00:15:39,208 [INFO] ThirdParty:1030 - CMSIS Pack Vendor :STMicroelectronics USBPD 4.1
2025-11-14 00:15:39,208 [INFO] ThirdParty:1030 - CMSIS Pack Vendor :STMicroelectronics X-CUBE-AZRTOS-H7 3.3.0
2025-11-14 00:15:39,208 [INFO] ThirdParty:1030 - CMSIS Pack Vendor :STMicroelectronics X-CUBE-NFC9 1.0.0
2025-11-14 00:15:39,208 [INFO] ThirdParty:1030 - CMSIS Pack Vendor :STMicroelectronics USB_HOST 2.0.0
2025-11-14 00:15:39,208 [INFO] ThirdParty:1030 - CMSIS Pack Vendor :STMicroelectronics FP-SNS-MOTENVWB1 1.4.0
2025-11-14 00:15:39,209 [INFO] ThirdParty:1030 - CMSIS Pack Vendor :STMicroelectronics X-CUBE-AZRTOS-F4 1.1.0
2025-11-14 00:15:39,209 [INFO] ThirdParty:1030 - CMSIS Pack Vendor :STMicroelectronics LIBJPEG 8.0.0
2025-11-14 00:15:39,209 [INFO] ThirdParty:1030 - CMSIS Pack Vendor :STMicroelectronics FP-ATR-ASTRA1 2.0.2
2025-11-14 00:15:39,209 [INFO] ThirdParty:1030 - CMSIS Pack Vendor :wolfSSL I-CUBE-wolfSSL 5.8.2
2025-11-14 00:15:39,209 [INFO] ThirdParty:1030 - CMSIS Pack Vendor :STMicroelectronics X-CUBE-BLE1 7.1.0
2025-11-14 00:15:39,209 [INFO] ThirdParty:1030 - CMSIS Pack Vendor :STMicroelectronics X-CUBE-SMBUS 2.1.0
2025-11-14 00:15:39,209 [INFO] ThirdParty:1030 - CMSIS Pack Vendor :STMicroelectronics X-CUBE-WB05N 1.1.0
2025-11-14 00:15:39,209 [INFO] ThirdParty:1030 - CMSIS Pack Vendor :wolfSSL I-CUBE-wolfMQTT 1.19.2
2025-11-14 00:15:39,209 [INFO] ThirdParty:1030 - CMSIS Pack Vendor :STMicroelectronics USB_DEVICE 3.0.0
2025-11-14 00:15:39,209 [INFO] ThirdParty:1030 - CMSIS Pack Vendor :STMicroelectronics X-CUBE-ISPU 2.1.0
2025-11-14 00:15:39,209 [INFO] ThirdParty:1030 - CMSIS Pack Vendor :STMicroelectronics X-CUBE-EEPRMA1 5.2.0
2025-11-14 00:15:39,209 [INFO] ThirdParty:1030 - CMSIS Pack Vendor :STMicroelectronics X-CUBE-BLEMGR 4.1.0
2025-11-14 00:15:39,209 [INFO] ThirdParty:1030 - CMSIS Pack Vendor :STMicroelectronics X-CUBE-AZRTOS-WB 2.0.0
2025-11-14 00:15:39,209 [INFO] ThirdParty:1030 - CMSIS Pack Vendor :STMicroelectronics X-CUBE-GNSS1 7.0.1
2025-11-14 00:15:39,209 [INFO] ThirdParty:1030 - CMSIS Pack Vendor :STMicroelectronics X-CUBE-NFC12 1.0.0
2025-11-14 00:15:39,209 [INFO] ThirdParty:1030 - CMSIS Pack Vendor :STMicroelectronics X-CUBE-AZRTOS-F7 1.1.0
2025-11-14 00:15:39,209 [INFO] ThirdParty:1030 - CMSIS Pack Vendor :STMicroelectronics X-CUBE-AZRTOS-L5 2.0.0
2025-11-14 00:15:39,209 [INFO] ThirdParty:1030 - CMSIS Pack Vendor :STMicroelectronics X-CUBE-TOUCHGFX 4.25.0
2025-11-14 00:15:39,209 [INFO] ThirdParty:1030 - CMSIS Pack Vendor :STMicroelectronics USB_DEVICE 2.0.0
2025-11-14 00:15:39,209 [INFO] ThirdParty:1030 - CMSIS Pack Vendor :STMicroelectronics X-CUBE-NFC6 3.1.0
2025-11-14 00:15:39,209 [INFO] ThirdParty:1030 - CMSIS Pack Vendor :STMicroelectronics FP-SNS-STBOX1 2.0.0
2025-11-14 00:15:39,210 [INFO] ThirdParty:1030 - CMSIS Pack Vendor :Cesanta I-CUBE-Mongoose 7.19.0
2025-11-14 00:15:39,210 [INFO] ThirdParty:1030 - CMSIS Pack Vendor :quantropi X-CUBE-qispace-sdk-base 2.1.0
2025-11-14 00:15:39,210 [INFO] ThirdParty:1030 - CMSIS Pack Vendor :STMicroelectronics FreeRTOS 0.0.1
2025-11-14 00:15:39,210 [INFO] ThirdParty:1030 - CMSIS Pack Vendor :STMicroelectronics X-CUBE-AZRTOS-G0 1.1.0
2025-11-14 00:15:39,210 [INFO] ThirdParty:1030 - CMSIS Pack Vendor :STMicroelectronics X-CUBE-SAFEA1 1.2.2
2025-11-14 00:15:39,210 [INFO] ThirdParty:1030 - CMSIS Pack Vendor :STMicroelectronics X-CUBE-NFC4 3.0.0
2025-11-14 00:15:39,210 [INFO] ThirdParty:1030 - CMSIS Pack Vendor :STMicroelectronics X-CUBE-DPower 1.2.0
2025-11-14 00:15:39,210 [INFO] ThirdParty:1030 - CMSIS Pack Vendor :STMicroelectronics X-CUBE-SUBG2 5.0.0
2025-11-14 00:15:39,210 [INFO] ThirdParty:1030 - CMSIS Pack Vendor :STMicroelectronics X-CUBE-AZRTOS-H7RS 1.1.0
2025-11-14 00:15:39,210 [INFO] ThirdParty:1030 - CMSIS Pack Vendor :STMicroelectronics STM32_WPAN 1.0.0
2025-11-14 00:15:39,210 [INFO] ThirdParty:1030 - CMSIS Pack Vendor :EmbeddedOffice I-CUBE-FS-RTOS 1.0.1
2025-11-14 00:15:39,210 [INFO] ThirdParty:1030 - CMSIS Pack Vendor :STMicroelectronics lwIP 2.0.3
2025-11-14 00:15:39,210 [INFO] ThirdParty:1030 - CMSIS Pack Vendor :STMicroelectronics FP-SNS-FLIGHT1 5.0.2
2025-11-14 00:15:39,211 [INFO] ThirdParty:1030 - CMSIS Pack Vendor :STMicroelectronics USB_HOST 1.0.0
2025-11-14 00:15:39,211 [INFO] ThirdParty:1030 - CMSIS Pack Vendor :Infineon AIROC-Wi-Fi-Bluetooth-STM32 1.7.1
2025-11-14 00:15:39,211 [INFO] ThirdParty:1030 - CMSIS Pack Vendor :STMicroelectronics X-CUBE-AZRTOS-G4 2.0.0
2025-11-14 00:15:39,211 [INFO] ThirdParty:1030 - CMSIS Pack Vendor :STMicroelectronics X-CUBE-WB05N 2.0.0
2025-11-14 00:15:39,211 [INFO] ThirdParty:1030 - CMSIS Pack Vendor :STMicroelectronics PDM2PCM 3.1.0
2025-11-14 00:15:39,211 [INFO] ThirdParty:1030 - CMSIS Pack Vendor :STMicroelectronics PDM2PCM 3.3.0
2025-11-14 00:15:39,211 [INFO] ThirdParty:1030 - CMSIS Pack Vendor :wolfSSL I-CUBE-wolfTPM 3.8.0
2025-11-14 00:15:39,212 [INFO] ThirdParty:1030 - CMSIS Pack Vendor :STMicroelectronics X-CUBE-AZRTOS-H7 3.4.0
2025-11-14 00:15:39,212 [INFO] ThirdParty:1030 - CMSIS Pack Vendor :STMicroelectronics X-CUBE-DISPLAY 3.0.0
2025-11-14 00:15:39,212 [INFO] ThirdParty:1030 - CMSIS Pack Vendor :wolfSSL I-CUBE-wolfSSH 1.4.20
2025-11-14 00:15:39,212 [INFO] ThirdParty:1030 - CMSIS Pack Vendor :STMicroelectronics X-CUBE-NFC7 2.0.0
2025-11-14 00:15:39,212 [INFO] ThirdParty:1030 - CMSIS Pack Vendor :STMicroelectronics X-CUBE-TCPP 4.2.0
2025-11-14 00:15:39,212 [INFO] ThirdParty:1030 - CMSIS Pack Vendor :RealThread X-CUBE-RT-Thread_Nano 4.1.1
2025-11-14 00:15:39,212 [INFO] ThirdParty:1030 - CMSIS Pack Vendor :STMicroelectronics FP-ATR-SIGFOX1 3.2.0
2025-11-14 00:15:39,212 [INFO] ThirdParty:1030 - CMSIS Pack Vendor :STMicroelectronics X-CUBE-NFC10 1.0.0
2025-11-14 00:15:39,212 [INFO] ThirdParty:1030 - CMSIS Pack Vendor :STMicroelectronics X-CUBE-BLEMGR 4.0.0
2025-11-14 00:15:39,212 [INFO] ThirdParty:1030 - CMSIS Pack Vendor :STMicroelectronics X-CUBE-EEPRMA1 5.1.0
2025-11-14 00:15:39,213 [INFO] ThirdParty:1030 - CMSIS Pack Vendor :STMicroelectronics X-CUBE-FREERTOS 1.3.1
2025-11-14 00:15:39,213 [INFO] ThirdParty:1030 - CMSIS Pack Vendor :STMicroelectronics HAL Drivers 0.0.0
2025-11-14 00:15:39,213 [INFO] ThirdParty:1030 - CMSIS Pack Vendor :STMicroelectronics MBEDTLS 2.16.2
2025-11-14 00:15:39,214 [INFO] ThirdParty:1030 - CMSIS Pack Vendor :STMicroelectronics X-CUBE-ST60 1.1.0
2025-11-14 00:15:39,214 [INFO] ThirdParty:1030 - CMSIS Pack Vendor :STMicroelectronics X-CUBE-IPS 3.1.0
2025-11-14 00:15:39,214 [INFO] ThirdParty:1030 - CMSIS Pack Vendor :STMicroelectronics X-CUBE-ALS 1.0.2
2025-11-14 00:15:39,215 [INFO] ThirdParty:1030 - CMSIS Pack Vendor :emotas I-CUBE-CANOPEN 1.3.0
2025-11-14 00:15:39,215 [INFO] ThirdParty:1030 - CMSIS Pack Vendor :STMicroelectronics X-CUBE-FREERTOS 1.3.0
2025-11-14 00:15:39,215 [INFO] ThirdParty:1030 - CMSIS Pack Vendor :STMicroelectronics X-CUBE-NFC7 1.0.1
2025-11-14 00:15:39,215 [INFO] ThirdParty:1030 - CMSIS Pack Vendor :STMicroelectronics MBEDTLS 2.14.1
2025-11-14 00:15:39,215 [INFO] ThirdParty:1030 - CMSIS Pack Vendor :STMicroelectronics X-CUBE-GNSS1 7.1.0
2025-11-14 00:15:39,215 [INFO] ThirdParty:1030 - CMSIS Pack Vendor :wolfSSL I-CUBE-wolfSSL 5.7.6
2025-11-14 00:15:39,215 [INFO] ThirdParty:1030 - CMSIS Pack Vendor :ITTIA_DB I-CUBE-ITTIADB 8.9.0
2025-11-14 00:15:39,215 [INFO] ThirdParty:1030 - CMSIS Pack Vendor :STMicroelectronics X-CUBE-TOUCHGFX 4.26.0
2025-11-14 00:15:39,215 [INFO] ThirdParty:1030 - CMSIS Pack Vendor :STMicroelectronics X-CUBE-STSE01 1.0.0
2025-11-14 00:15:39,215 [INFO] ThirdParty:1030 - CMSIS Pack Vendor :STMicroelectronics X-CUBE-AI 10.0.0
2025-11-14 00:15:39,215 [INFO] ThirdParty:1030 - CMSIS Pack Vendor :STMicroelectronics X-CUBE-AI 10.2.0
2025-11-14 00:15:39,215 [INFO] ThirdParty:1030 - CMSIS Pack Vendor :STMicroelectronics FP-SNS-STAIOTCFT 1.0.0
2025-11-14 00:15:39,215 [INFO] ThirdParty:1030 - CMSIS Pack Vendor :STMicroelectronics ThreadX 1.0.0
2025-11-14 00:15:39,215 [INFO] ThirdParty:1030 - CMSIS Pack Vendor :STMicroelectronics FP-SNS-SMARTAG2 1.2.0
2025-11-14 00:15:39,215 [INFO] ThirdParty:1030 - CMSIS Pack Vendor :STMicroelectronics FP-SNS-FLIGHT1 5.1.0
2025-11-14 00:15:39,215 [INFO] ThirdParty:1030 - CMSIS Pack Vendor :STMicroelectronics X-CUBE-MEMS1 11.1.0
2025-11-14 00:15:39,215 [INFO] ThirdParty:1030 - CMSIS Pack Vendor :STMicroelectronics X-CUBE-AZRTOS-WL 2.0.0
2025-11-14 00:15:39,215 [INFO] ThirdParty:1030 - CMSIS Pack Vendor :SEGGER I-CUBE-embOS 1.3.1
2025-11-14 00:15:39,216 [INFO] ThirdParty:1030 - CMSIS Pack Vendor :STMicroelectronics X-CUBE-ALGOBUILD 1.4.0
2025-11-14 00:15:39,216 [INFO] ThirdParty:1030 - CMSIS Pack Vendor :STMicroelectronics X-CUBE-DPower 1.3.0
2025-11-14 00:15:39,216 [INFO] ThirdParty:1030 - CMSIS Pack Vendor :STMicroelectronics X-CUBE-MEMS1 11.3.0
2025-11-14 00:15:39,216 [INFO] ThirdParty:1030 - CMSIS Pack Vendor :STMicroelectronics FP-SNS-MOTENV1 5.0.0
2025-11-14 00:15:39,216 [INFO] ThirdParty:1030 - CMSIS Pack Vendor :STMicroelectronics USB_DEVICE 1.0.0
2025-11-14 00:15:39,216 [INFO] ThirdParty:1030 - CMSIS Pack Vendor :STMicroelectronics X-CUBE-AZRTOS-H7RS 1.0.0
2025-11-14 00:15:39,216 [INFO] ThirdParty:1030 - CMSIS Pack Vendor :STMicroelectronics X-CUBE-AZRTOS-L4 2.0.0
2025-11-14 00:15:39,216 [INFO] ThirdParty:1030 - CMSIS Pack Vendor :STMicroelectronics ThreadX 0.0.2
2025-11-14 00:15:39,216 [INFO] ThirdParty:1030 - CMSIS Pack Vendor :STMicroelectronics lwIP 2.1.2
2025-11-14 00:15:39,216 [INFO] ThirdParty:1030 - CMSIS Pack Vendor :STMicroelectronics X-CUBE-SFXS2LP1 4.0.0
2025-11-14 00:15:39,216 [INFO] ThirdParty:1030 - CMSIS Pack Vendor :STMicroelectronics X-CUBE-BLE2 3.3.0
2025-11-14 00:15:39,216 [INFO] ThirdParty:1030 - CMSIS Pack Vendor :Avnet-IOTCONNECT X-CUBE-iotc-st67-sdk 1.0.0
2025-11-14 00:15:39,216 [INFO] ThirdParty:1030 - CMSIS Pack Vendor :STMicroelectronics X-CUBE-TOF1 3.4.2
2025-11-14 00:15:39,216 [INFO] ThirdParty:1030 - CMSIS Pack Vendor :STMicroelectronics X-CUBE-TOF1 3.4.3
2025-11-14 00:15:39,216 [INFO] ThirdParty:1030 - CMSIS Pack Vendor :STMicroelectronics PDM2PCM 3.2.0
2025-11-14 00:15:39,216 [INFO] ThirdParty:841 - exiting critical section [change project]
2025-11-14 00:15:39,341 [INFO] PinOutPanel:1589 - setPackage(No Configuration,No Configuration)
2025-11-14 00:15:39,342 [INFO] PinOutPanel:1589 - setPackage(STM32F103C8Tx,LQFP48)
2025-11-14 00:15:40,153 [INFO] UtilMem:75 - Before build in PCC Used Memory: 633045592 Bytes (1073741824)
2025-11-14 00:15:40,562 [INFO] UtilMem:75 - After build in PCC Used Memory: 677614336 Bytes (1073741824)
2025-11-14 00:15:40,597 [INFO] IPUIPlugin:80 - create IPUIPlugin
2025-11-14 00:15:40,598 [INFO] IPUIPlugin:80 - create IPUIPlugin
2025-11-14 00:15:40,598 [INFO] IPUIPlugin:80 - create IPUIPlugin
2025-11-14 00:15:40,598 [INFO] IPUIPlugin:80 - create IPUIPlugin
2025-11-14 00:15:40,598 [INFO] IPUIPlugin:80 - create IPUIPlugin
2025-11-14 00:15:40,598 [INFO] IPUIPlugin:80 - create IPUIPlugin
2025-11-14 00:15:40,598 [INFO] IPUIPlugin:80 - create IPUIPlugin
2025-11-14 00:15:40,599 [INFO] IPUIPlugin:80 - create IPUIPlugin
2025-11-14 00:15:40,599 [INFO] IPUIPlugin:80 - create IPUIPlugin
2025-11-14 00:15:40,599 [INFO] IPUIPlugin:80 - create IPUIPlugin
2025-11-14 00:15:40,599 [INFO] IPUIPlugin:80 - create IPUIPlugin
2025-11-14 00:15:40,599 [INFO] IPUIPlugin:80 - create IPUIPlugin
2025-11-14 00:15:40,599 [INFO] IPUIPlugin:80 - create IPUIPlugin
2025-11-14 00:15:40,599 [INFO] IPUIPlugin:80 - create IPUIPlugin
2025-11-14 00:15:40,600 [INFO] IPUIPlugin:80 - create IPUIPlugin
2025-11-14 00:15:40,600 [INFO] IPUIPlugin:80 - create IPUIPlugin
2025-11-14 00:15:40,600 [INFO] IPUIPlugin:80 - create IPUIPlugin
2025-11-14 00:15:40,600 [INFO] IPUIPlugin:80 - create IPUIPlugin
2025-11-14 00:15:40,600 [INFO] IPUIPlugin:80 - create IPUIPlugin
2025-11-14 00:15:40,600 [INFO] IPUIPlugin:80 - create IPUIPlugin
2025-11-14 00:15:40,600 [INFO] IPUIPlugin:80 - create IPUIPlugin
2025-11-14 00:15:40,601 [INFO] IPUIPlugin:80 - create IPUIPlugin
2025-11-14 00:15:40,601 [INFO] IPUIPlugin:80 - create IPUIPlugin
2025-11-14 00:15:40,601 [INFO] IPUIPlugin:80 - create IPUIPlugin
2025-11-14 00:15:40,601 [INFO] IPUIPlugin:80 - create IPUIPlugin
2025-11-14 00:15:40,601 [INFO] IPUIPlugin:80 - create IPUIPlugin
2025-11-14 00:15:40,601 [INFO] IPUIPlugin:80 - create IPUIPlugin
2025-11-14 00:15:40,673 [INFO] CADModel:165 - CPN selected for project levelSTM32F103C8T6
2025-11-14 00:15:40,674 [INFO] CADModel:114 - Register for checkConnection events
2025-11-14 00:15:40,745 [INFO] OpenFileManager:385 - Restore cursor
2025-11-14 00:15:41,822 [INFO] UtilMem:75 - End SaveConfig() Used Memory: 733313744 Bytes (1073741824)
2025-11-14 00:15:41,938 [INFO] UtilMem:75 - End SaveConfig() Used Memory: 746298288 Bytes (1073741824)
2025-11-14 00:15:42,404 [INFO] BlockDiagram:2775 - set Specific Code input for plugin: NVIC
2025-11-14 00:15:42,405 [INFO] BlockDiagram:2775 - set Specific Code input for plugin: RCC
2025-11-14 00:15:42,406 [INFO] CodeGenerator:882 - code generatio: config db path: C:\ST\STM32CubeIDE_1.18.0\STM32CubeIDE\plugins\com.st.stm32cube.common.mx_6.14.0.202502271554\\db\
2025-11-14 00:15:42,617 [INFO] CodeEngine:263 - oldGeneratedFile, C:\Users\Jagakishan\STM32CubeIDE\workspace_1.18.0\Bluepill_6\MXTmpFiles\license.tmp_save
2025-11-14 00:15:43,056 [INFO] CodeEngine:287 - Generated code: C:\Users\Jagakishan\STM32CubeIDE\workspace_1.18.0\Bluepill_6\MXTmpFiles\license.tmp
2025-11-14 00:15:43,088 [INFO] CodeEngine:263 - oldGeneratedFile, C:\Users\Jagakishan\STM32CubeIDE\workspace_1.18.0\Bluepill_6\Core\Src\stm32f1xx_it.c_save
2025-11-14 00:15:43,609 [INFO] CodeEngine:287 - Generated code: C:\Users\Jagakishan\STM32CubeIDE\workspace_1.18.0\Bluepill_6\Core\Src\stm32f1xx_it.c
2025-11-14 00:15:43,630 [INFO] CodeEngine:263 - oldGeneratedFile, C:\Users\Jagakishan\STM32CubeIDE\workspace_1.18.0\Bluepill_6\Core\Inc\stm32f1xx_it.h_save
2025-11-14 00:15:43,823 [INFO] CodeEngine:287 - Generated code: C:\Users\Jagakishan\STM32CubeIDE\workspace_1.18.0\Bluepill_6\Core\Inc\stm32f1xx_it.h
2025-11-14 00:15:43,931 [INFO] CodeEngine:263 - oldGeneratedFile, C:\Users\Jagakishan\STM32CubeIDE\workspace_1.18.0\Bluepill_6\Core\Src\stm32f1xx_hal_msp.c_save
2025-11-14 00:15:44,255 [INFO] CodeEngine:287 - Generated code: C:\Users\Jagakishan\STM32CubeIDE\workspace_1.18.0\Bluepill_6\Core\Src\stm32f1xx_hal_msp.c
2025-11-14 00:15:44,275 [INFO] CodeEngine:263 - oldGeneratedFile, C:\Users\Jagakishan\STM32CubeIDE\workspace_1.18.0\Bluepill_6\MXTmpFiles\system.tmp_save
2025-11-14 00:15:44,432 [INFO] CodeEngine:287 - Generated code: C:\Users\Jagakishan\STM32CubeIDE\workspace_1.18.0\Bluepill_6\MXTmpFiles\system.tmp
2025-11-14 00:15:44,463 [INFO] CodeEngine:319 - oldGeneratedFile, C:\Users\Jagakishan\STM32CubeIDE\workspace_1.18.0\Bluepill_6\Core\Inc\stm32f1xx_hal_conf.h_save
2025-11-14 00:15:44,652 [INFO] CodeEngine:343 - Generated code: C:\Users\Jagakishan\STM32CubeIDE\workspace_1.18.0\Bluepill_6\Core\Inc\stm32f1xx_hal_conf.h
2025-11-14 00:15:44,706 [INFO] ApiDbMcu:508 - Load IP Config File for RCC
2025-11-14 00:15:44,736 [INFO] CodeEngine:263 - oldGeneratedFile, C:\Users\Jagakishan\STM32CubeIDE\workspace_1.18.0\Bluepill_6\Core\Inc\main.h_save
2025-11-14 00:15:44,943 [INFO] CodeEngine:287 - Generated code: C:\Users\Jagakishan\STM32CubeIDE\workspace_1.18.0\Bluepill_6\Core\Inc\main.h
2025-11-14 00:15:44,963 [INFO] CodeEngine:263 - oldGeneratedFile, C:\Users\Jagakishan\STM32CubeIDE\workspace_1.18.0\Bluepill_6\Core\Src\main.c_save
2025-11-14 00:15:45,172 [INFO] CodeEngine:287 - Generated code: C:\Users\Jagakishan\STM32CubeIDE\workspace_1.18.0\Bluepill_6\Core\Src\main.c
2025-11-14 00:15:45,540 [INFO] ProjectBuilder:3324 - Time for Copy HAL[1] : 226mS.
2025-11-14 00:15:45,545 [INFO] ProjectBuilder:4912 - Project Generator version: 4.6.0-B36
2025-11-14 00:15:45,647 [INFO] ConfigFileManager:1590 - The Die is : DIE410
2025-11-14 00:15:45,666 [INFO] ApiDbMcu:508 - Load IP Config File for FATFS
2025-11-14 00:15:45,687 [INFO] ApiDbMcu:508 - Load IP Config File for FREERTOS
2025-11-14 00:15:45,711 [INFO] ApiDbMcu:508 - Load IP Config File for USB_DEVICE
2025-11-14 00:15:47,794 [INFO] ProjectBuilder:5191 - Time for Generating toolchain IDE Files: 2249mS.
2025-11-14 00:15:47,797 [INFO] ProjectBuilder:3181 - Time for Copy CMSIS : 1mS.
2025-11-14 00:15:47,799 [INFO] ProjectBuilder:3181 - Time for Copy CMSIS : 0mS.
2025-11-14 00:15:48,575 [INFO] McuFinderGlobals:76 - Set McuFinderConnectedMode to true
2025-11-14 00:15:48,578 [INFO] ApiDb:448 - Save user favorites file C:\Users\Jagakishan/.stm32cubeide/favorites.mcus.txt: 0 item(s)
2025-11-14 00:15:48,578 [INFO] ApiDb:452 - User favorites MCUs=[]
2025-11-14 00:17:18,305 [WARN] IP:2250 - I2C_Coeff_DF not found: check if there is a RefParameter without a condition.
2025-11-14 00:17:18,305 [WARN] IP:2250 - Analog_Filter not found: check if there is a RefParameter without a condition.
2025-11-14 00:17:18,332 [WARN] IP:2250 - I2C_Coeff_DF not found: check if there is a RefParameter without a condition.
2025-11-14 00:17:18,332 [WARN] IP:2250 - Analog_Filter not found: check if there is a RefParameter without a condition.
2025-11-14 00:17:18,332 [WARN] IP:2250 - I2C_Coeff_DF not found: check if there is a RefParameter without a condition.
2025-11-14 00:17:18,333 [WARN] IP:2250 - Analog_Filter not found: check if there is a RefParameter without a condition.
2025-11-14 00:17:18,666 [WARN] IP:2250 - I2C_Coeff_DF not found: check if there is a RefParameter without a condition.
2025-11-14 00:17:18,667 [WARN] IP:2250 - Analog_Filter not found: check if there is a RefParameter without a condition.
2025-11-14 00:17:18,671 [WARN] IP:2250 - I2C_Coeff_DF not found: check if there is a RefParameter without a condition.
2025-11-14 00:17:18,671 [WARN] IP:2250 - Analog_Filter not found: check if there is a RefParameter without a condition.
2025-11-14 00:17:34,156 [WARN] IP:2250 - I2C_Coeff_DF not found: check if there is a RefParameter without a condition.
2025-11-14 00:17:34,156 [WARN] IP:2250 - Analog_Filter not found: check if there is a RefParameter without a condition.
2025-11-14 00:17:34,179 [WARN] IP:2250 - I2C_Coeff_DF not found: check if there is a RefParameter without a condition.
2025-11-14 00:17:34,179 [WARN] IP:2250 - Analog_Filter not found: check if there is a RefParameter without a condition.
2025-11-14 00:17:34,180 [WARN] IP:2250 - I2C_Coeff_DF not found: check if there is a RefParameter without a condition.
2025-11-14 00:17:34,180 [WARN] IP:2250 - Analog_Filter not found: check if there is a RefParameter without a condition.
2025-11-14 00:17:34,472 [WARN] IP:2250 - I2C_Coeff_DF not found: check if there is a RefParameter without a condition.
2025-11-14 00:17:34,472 [WARN] IP:2250 - Analog_Filter not found: check if there is a RefParameter without a condition.
2025-11-14 00:17:34,477 [WARN] IP:2250 - I2C_Coeff_DF not found: check if there is a RefParameter without a condition.
2025-11-14 00:17:34,477 [WARN] IP:2250 - Analog_Filter not found: check if there is a RefParameter without a condition.
2025-11-14 00:17:40,419 [INFO] Gpio:277 - dependency for GPIO [I2C1, I2C2, RCC, SYS]
2025-11-14 00:19:23,544 [INFO] UtilMem:75 - End SaveConfig() Used Memory: 993876008 Bytes (1073741824)
2025-11-14 00:19:25,090 [INFO] UtilMem:75 - End SaveConfig() Used Memory: 676901344 Bytes (1073741824)
2025-11-14 00:19:25,968 [INFO] BlockDiagram:2775 - set Specific Code input for plugin: NVIC
2025-11-14 00:19:25,969 [INFO] BlockDiagram:2775 - set Specific Code input for plugin: SYS
2025-11-14 00:19:25,969 [INFO] BlockDiagram:2775 - set Specific Code input for plugin: GPIO
2025-11-14 00:19:25,969 [INFO] BlockDiagram:2775 - set Specific Code input for plugin: RCC
2025-11-14 00:19:25,969 [INFO] BlockDiagram:2775 - set Specific Code input for plugin: I2C
2025-11-14 00:19:25,969 [INFO] BlockDiagram:2775 - set Specific Code input for plugin: I2C
2025-11-14 00:19:25,972 [INFO] CodeGenerator:882 - code generatio: config db path: C:\ST\STM32CubeIDE_1.18.0\STM32CubeIDE\plugins\com.st.stm32cube.common.mx_6.14.0.202502271554\\db\
2025-11-14 00:19:25,973 [WARN] IP:2250 - I2C_Coeff_DF not found: check if there is a RefParameter without a condition.
2025-11-14 00:19:25,973 [WARN] IP:2250 - Analog_Filter not found: check if there is a RefParameter without a condition.
2025-11-14 00:19:25,974 [WARN] IP:2250 - I2C_Coeff_DF not found: check if there is a RefParameter without a condition.
2025-11-14 00:19:25,974 [WARN] IP:2250 - Analog_Filter not found: check if there is a RefParameter without a condition.
2025-11-14 00:19:26,465 [INFO] CodeEngine:263 - oldGeneratedFile, C:\Users\Jagakishan\STM32CubeIDE\workspace_1.18.0\Bluepill_6\MXTmpFiles\license.tmp_save
2025-11-14 00:19:26,864 [INFO] CodeEngine:287 - Generated code: C:\Users\Jagakishan\STM32CubeIDE\workspace_1.18.0\Bluepill_6\MXTmpFiles\license.tmp
2025-11-14 00:19:26,955 [INFO] CodeEngine:263 - oldGeneratedFile, C:\Users\Jagakishan\STM32CubeIDE\workspace_1.18.0\Bluepill_6\MXTmpFiles\gpio.tmp_save
2025-11-14 00:19:27,234 [INFO] CodeEngine:287 - Generated code: C:\Users\Jagakishan\STM32CubeIDE\workspace_1.18.0\Bluepill_6\MXTmpFiles\gpio.tmp
2025-11-14 00:19:27,373 [INFO] CodeEngine:263 - oldGeneratedFile, C:\Users\Jagakishan\STM32CubeIDE\workspace_1.18.0\Bluepill_6\Core\Src\stm32f1xx_it.c_save
2025-11-14 00:19:27,767 [INFO] CodeEngine:287 - Generated code: C:\Users\Jagakishan\STM32CubeIDE\workspace_1.18.0\Bluepill_6\Core\Src\stm32f1xx_it.c
2025-11-14 00:19:27,777 [INFO] CodeEngine:263 - oldGeneratedFile, C:\Users\Jagakishan\STM32CubeIDE\workspace_1.18.0\Bluepill_6\Core\Inc\stm32f1xx_it.h_save
2025-11-14 00:19:27,922 [INFO] CodeEngine:287 - Generated code: C:\Users\Jagakishan\STM32CubeIDE\workspace_1.18.0\Bluepill_6\Core\Inc\stm32f1xx_it.h
2025-11-14 00:19:27,967 [INFO] CodeEngine:263 - oldGeneratedFile, C:\Users\Jagakishan\STM32CubeIDE\workspace_1.18.0\Bluepill_6\Core\Src\stm32f1xx_hal_msp.c_save
2025-11-14 00:19:28,293 [INFO] CodeEngine:287 - Generated code: C:\Users\Jagakishan\STM32CubeIDE\workspace_1.18.0\Bluepill_6\Core\Src\stm32f1xx_hal_msp.c
2025-11-14 00:19:28,305 [INFO] CodeEngine:263 - oldGeneratedFile, C:\Users\Jagakishan\STM32CubeIDE\workspace_1.18.0\Bluepill_6\MXTmpFiles\system.tmp_save
2025-11-14 00:19:28,467 [INFO] CodeEngine:287 - Generated code: C:\Users\Jagakishan\STM32CubeIDE\workspace_1.18.0\Bluepill_6\MXTmpFiles\system.tmp
2025-11-14 00:19:28,499 [INFO] CodeEngine:319 - oldGeneratedFile, C:\Users\Jagakishan\STM32CubeIDE\workspace_1.18.0\Bluepill_6\Core\Inc\stm32f1xx_hal_conf.h_save
2025-11-14 00:19:28,687 [INFO] CodeEngine:343 - Generated code: C:\Users\Jagakishan\STM32CubeIDE\workspace_1.18.0\Bluepill_6\Core\Inc\stm32f1xx_hal_conf.h
2025-11-14 00:19:28,746 [INFO] ApiDbMcu:508 - Load IP Config File for I2C1
2025-11-14 00:19:28,757 [INFO] ApiDbMcu:508 - Load IP Config File for I2C2
2025-11-14 00:19:28,783 [INFO] CodeEngine:263 - oldGeneratedFile, C:\Users\Jagakishan\STM32CubeIDE\workspace_1.18.0\Bluepill_6\Core\Inc\main.h_save
2025-11-14 00:19:28,973 [INFO] CodeEngine:287 - Generated code: C:\Users\Jagakishan\STM32CubeIDE\workspace_1.18.0\Bluepill_6\Core\Inc\main.h
2025-11-14 00:19:28,998 [INFO] CodeEngine:263 - oldGeneratedFile, C:\Users\Jagakishan\STM32CubeIDE\workspace_1.18.0\Bluepill_6\Core\Src\main.c_save
2025-11-14 00:19:29,233 [INFO] CodeEngine:287 - Generated code: C:\Users\Jagakishan\STM32CubeIDE\workspace_1.18.0\Bluepill_6\Core\Src\main.c
2025-11-14 00:19:30,206 [INFO] ProjectBuilder:3324 - Time for Copy HAL[1] : 252mS.
2025-11-14 00:19:30,212 [INFO] ProjectBuilder:4912 - Project Generator version: 4.6.0-B36
2025-11-14 00:19:30,293 [INFO] ConfigFileManager:1590 - The Die is : DIE410
2025-11-14 00:19:31,563 [INFO] ProjectBuilder:5191 - Time for Generating toolchain IDE Files: 1350mS.
2025-11-14 00:19:31,564 [INFO] ProjectBuilder:3181 - Time for Copy CMSIS : 1mS.
2025-11-14 00:19:31,568 [INFO] ProjectBuilder:3181 - Time for Copy CMSIS : 0mS.
2025-11-14 00:35:31,903 [WARN] IP:2250 - I2C_Coeff_DF not found: check if there is a RefParameter without a condition.
2025-11-14 00:35:31,904 [WARN] IP:2250 - Analog_Filter not found: check if there is a RefParameter without a condition.
2025-11-14 00:35:31,904 [WARN] IP:2250 - I2C_Coeff_DF not found: check if there is a RefParameter without a condition.
2025-11-14 00:35:31,905 [WARN] IP:2250 - Analog_Filter not found: check if there is a RefParameter without a condition.
2025-11-14 00:35:31,915 [WARN] IP:2250 - I2C_Coeff_DF not found: check if there is a RefParameter without a condition.
2025-11-14 00:35:31,916 [WARN] IP:2250 - Analog_Filter not found: check if there is a RefParameter without a condition.
2025-11-14 00:35:31,917 [WARN] IP:2250 - I2C_Coeff_DF not found: check if there is a RefParameter without a condition.
2025-11-14 00:35:31,917 [WARN] IP:2250 - Analog_Filter not found: check if there is a RefParameter without a condition.
2025-11-14 00:35:31,969 [WARN] IP:2250 - I2C_Coeff_DF not found: check if there is a RefParameter without a condition.
2025-11-14 00:35:31,970 [WARN] IP:2250 - Analog_Filter not found: check if there is a RefParameter without a condition.
2025-11-14 00:35:31,974 [WARN] IP:2250 - I2C_Coeff_DF not found: check if there is a RefParameter without a condition.
2025-11-14 00:35:31,974 [WARN] IP:2250 - Analog_Filter not found: check if there is a RefParameter without a condition.
2025-11-14 00:35:32,008 [WARN] IP:2250 - I2C_Coeff_DF not found: check if there is a RefParameter without a condition.
2025-11-14 00:35:32,008 [WARN] IP:2250 - Analog_Filter not found: check if there is a RefParameter without a condition.
2025-11-14 00:35:32,013 [WARN] IP:2250 - I2C_Coeff_DF not found: check if there is a RefParameter without a condition.
2025-11-14 00:35:32,013 [WARN] IP:2250 - Analog_Filter not found: check if there is a RefParameter without a condition.
2025-11-14 00:35:32,097 [INFO] Gpio:277 - dependency for GPIO [I2C1, I2C2, RCC, SYS]
2025-11-14 00:35:42,549 [INFO] UtilMem:75 - End SaveConfig() Used Memory: 987995264 Bytes (1073741824)
2025-11-14 00:35:43,819 [INFO] UtilMem:75 - End SaveConfig() Used Memory: 726353088 Bytes (1073741824)
2025-11-14 00:35:44,394 [INFO] BlockDiagram:2775 - set Specific Code input for plugin: NVIC
2025-11-14 00:35:44,394 [INFO] BlockDiagram:2775 - set Specific Code input for plugin: SYS
2025-11-14 00:35:44,394 [INFO] BlockDiagram:2775 - set Specific Code input for plugin: GPIO
2025-11-14 00:35:44,394 [INFO] BlockDiagram:2775 - set Specific Code input for plugin: RCC
2025-11-14 00:35:44,394 [INFO] BlockDiagram:2775 - set Specific Code input for plugin: I2C
2025-11-14 00:35:44,395 [INFO] BlockDiagram:2775 - set Specific Code input for plugin: I2C
2025-11-14 00:35:44,396 [INFO] CodeGenerator:882 - code generatio: config db path: C:\ST\STM32CubeIDE_1.18.0\STM32CubeIDE\plugins\com.st.stm32cube.common.mx_6.14.0.202502271554\\db\
2025-11-14 00:35:44,397 [WARN] IP:2250 - I2C_Coeff_DF not found: check if there is a RefParameter without a condition.
2025-11-14 00:35:44,397 [WARN] IP:2250 - Analog_Filter not found: check if there is a RefParameter without a condition.
2025-11-14 00:35:44,398 [WARN] IP:2250 - I2C_Coeff_DF not found: check if there is a RefParameter without a condition.
2025-11-14 00:35:44,398 [WARN] IP:2250 - Analog_Filter not found: check if there is a RefParameter without a condition.
2025-11-14 00:35:44,624 [INFO] CodeEngine:263 - oldGeneratedFile, C:\Users\Jagakishan\STM32CubeIDE\workspace_1.18.0\Bluepill_6\MXTmpFiles\license.tmp_save
2025-11-14 00:35:45,044 [INFO] CodeEngine:287 - Generated code: C:\Users\Jagakishan\STM32CubeIDE\workspace_1.18.0\Bluepill_6\MXTmpFiles\license.tmp
2025-11-14 00:35:45,080 [INFO] CodeEngine:263 - oldGeneratedFile, C:\Users\Jagakishan\STM32CubeIDE\workspace_1.18.0\Bluepill_6\MXTmpFiles\gpio.tmp_save
2025-11-14 00:35:45,409 [INFO] CodeEngine:287 - Generated code: C:\Users\Jagakishan\STM32CubeIDE\workspace_1.18.0\Bluepill_6\MXTmpFiles\gpio.tmp
2025-11-14 00:35:45,519 [INFO] CodeEngine:263 - oldGeneratedFile, C:\Users\Jagakishan\STM32CubeIDE\workspace_1.18.0\Bluepill_6\Core\Src\stm32f1xx_it.c_save
2025-11-14 00:35:45,948 [INFO] CodeEngine:287 - Generated code: C:\Users\Jagakishan\STM32CubeIDE\workspace_1.18.0\Bluepill_6\Core\Src\stm32f1xx_it.c
2025-11-14 00:35:45,961 [INFO] CodeEngine:263 - oldGeneratedFile, C:\Users\Jagakishan\STM32CubeIDE\workspace_1.18.0\Bluepill_6\Core\Inc\stm32f1xx_it.h_save
2025-11-14 00:35:46,119 [INFO] CodeEngine:287 - Generated code: C:\Users\Jagakishan\STM32CubeIDE\workspace_1.18.0\Bluepill_6\Core\Inc\stm32f1xx_it.h
2025-11-14 00:35:46,158 [INFO] CodeEngine:263 - oldGeneratedFile, C:\Users\Jagakishan\STM32CubeIDE\workspace_1.18.0\Bluepill_6\Core\Src\stm32f1xx_hal_msp.c_save
2025-11-14 00:35:46,406 [INFO] CodeEngine:287 - Generated code: C:\Users\Jagakishan\STM32CubeIDE\workspace_1.18.0\Bluepill_6\Core\Src\stm32f1xx_hal_msp.c
2025-11-14 00:35:46,413 [INFO] CodeEngine:263 - oldGeneratedFile, C:\Users\Jagakishan\STM32CubeIDE\workspace_1.18.0\Bluepill_6\MXTmpFiles\system.tmp_save
2025-11-14 00:35:46,560 [INFO] CodeEngine:287 - Generated code: C:\Users\Jagakishan\STM32CubeIDE\workspace_1.18.0\Bluepill_6\MXTmpFiles\system.tmp
2025-11-14 00:35:46,591 [INFO] CodeEngine:319 - oldGeneratedFile, C:\Users\Jagakishan\STM32CubeIDE\workspace_1.18.0\Bluepill_6\Core\Inc\stm32f1xx_hal_conf.h_save
2025-11-14 00:35:46,757 [INFO] CodeEngine:343 - Generated code: C:\Users\Jagakishan\STM32CubeIDE\workspace_1.18.0\Bluepill_6\Core\Inc\stm32f1xx_hal_conf.h
2025-11-14 00:35:46,830 [INFO] CodeEngine:263 - oldGeneratedFile, C:\Users\Jagakishan\STM32CubeIDE\workspace_1.18.0\Bluepill_6\Core\Inc\main.h_save
2025-11-14 00:35:47,049 [INFO] CodeEngine:287 - Generated code: C:\Users\Jagakishan\STM32CubeIDE\workspace_1.18.0\Bluepill_6\Core\Inc\main.h
2025-11-14 00:35:47,079 [INFO] CodeEngine:263 - oldGeneratedFile, C:\Users\Jagakishan\STM32CubeIDE\workspace_1.18.0\Bluepill_6\Core\Src\main.c_save
2025-11-14 00:35:47,312 [INFO] CodeEngine:287 - Generated code: C:\Users\Jagakishan\STM32CubeIDE\workspace_1.18.0\Bluepill_6\Core\Src\main.c
2025-11-14 00:35:47,707 [INFO] ProjectBuilder:3324 - Time for Copy HAL[1] : 246mS.
2025-11-14 00:35:47,711 [INFO] ProjectBuilder:4912 - Project Generator version: 4.6.0-B36
2025-11-14 00:35:47,799 [INFO] ConfigFileManager:1590 - The Die is : DIE410
2025-11-14 00:35:49,000 [INFO] ProjectBuilder:5191 - Time for Generating toolchain IDE Files: 1289mS.
2025-11-14 00:35:49,002 [INFO] ProjectBuilder:3181 - Time for Copy CMSIS : 1mS.
2025-11-14 00:35:49,007 [INFO] ProjectBuilder:3181 - Time for Copy CMSIS : 1mS.
2025-11-14 00:36:35,243 [INFO] UtilMem:75 - End SaveConfig() Used Memory: 696477392 Bytes (1073741824)
2025-11-14 00:36:35,945 [INFO] UtilMem:75 - End SaveConfig() Used Memory: 764223056 Bytes (1073741824)
2025-11-14 00:36:36,161 [INFO] BlockDiagram:2775 - set Specific Code input for plugin: NVIC
2025-11-14 00:36:36,161 [INFO] BlockDiagram:2775 - set Specific Code input for plugin: SYS
2025-11-14 00:36:36,161 [INFO] BlockDiagram:2775 - set Specific Code input for plugin: GPIO
2025-11-14 00:36:36,162 [INFO] BlockDiagram:2775 - set Specific Code input for plugin: RCC
2025-11-14 00:36:36,162 [INFO] BlockDiagram:2775 - set Specific Code input for plugin: I2C
2025-11-14 00:36:36,162 [INFO] BlockDiagram:2775 - set Specific Code input for plugin: I2C
2025-11-14 00:36:36,164 [INFO] CodeGenerator:882 - code generatio: config db path: C:\ST\STM32CubeIDE_1.18.0\STM32CubeIDE\plugins\com.st.stm32cube.common.mx_6.14.0.202502271554\\db\
2025-11-14 00:36:36,166 [WARN] IP:2250 - I2C_Coeff_DF not found: check if there is a RefParameter without a condition.
2025-11-14 00:36:36,167 [WARN] IP:2250 - Analog_Filter not found: check if there is a RefParameter without a condition.
2025-11-14 00:36:36,169 [WARN] IP:2250 - I2C_Coeff_DF not found: check if there is a RefParameter without a condition.
2025-11-14 00:36:36,169 [WARN] IP:2250 - Analog_Filter not found: check if there is a RefParameter without a condition.
2025-11-14 00:36:36,253 [INFO] CodeEngine:263 - oldGeneratedFile, C:\Users\Jagakishan\STM32CubeIDE\workspace_1.18.0\Bluepill_6\MXTmpFiles\license.tmp_save
2025-11-14 00:36:36,354 [INFO] CodeEngine:287 - Generated code: C:\Users\Jagakishan\STM32CubeIDE\workspace_1.18.0\Bluepill_6\MXTmpFiles\license.tmp
2025-11-14 00:36:36,413 [INFO] CodeEngine:263 - oldGeneratedFile, C:\Users\Jagakishan\STM32CubeIDE\workspace_1.18.0\Bluepill_6\MXTmpFiles\gpio.tmp_save
2025-11-14 00:36:36,521 [INFO] CodeEngine:287 - Generated code: C:\Users\Jagakishan\STM32CubeIDE\workspace_1.18.0\Bluepill_6\MXTmpFiles\gpio.tmp
2025-11-14 00:36:36,592 [INFO] CodeEngine:263 - oldGeneratedFile, C:\Users\Jagakishan\STM32CubeIDE\workspace_1.18.0\Bluepill_6\Core\Src\stm32f1xx_it.c_save
2025-11-14 00:36:36,660 [INFO] CodeEngine:287 - Generated code: C:\Users\Jagakishan\STM32CubeIDE\workspace_1.18.0\Bluepill_6\Core\Src\stm32f1xx_it.c
2025-11-14 00:36:36,670 [INFO] CodeEngine:263 - oldGeneratedFile, C:\Users\Jagakishan\STM32CubeIDE\workspace_1.18.0\Bluepill_6\Core\Inc\stm32f1xx_it.h_save
2025-11-14 00:36:36,736 [INFO] CodeEngine:287 - Generated code: C:\Users\Jagakishan\STM32CubeIDE\workspace_1.18.0\Bluepill_6\Core\Inc\stm32f1xx_it.h
2025-11-14 00:36:36,768 [INFO] CodeEngine:263 - oldGeneratedFile, C:\Users\Jagakishan\STM32CubeIDE\workspace_1.18.0\Bluepill_6\Core\Src\stm32f1xx_hal_msp.c_save
2025-11-14 00:36:36,860 [INFO] CodeEngine:287 - Generated code: C:\Users\Jagakishan\STM32CubeIDE\workspace_1.18.0\Bluepill_6\Core\Src\stm32f1xx_hal_msp.c
2025-11-14 00:36:36,869 [INFO] CodeEngine:263 - oldGeneratedFile, C:\Users\Jagakishan\STM32CubeIDE\workspace_1.18.0\Bluepill_6\MXTmpFiles\system.tmp_save
2025-11-14 00:36:36,931 [INFO] CodeEngine:287 - Generated code: C:\Users\Jagakishan\STM32CubeIDE\workspace_1.18.0\Bluepill_6\MXTmpFiles\system.tmp
2025-11-14 00:36:36,960 [INFO] CodeEngine:319 - oldGeneratedFile, C:\Users\Jagakishan\STM32CubeIDE\workspace_1.18.0\Bluepill_6\Core\Inc\stm32f1xx_hal_conf.h_save
2025-11-14 00:36:37,065 [INFO] CodeEngine:343 - Generated code: C:\Users\Jagakishan\STM32CubeIDE\workspace_1.18.0\Bluepill_6\Core\Inc\stm32f1xx_hal_conf.h
2025-11-14 00:36:37,128 [INFO] CodeEngine:263 - oldGeneratedFile, C:\Users\Jagakishan\STM32CubeIDE\workspace_1.18.0\Bluepill_6\Core\Inc\main.h_save
2025-11-14 00:36:37,187 [INFO] CodeEngine:287 - Generated code: C:\Users\Jagakishan\STM32CubeIDE\workspace_1.18.0\Bluepill_6\Core\Inc\main.h
2025-11-14 00:36:37,211 [INFO] CodeEngine:263 - oldGeneratedFile, C:\Users\Jagakishan\STM32CubeIDE\workspace_1.18.0\Bluepill_6\Core\Src\main.c_save
2025-11-14 00:36:37,395 [INFO] CodeEngine:287 - Generated code: C:\Users\Jagakishan\STM32CubeIDE\workspace_1.18.0\Bluepill_6\Core\Src\main.c
2025-11-14 00:36:37,761 [INFO] ProjectBuilder:3324 - Time for Copy HAL[1] : 220mS.
2025-11-14 00:36:37,765 [INFO] ProjectBuilder:4912 - Project Generator version: 4.6.0-B36
2025-11-14 00:36:37,832 [INFO] ConfigFileManager:1590 - The Die is : DIE410
2025-11-14 00:36:38,683 [INFO] ProjectBuilder:5191 - Time for Generating toolchain IDE Files: 918mS.
2025-11-14 00:36:38,684 [INFO] ProjectBuilder:3181 - Time for Copy CMSIS : 1mS.
2025-11-14 00:36:38,687 [INFO] ProjectBuilder:3181 - Time for Copy CMSIS : 0mS.
