2026-01-02 13:58:37,282 [INFO] Activator:176 - 


2026-01-02 13:58:37,289 [INFO] Activator:177 - !SESSION log4j initialized
2026-01-02 13:58:48,886 [INFO] LogOutputStream:77 - [STDOUT_REDIRECT] 
2026-01-02 13:59:05,860 [INFO] ApplicationProperties:184 - Using Application install path: C:\ST\STM32CubeIDE_1.18.0\STM32CubeIDE\plugins\com.st.stm32cube.common.mx_6.14.0.202502271554
2026-01-02 13:59:05,885 [INFO] DbMcusXml:78 - Set database path to: C:\ST\STM32CubeIDE_1.18.0\STM32CubeIDE\plugins\com.st.stm32cube.common.mx_6.14.0.202502271554\\db\/mcu/
2026-01-02 13:59:05,886 [INFO] ApiDb:274 - Set plugin database path to: C:\ST\STM32CubeIDE_1.18.0\STM32CubeIDE\plugins\com.st.stm32cube.common.mx_6.14.0.202502271554\\db\/plugins/boardmanager/
2026-01-02 13:59:05,887 [WARN] ApiDb:259 - Overriding images path with different value:  => C:\ST\STM32CubeIDE_1.18.0\STM32CubeIDE\plugins\com.st.stm32cube.common.mx_6.14.0.202502271554\\db\/plugins/mcufinder/images/
2026-01-02 13:59:05,899 [INFO] ApiDb:250 - Set database path to: C:\Users\Jagakishan\.stmcufinder\plugins\mcufinder//mcu/
2026-01-02 13:59:05,901 [INFO] DbMcusAds:125 - Set database path to: C:\Users\Jagakishan\.stmcufinder\plugins\mcufinder//mcu/
2026-01-02 13:59:05,986 [INFO] CrossReferenceDbSqlite:203 - Set database path to: C:\Users\Jagakishan\.stmcufinder\plugins\mcufinder//mcu/cs/
2026-01-02 13:59:06,173 [INFO] RulesReader:64 - Compatibility file has been processed (301 Rules)
2026-01-02 13:59:06,295 [INFO] DbMcusXml:78 - Set database path to: C:\ST\STM32CubeIDE_1.18.0\STM32CubeIDE\plugins\com.st.stm32cube.common.mx_6.14.0.202502271554\\db\/mcu/
2026-01-02 13:59:06,295 [INFO] ApiDb:274 - Set plugin database path to: C:\ST\STM32CubeIDE_1.18.0\STM32CubeIDE\plugins\com.st.stm32cube.common.mx_6.14.0.202502271554\\db\/plugins/boardmanager/
2026-01-02 13:59:06,295 [INFO] ApiDb:261 - Set plugin images path to: C:\ST\STM32CubeIDE_1.18.0\STM32CubeIDE\plugins\com.st.stm32cube.common.mx_6.14.0.202502271554\\db\/plugins/mcufinder/images/
2026-01-02 13:59:06,295 [WARN] DbFile:41 - Overriding database path with different value: C:\Users\Jagakishan\.stmcufinder\plugins\mcufinder/ => C:\Users\Jagakishan\.stmcufinder\plugins\mcufinder
2026-01-02 13:59:06,296 [INFO] ApiDb:250 - Set database path to: C:\Users\Jagakishan\.stmcufinder\plugins\mcufinder//mcu/
2026-01-02 13:59:06,296 [WARN] DbFile:41 - Overriding database path with different value: C:\Users\Jagakishan\.stmcufinder\plugins\mcufinder/ => C:\Users\Jagakishan\.stmcufinder\plugins\mcufinder
2026-01-02 13:59:06,296 [INFO] DbMcusAds:125 - Set database path to: C:\Users\Jagakishan\.stmcufinder\plugins\mcufinder//mcu/
2026-01-02 13:59:06,296 [WARN] DbFile:41 - Overriding database path with different value: C:\Users\Jagakishan\.stmcufinder\plugins\mcufinder/ => C:\Users\Jagakishan\.stmcufinder\plugins\mcufinder
2026-01-02 13:59:06,296 [WARN] DbFile:41 - Overriding database path with different value: C:\Users\Jagakishan\.stmcufinder\plugins\mcufinder/ => C:\Users\Jagakishan\.stmcufinder\plugins\mcufinder
2026-01-02 13:59:06,296 [INFO] CrossReferenceDbSqlite:203 - Set database path to: C:\Users\Jagakishan\.stmcufinder\plugins\mcufinder//mcu/cs/
2026-01-02 13:59:06,416 [INFO] MainPanel:272 - HeapMemory: 268435456
2026-01-02 13:59:06,587 [INFO] DbMcusXml:78 - Set database path to: C:\ST\STM32CubeIDE_1.18.0\STM32CubeIDE\plugins\com.st.stm32cube.common.mx_6.14.0.202502271554\\db\/mcu/
2026-01-02 13:59:06,587 [INFO] ApiDb:274 - Set plugin database path to: C:\ST\STM32CubeIDE_1.18.0\STM32CubeIDE\plugins\com.st.stm32cube.common.mx_6.14.0.202502271554\\db\/plugins/boardmanager/
2026-01-02 13:59:06,587 [INFO] ApiDb:261 - Set plugin images path to: C:\ST\STM32CubeIDE_1.18.0\STM32CubeIDE\plugins\com.st.stm32cube.common.mx_6.14.0.202502271554\\db\/plugins/mcufinder/images/
2026-01-02 13:59:06,587 [WARN] DbFile:41 - Overriding database path with different value: C:\Users\Jagakishan\.stmcufinder\plugins\mcufinder/ => C:\Users\Jagakishan\.stmcufinder\plugins\mcufinder
2026-01-02 13:59:06,587 [INFO] ApiDb:250 - Set database path to: C:\Users\Jagakishan\.stmcufinder\plugins\mcufinder//mcu/
2026-01-02 13:59:06,588 [WARN] DbFile:41 - Overriding database path with different value: C:\Users\Jagakishan\.stmcufinder\plugins\mcufinder/ => C:\Users\Jagakishan\.stmcufinder\plugins\mcufinder
2026-01-02 13:59:06,588 [INFO] DbMcusAds:125 - Set database path to: C:\Users\Jagakishan\.stmcufinder\plugins\mcufinder//mcu/
2026-01-02 13:59:06,588 [WARN] DbFile:41 - Overriding database path with different value: C:\Users\Jagakishan\.stmcufinder\plugins\mcufinder/ => C:\Users\Jagakishan\.stmcufinder\plugins\mcufinder
2026-01-02 13:59:06,588 [WARN] DbFile:41 - Overriding database path with different value: C:\Users\Jagakishan\.stmcufinder\plugins\mcufinder/ => C:\Users\Jagakishan\.stmcufinder\plugins\mcufinder
2026-01-02 13:59:06,588 [INFO] CrossReferenceDbSqlite:203 - Set database path to: C:\Users\Jagakishan\.stmcufinder\plugins\mcufinder//mcu/cs/
2026-01-02 13:59:06,618 [INFO] ApplicationProperties:184 - Using Application install path: C:\ST\STM32CubeIDE_1.18.0\STM32CubeIDE\plugins\com.st.stm32cube.common.mx_6.14.0.202502271554
2026-01-02 13:59:06,621 [INFO] PluginManage:196 - Search for loadable plugins [exclusion list=, ]
2026-01-02 13:59:06,625 [INFO] PluginManage:310 - Check plugin analytics
2026-01-02 13:59:06,984 [INFO] AnalyticsPlugin:253 - Accepted Software Licenses: 
2026-01-02 13:59:06,985 [INFO] AnalyticsPlugin:255 - Accepted CMSIS Pack Licenses: 
2026-01-02 13:59:06,985 [INFO] AnalyticsPlugin:257 - Accepted Firmware Licenses: FW.F4.1.28.0
2026-01-02 13:59:06,990 [INFO] PluginManage:359 - Loaded plugin analytics (category:tool,tabindex:-1)
2026-01-02 13:59:06,990 [INFO] PluginManage:310 - Check plugin cadmodel
2026-01-02 13:59:07,016 [INFO] CADModel:105 - Init CAD model plugin
2026-01-02 13:59:07,017 [INFO] PluginManage:359 - Loaded plugin cadmodel (category:power,tabindex:5)
2026-01-02 13:59:07,017 [INFO] PluginManage:310 - Check plugin clock
2026-01-02 13:59:07,052 [INFO] PluginManage:359 - Loaded plugin clock (category:base,tabindex:2)
2026-01-02 13:59:07,052 [INFO] PluginManage:310 - Check plugin ddr
2026-01-02 13:59:07,056 [INFO] PluginManage:359 - Loaded plugin ddr (category:tool,tabindex:6)
2026-01-02 13:59:07,057 [INFO] PluginManage:310 - Check plugin filemanager
2026-01-02 13:59:07,273 [INFO] PluginManage:359 - Loaded plugin filemanager (category:base,tabindex:10)
2026-01-02 13:59:07,273 [INFO] PluginManage:310 - Check plugin ipmanager
2026-01-02 13:59:07,285 [INFO] PluginManage:359 - Loaded plugin ipmanager (category:base,tabindex:5)
2026-01-02 13:59:07,285 [INFO] PluginManage:310 - Check plugin lpbam
2026-01-02 13:59:07,325 [INFO] PluginManage:359 - Loaded plugin lpbam (category:base,tabindex:0)
2026-01-02 13:59:07,325 [INFO] PluginManage:310 - Check plugin memorymap
2026-01-02 13:59:07,365 [INFO] PluginManage:359 - Loaded plugin memorymap (category:base,tabindex:4)
2026-01-02 13:59:07,366 [INFO] PluginManage:310 - Check plugin pinoutandconfiguration
2026-01-02 13:59:07,403 [INFO] PluginManage:359 - Loaded plugin pinoutandconfiguration (category:base,tabindex:1)
2026-01-02 13:59:07,403 [INFO] PluginManage:310 - Check plugin pinoutconfig
2026-01-02 13:59:07,595 [WARN] SupportedApi:132 - Cannot load RTOS API schema: s4s-elt-must-match.1: The content of 'definitions' must match (annotation?, (simpleType | complexType)?, (unique | key | keyref)*)). A problem was found starting at: attribute.
2026-01-02 13:59:07,820 [INFO] PluginManage:359 - Loaded plugin pinoutconfig (category:base,tabindex:0)
2026-01-02 13:59:07,820 [INFO] PluginManage:310 - Check plugin power
2026-01-02 13:59:07,854 [INFO] PluginManage:359 - Loaded plugin power (category:power,tabindex:4)
2026-01-02 13:59:07,854 [INFO] PluginManage:310 - Check plugin projectmanager
2026-01-02 13:59:07,876 [INFO] PluginManage:359 - Loaded plugin projectmanager (category:projectmanager,tabindex:4)
2026-01-02 13:59:07,876 [INFO] PluginManage:310 - Check plugin rif
2026-01-02 13:59:07,906 [INFO] PluginManage:359 - Loaded plugin rif (category:base,tabindex:3)
2026-01-02 13:59:07,906 [INFO] PluginManage:310 - Check plugin thirdparty
2026-01-02 13:59:08,466 [INFO] PluginManage:359 - Loaded plugin thirdparty (category:base,tabindex:-1)
2026-01-02 13:59:08,466 [WARN] IntegrityCheckThread:84 - waiting for thirdparty lock release [integrity check]
2026-01-02 13:59:08,467 [INFO] PluginManage:310 - Check plugin tools
2026-01-02 13:59:08,467 [INFO] IntegrityCheckThread:86 - entering critical section [integrity check]
2026-01-02 13:59:08,467 [INFO] ThirdPartyUpdaterWithRetryManager:70 - Updater plugin not ready yet. [1/15]
2026-01-02 13:59:08,532 [INFO] PluginManage:359 - Loaded plugin tools (category:base,tabindex:7)
2026-01-02 13:59:08,533 [INFO] PluginManage:310 - Check plugin tutovideos
2026-01-02 13:59:08,837 [INFO] PluginManage:359 - Loaded plugin tutovideos (category:base,tabindex:-1)
2026-01-02 13:59:08,838 [INFO] PluginManage:310 - Check plugin updater
2026-01-02 13:59:08,870 [INFO] PluginManage:359 - Loaded plugin updater (category:base,tabindex:12)
2026-01-02 13:59:08,870 [INFO] PluginManage:310 - Check plugin userauth
2026-01-02 13:59:08,876 [INFO] UserAuth:118 - Init User Auth plugin
2026-01-02 13:59:08,877 [INFO] PluginManage:359 - Loaded plugin userauth (category:base,tabindex:14)
2026-01-02 13:59:08,878 [INFO] PluginManage:283 - PluginManage : Loaded plugins [18]
2026-01-02 13:59:09,214 [INFO] PinOutPanel:1589 - setPackage(No Configuration,No Configuration)
2026-01-02 13:59:09,356 [INFO] CADModel:165 - CPN selected for project level
2026-01-02 13:59:09,356 [INFO] CADModel:114 - Register for checkConnection events
2026-01-02 13:59:09,394 [INFO] IPUIPlugin:80 - create IPUIPlugin
2026-01-02 13:59:09,395 [INFO] PluginManager:220 - loadIPPluginJar : add adc
2026-01-02 13:59:09,457 [INFO] IPUIPlugin:80 - create IPUIPlugin
2026-01-02 13:59:09,457 [INFO] PluginManager:220 - loadIPPluginJar : add aes
2026-01-02 13:59:09,532 [INFO] IPUIPlugin:80 - create IPUIPlugin
2026-01-02 13:59:09,532 [INFO] PluginManager:220 - loadIPPluginJar : add can
2026-01-02 13:59:09,580 [INFO] IPUIPlugin:80 - create IPUIPlugin
2026-01-02 13:59:09,580 [INFO] PluginManager:220 - loadIPPluginJar : add comp
2026-01-02 13:59:09,645 [INFO] IPUIPlugin:80 - create IPUIPlugin
2026-01-02 13:59:09,645 [INFO] PluginManager:220 - loadIPPluginJar : add cryp
2026-01-02 13:59:09,667 [INFO] IPUIPlugin:80 - create IPUIPlugin
2026-01-02 13:59:09,667 [INFO] PluginManager:220 - loadIPPluginJar : add ddr_ctrl_phy
2026-01-02 13:59:09,722 [INFO] IPUIPlugin:80 - create IPUIPlugin
2026-01-02 13:59:09,722 [INFO] PluginManager:220 - loadIPPluginJar : add dfsdm
2026-01-02 13:59:09,746 [INFO] IPUIPlugin:80 - create IPUIPlugin
2026-01-02 13:59:09,747 [INFO] PluginManager:220 - loadIPPluginJar : add dma
2026-01-02 13:59:09,821 [INFO] IPUIPlugin:80 - create IPUIPlugin
2026-01-02 13:59:09,821 [INFO] PluginManager:220 - loadIPPluginJar : add dma3
2026-01-02 13:59:09,905 [INFO] IPUIPlugin:80 - create IPUIPlugin
2026-01-02 13:59:09,905 [INFO] PluginManager:220 - loadIPPluginJar : add extmemmanager
2026-01-02 13:59:09,950 [INFO] IPUIPlugin:80 - create IPUIPlugin
2026-01-02 13:59:09,951 [INFO] PluginManager:220 - loadIPPluginJar : add fatfs
2026-01-02 13:59:10,032 [INFO] IPUIPlugin:80 - create IPUIPlugin
2026-01-02 13:59:10,032 [INFO] PluginManager:220 - loadIPPluginJar : add fmc
2026-01-02 13:59:10,062 [INFO] IPUIPlugin:80 - create IPUIPlugin
2026-01-02 13:59:10,062 [INFO] PluginManager:220 - loadIPPluginJar : add freertos
2026-01-02 13:59:10,104 [INFO] IPUIPlugin:80 - create IPUIPlugin
2026-01-02 13:59:10,104 [INFO] PluginManager:220 - loadIPPluginJar : add genericplugin
2026-01-02 13:59:10,273 [INFO] IPUIPlugin:80 - create IPUIPlugin
2026-01-02 13:59:10,274 [INFO] PluginManager:220 - loadIPPluginJar : add gfxmmu
2026-01-02 13:59:10,500 [INFO] IPUIPlugin:80 - create IPUIPlugin
2026-01-02 13:59:10,500 [INFO] PluginManager:220 - loadIPPluginJar : add gic
2026-01-02 13:59:10,523 [INFO] IPUIPlugin:80 - create IPUIPlugin
2026-01-02 13:59:10,523 [INFO] PluginManager:220 - loadIPPluginJar : add gpio
2026-01-02 13:59:10,690 [INFO] IPUIPlugin:80 - create IPUIPlugin
2026-01-02 13:59:10,690 [INFO] PluginManager:220 - loadIPPluginJar : add gtzc
2026-01-02 13:59:10,766 [INFO] IPUIPlugin:80 - create IPUIPlugin
2026-01-02 13:59:10,766 [INFO] PluginManager:220 - loadIPPluginJar : add hash
2026-01-02 13:59:10,855 [INFO] IPUIPlugin:80 - create IPUIPlugin
2026-01-02 13:59:10,856 [INFO] PluginManager:220 - loadIPPluginJar : add i2c
2026-01-02 13:59:10,918 [INFO] IPUIPlugin:80 - create IPUIPlugin
2026-01-02 13:59:10,918 [INFO] PluginManager:220 - loadIPPluginJar : add i2s
2026-01-02 13:59:10,994 [INFO] IPUIPlugin:80 - create IPUIPlugin
2026-01-02 13:59:10,995 [INFO] PluginManager:220 - loadIPPluginJar : add i3c
2026-01-02 13:59:11,152 [INFO] IPUIPlugin:80 - create IPUIPlugin
2026-01-02 13:59:11,152 [INFO] PluginManager:220 - loadIPPluginJar : add ipddr
2026-01-02 13:59:11,313 [INFO] IPUIPlugin:80 - create IPUIPlugin
2026-01-02 13:59:11,314 [INFO] PluginManager:220 - loadIPPluginJar : add linkedlist
2026-01-02 13:59:11,376 [INFO] IPUIPlugin:80 - create IPUIPlugin
2026-01-02 13:59:11,376 [INFO] PluginManager:220 - loadIPPluginJar : add lorawan
2026-01-02 13:59:11,449 [INFO] IPUIPlugin:80 - create IPUIPlugin
2026-01-02 13:59:11,449 [INFO] PluginManager:220 - loadIPPluginJar : add ltdc
2026-01-02 13:59:11,469 [INFO] ThirdPartyUpdaterWithRetryManager:70 - Updater plugin not ready yet. [2/15]
2026-01-02 13:59:11,473 [INFO] IPUIPlugin:80 - create IPUIPlugin
2026-01-02 13:59:11,473 [INFO] PluginManager:220 - loadIPPluginJar : add mdma
2026-01-02 13:59:11,491 [INFO] IPUIPlugin:80 - create IPUIPlugin
2026-01-02 13:59:11,492 [INFO] PluginManager:220 - loadIPPluginJar : add nvic
2026-01-02 13:59:11,560 [INFO] IPUIPlugin:80 - create IPUIPlugin
2026-01-02 13:59:11,560 [INFO] PluginManager:220 - loadIPPluginJar : add opamp
2026-01-02 13:59:11,676 [INFO] IPUIPlugin:80 - create IPUIPlugin
2026-01-02 13:59:11,676 [INFO] PluginManager:220 - loadIPPluginJar : add openamp
2026-01-02 13:59:11,766 [INFO] IPUIPlugin:80 - create IPUIPlugin
2026-01-02 13:59:11,766 [INFO] PluginManager:220 - loadIPPluginJar : add pdm2pcm
2026-01-02 13:59:11,790 [INFO] IPUIPlugin:80 - create IPUIPlugin
2026-01-02 13:59:11,792 [INFO] PluginManager:220 - loadIPPluginJar : add plateformsettings
2026-01-02 13:59:11,833 [INFO] IPUIPlugin:80 - create IPUIPlugin
2026-01-02 13:59:11,833 [INFO] PluginManager:220 - loadIPPluginJar : add quadspi
2026-01-02 13:59:11,878 [INFO] IPUIPlugin:80 - create IPUIPlugin
2026-01-02 13:59:11,879 [INFO] PluginManager:220 - loadIPPluginJar : add radio
2026-01-02 13:59:11,902 [INFO] IPUIPlugin:80 - create IPUIPlugin
2026-01-02 13:59:11,902 [INFO] PluginManager:220 - loadIPPluginJar : add resmgrutility
2026-01-02 13:59:11,979 [INFO] IPUIPlugin:80 - create IPUIPlugin
2026-01-02 13:59:11,979 [INFO] PluginManager:220 - loadIPPluginJar : add sai
2026-01-02 13:59:12,041 [INFO] IPUIPlugin:80 - create IPUIPlugin
2026-01-02 13:59:12,041 [INFO] PluginManager:220 - loadIPPluginJar : add spi
2026-01-02 13:59:12,157 [INFO] IPUIPlugin:80 - create IPUIPlugin
2026-01-02 13:59:12,157 [INFO] PluginManager:220 - loadIPPluginJar : add stm32_wpan
2026-01-02 13:59:12,200 [INFO] IPUIPlugin:80 - create IPUIPlugin
2026-01-02 13:59:12,200 [INFO] PluginManager:220 - loadIPPluginJar : add tim
2026-01-02 13:59:12,299 [INFO] IPUIPlugin:80 - create IPUIPlugin
2026-01-02 13:59:12,299 [INFO] PluginManager:220 - loadIPPluginJar : add touchsensing
2026-01-02 13:59:12,339 [INFO] IPUIPlugin:80 - create IPUIPlugin
2026-01-02 13:59:12,340 [INFO] PluginManager:220 - loadIPPluginJar : add tracer_emb
2026-01-02 13:59:12,385 [INFO] IPUIPlugin:80 - create IPUIPlugin
2026-01-02 13:59:12,385 [INFO] PluginManager:220 - loadIPPluginJar : add ts
2026-01-02 13:59:12,434 [INFO] IPUIPlugin:80 - create IPUIPlugin
2026-01-02 13:59:12,434 [INFO] PluginManager:220 - loadIPPluginJar : add tsc
2026-01-02 13:59:12,477 [INFO] IPUIPlugin:80 - create IPUIPlugin
2026-01-02 13:59:12,477 [INFO] PluginManager:220 - loadIPPluginJar : add ucpd
2026-01-02 13:59:12,558 [INFO] IPUIPlugin:80 - create IPUIPlugin
2026-01-02 13:59:12,558 [INFO] PluginManager:220 - loadIPPluginJar : add usart
2026-01-02 13:59:12,642 [INFO] IPUIPlugin:80 - create IPUIPlugin
2026-01-02 13:59:12,643 [INFO] PluginManager:220 - loadIPPluginJar : add usbx
2026-01-02 13:59:12,801 [FATAL] Updater:351 - Updater called before beeing initialized
2026-01-02 13:59:12,854 [INFO] RulesReader:64 - Compatibility file has been processed (301 Rules)
2026-01-02 13:59:12,867 [INFO] RulesReader:64 - Compatibility file has been processed (301 Rules)
2026-01-02 13:59:12,887 [INFO] CADModel:165 - CPN selected for project level
2026-01-02 13:59:12,888 [INFO] CADModel:114 - Register for checkConnection events
2026-01-02 13:59:12,888 [FATAL] Updater:351 - Updater called before beeing initialized
2026-01-02 13:59:12,888 [ERROR] CADModel:125 - Updater not yet initialized, retry later 
2026-01-02 13:59:13,133 [FATAL] Updater:351 - Updater called before beeing initialized
2026-01-02 13:59:13,136 [INFO] CADModel:165 - CPN selected for project level
2026-01-02 13:59:13,136 [INFO] CADModel:114 - Register for checkConnection events
2026-01-02 13:59:13,137 [FATAL] Updater:351 - Updater called before beeing initialized
2026-01-02 13:59:13,137 [ERROR] CADModel:125 - Updater not yet initialized, retry later 
2026-01-02 13:59:13,142 [FATAL] Updater:351 - Updater called before beeing initialized
2026-01-02 13:59:13,302 [FATAL] Updater:351 - Updater called before beeing initialized
2026-01-02 13:59:13,318 [INFO] DbMcusAds:53 - JSON generation date=Tue Dec 16 04:41:46 IST 2025 (1765840306612)
2026-01-02 13:59:13,318 [FATAL] Updater:351 - Updater called before beeing initialized
2026-01-02 13:59:13,368 [WARN] DetailPanel:346 - Failed to get advertising image, set to default
2026-01-02 13:59:13,698 [FATAL] Updater:351 - Updater called before beeing initialized
2026-01-02 13:59:13,701 [FATAL] Updater:351 - Updater called before beeing initialized
2026-01-02 13:59:13,702 [FATAL] Updater:351 - Updater called before beeing initialized
2026-01-02 13:59:13,702 [WARN] DetailPanel:346 - Failed to get advertising image, set to default
2026-01-02 13:59:13,703 [FATAL] Updater:351 - Updater called before beeing initialized
2026-01-02 13:59:13,796 [ERROR] Updater:1198 - MainUpdater not yet initialized. External WinMGr cannot be set.
2026-01-02 13:59:13,822 [INFO] Updater:1134 - Updater Version found : 6.14.0
2026-01-02 13:59:13,866 [INFO] ApplicationProperties:184 - Using Application install path: C:\ST\STM32CubeIDE_1.18.0\STM32CubeIDE\plugins\com.st.stm32cube.common.mx_6.14.0.202502271554
2026-01-02 13:59:14,471 [INFO] ThirdPartyUpdaterWithRetryManager:70 - Updater plugin not ready yet. [3/15]
2026-01-02 13:59:15,462 [ERROR] LogOutputStream:75 - [STDERR_REDIRECT] Jan 02, 2026 1:59:15 PM java.util.prefs.WindowsPreferences <init>
2026-01-02 13:59:15,464 [ERROR] LogOutputStream:75 - [STDERR_REDIRECT] WARNING: Could not open/create prefs root node Software\JavaSoft\Prefs at root 0xffffffff80000002. Windows RegCreateKeyEx(...) returned error code 5.
2026-01-02 13:59:15,464 [ERROR] LogOutputStream:75 - [STDERR_REDIRECT] 
2026-01-02 13:59:16,134 [INFO] MainUpdater:2872 - connection check result : 10
2026-01-02 13:59:16,135 [INFO] MainUpdater:289 - Updater Check For Update Now.
2026-01-02 13:59:16,135 [INFO] MicroXplorer:498 - Change Database Version : DB.6.0.140
2026-01-02 13:59:16,171 [INFO] McuFinderGlobals:63 - Set McuFinder mode to 2 (CubeIDE integrated)
2026-01-02 13:59:16,184 [INFO] UserAuth:486 - Internet connection configuration mode: 1
2026-01-02 13:59:16,271 [INFO] JxBrowserEngine:152 - Initiate JxBrowser Engine with user profile folder
2026-01-02 13:59:16,413 [INFO] CheckServerUpdateThread:120 - End of CheckServer Thread
2026-01-02 13:59:17,875 [INFO] WebApp:169 - Instantiating new browser for Auth
2026-01-02 13:59:17,950 [WARN] PackLoader:240 - Cannot read IP mode file for STMicroelectronics.FP-SNS-MOTENVWB1.1.4.0
2026-01-02 13:59:17,972 [WARN] PackLoader:240 - Cannot read IP mode file for STMicroelectronics.FP-ATR-ASTRA1.2.0.2
2026-01-02 13:59:17,998 [WARN] PackLoader:240 - Cannot read IP mode file for STMicroelectronics.X-CUBE-SMBUS.2.1.0
2026-01-02 13:59:18,024 [WARN] PackLoader:240 - Cannot read IP mode file for STMicroelectronics.X-CUBE-WB05N.1.1.0
2026-01-02 13:59:18,082 [WARN] PackLoader:240 - Cannot read IP mode file for STMicroelectronics.X-CUBE-AZRTOS-F7.1.1.0
2026-01-02 13:59:18,122 [WARN] PackLoader:240 - Cannot read IP mode file for Cesanta.I-CUBE-Mongoose.7.19.0
2026-01-02 13:59:18,170 [ERROR] Engine:466 - C:\Users\Jagakishan\.stm32cubemx\thirdparties\pdsc\STMicroelectronics.FP-SNS-MOTENV1.5.1.0.pdsc: PDSC version is not supported
2026-01-02 13:59:18,192 [ERROR] Engine:466 - C:\Users\Jagakishan\.stm32cubemx\thirdparties\pdsc\WES.I-CUBE-Cesium.1.4.0.pdsc: PDSC version is not supported
2026-01-02 13:59:18,213 [WARN] PackLoader:240 - Cannot read IP mode file for STMicroelectronics.FP-SNS-FLIGHT1.5.0.2
2026-01-02 13:59:18,252 [WARN] PackLoader:240 - Cannot read IP mode file for Infineon.AIROC-Wi-Fi-Bluetooth-STM32.1.7.1
2026-01-02 13:59:18,293 [WARN] PackLoader:240 - Cannot read IP mode file for STMicroelectronics.X-CUBE-AZRTOS-H7.3.4.0
2026-01-02 13:59:18,321 [WARN] PackLoader:240 - Cannot read IP mode file for STMicroelectronics.X-CUBE-DISPLAY.3.0.0
2026-01-02 13:59:18,346 [WARN] PackLoader:240 - Cannot read IP mode file for STMicroelectronics.X-CUBE-NFC10.1.0.0
2026-01-02 13:59:18,371 [WARN] PackLoader:240 - Cannot read IP mode file for STMicroelectronics.X-CUBE-BLEMGR.4.0.0
2026-01-02 13:59:18,392 [WARN] PackLoader:240 - Cannot read IP mode file for STMicroelectronics.X-CUBE-ST60.1.1.0
2026-01-02 13:59:18,415 [WARN] PackLoader:240 - Cannot read IP mode file for emotas.I-CUBE-CANOPEN.1.3.0
2026-01-02 13:59:18,437 [WARN] PackLoader:240 - Cannot read IP mode file for STMicroelectronics.X-CUBE-GNSS1.7.1.0
2026-01-02 13:59:18,455 [WARN] PackLoader:240 - Cannot read IP mode file for STMicroelectronics.X-CUBE-AI.10.0.0
2026-01-02 13:59:18,473 [ERROR] Engine:466 - C:\Users\Jagakishan\.stm32cubemx\thirdparties\pdsc\STMicroelectronics.FP-SNS-STBOX1.2.1.0.pdsc: PDSC version is not supported
2026-01-02 13:59:18,490 [WARN] PackLoader:240 - Cannot read IP mode file for STMicroelectronics.FP-SNS-SMARTAG2.1.2.0
2026-01-02 13:59:18,509 [WARN] PackLoader:240 - Cannot read IP mode file for STMicroelectronics.FP-SNS-FLIGHT1.5.1.0
2026-01-02 13:59:18,575 [WARN] PackLoader:240 - Cannot read IP mode file for STMicroelectronics.X-CUBE-MEMS1.11.1.0
2026-01-02 13:59:18,701 [INFO] LogOutputStream:77 - [STDOUT_REDIRECT] 1 : Invalid condition id : UX_CORESTACK_Condition cause : null
2026-01-02 13:59:18,702 [INFO] LogOutputStream:77 - [STDOUT_REDIRECT] 1 : Invalid condition id : UX_CORESTACK_Condition cause : null
2026-01-02 13:59:18,703 [INFO] LogOutputStream:77 - [STDOUT_REDIRECT] 1 : Invalid condition id : UX_CORESTACK_Condition cause : null
2026-01-02 13:59:18,705 [INFO] LogOutputStream:77 - [STDOUT_REDIRECT] 1 : Invalid condition id : UX_CORESTACK_Condition cause : null
2026-01-02 13:59:18,706 [INFO] LogOutputStream:77 - [STDOUT_REDIRECT] 1 : Invalid condition id : UX_CORESTACK_Condition cause : null
2026-01-02 13:59:18,708 [WARN] PackLoader:240 - Cannot read IP mode file for STMicroelectronics.X-CUBE-AZRTOS-WL.2.0.0
2026-01-02 13:59:18,727 [WARN] PackLoader:240 - Cannot read IP mode file for STMicroelectronics.FP-SNS-MOTENV1.5.0.0
2026-01-02 13:59:18,767 [WARN] PackLoader:240 - Cannot read IP mode file for STMicroelectronics.X-CUBE-AZRTOS-H7RS.1.2.0
2026-01-02 13:59:18,787 [WARN] PackLoader:240 - Cannot read IP mode file for STMicroelectronics.X-CUBE-BLE2.3.3.0
2026-01-02 13:59:18,877 [WARN] PackLoader:240 - Cannot read IP mode file for STMicroelectronics.X-CUBE-NFC9.1.0.0
2026-01-02 13:59:18,897 [WARN] PackLoader:240 - Cannot read IP mode file for wolfSSL.I-CUBE-wolfSSL.5.8.2
2026-01-02 13:59:18,924 [WARN] PackLoader:240 - Cannot read IP mode file for STMicroelectronics.X-CUBE-BLE1.7.1.0
2026-01-02 13:59:18,942 [WARN] PackLoader:240 - Cannot read IP mode file for wolfSSL.I-CUBE-wolfMQTT.1.19.2
2026-01-02 13:59:18,961 [ERROR] Engine:466 - C:\Users\Jagakishan\.stm32cubemx\thirdparties\pdsc\STMicroelectronics.X-CUBE-FREERTOS.1.4.0.pdsc: PDSC version is not supported
2026-01-02 13:59:18,987 [WARN] PackLoader:240 - Cannot read IP mode file for STMicroelectronics.X-CUBE-EEPRMA1.5.2.0
2026-01-02 13:59:19,007 [ERROR] Engine:466 - C:\Users\Jagakishan\.stm32cubemx\thirdparties\pdsc\STMicroelectronics.X-CUBE-ST67W61.1.1.0.pdsc: PDSC version is not supported
2026-01-02 13:59:19,078 [WARN] PackLoader:240 - Cannot read IP mode file for STMicroelectronics.X-CUBE-MEMS1.12.0.0
2026-01-02 13:59:19,160 [WARN] PackLoader:240 - Cannot read IP mode file for STMicroelectronics.X-CUBE-AZRTOS-G0.1.1.0
2026-01-02 13:59:19,183 [WARN] PackLoader:240 - Cannot read IP mode file for STMicroelectronics.X-CUBE-SAFEA1.1.2.2
2026-01-02 13:59:19,203 [WARN] PackLoader:240 - Cannot read IP mode file for STMicroelectronics.X-CUBE-NFC4.3.0.0
2026-01-02 13:59:19,231 [WARN] PackLoader:240 - Cannot read IP mode file for EmbeddedOffice.I-CUBE-FS-RTOS.1.0.1
2026-01-02 13:59:19,258 [WARN] PackLoader:240 - Cannot read IP mode file for STMicroelectronics.X-CUBE-WB05N.2.0.0
2026-01-02 13:59:19,285 [WARN] PackLoader:240 - Cannot read IP mode file for wolfSSL.I-CUBE-wolfTPM.3.8.0
2026-01-02 13:59:19,335 [WARN] PackLoader:240 - Cannot read IP mode file for STMicroelectronics.X-CUBE-TCPP.4.2.0
2026-01-02 13:59:19,365 [WARN] PackLoader:240 - Cannot read IP mode file for RealThread.X-CUBE-RT-Thread_Nano.4.1.1
2026-01-02 13:59:19,387 [WARN] PackLoader:240 - Cannot read IP mode file for STMicroelectronics.FP-ATR-SIGFOX1.3.2.0
2026-01-02 13:59:19,407 [WARN] PackLoader:240 - Cannot read IP mode file for STMicroelectronics.X-CUBE-EEPRMA1.5.1.0
2026-01-02 13:59:19,424 [WARN] PackLoader:240 - Cannot read IP mode file for wolfSSL.I-CUBE-wolfSSL.5.7.6
2026-01-02 13:59:19,446 [WARN] PackLoader:240 - Cannot read IP mode file for ITTIA_DB.I-CUBE-ITTIADB.8.9.0
2026-01-02 13:59:19,464 [WARN] PackLoader:240 - Cannot read IP mode file for STMicroelectronics.X-CUBE-AI.10.2.0
2026-01-02 13:59:19,505 [WARN] PackLoader:240 - Cannot read IP mode file for SEGGER.I-CUBE-embOS.1.3.1
2026-01-02 13:59:19,553 [WARN] PackLoader:240 - Cannot read IP mode file for STMicroelectronics.X-CUBE-ALGOBUILD.1.4.0
2026-01-02 13:59:19,605 [WARN] PackLoader:240 - Cannot read IP mode file for STMicroelectronics.X-CUBE-MEMS1.11.3.0
2026-01-02 13:59:19,724 [WARN] PackLoader:240 - Cannot read IP mode file for STMicroelectronics.X-CUBE-PM33A1.1.0.0
2026-01-02 13:59:19,759 [WARN] PackLoader:240 - Cannot read IP mode file for STMicroelectronics.X-CUBE-AZRTOS-F4.1.1.0
2026-01-02 13:59:19,781 [WARN] PackLoader:240 - Cannot read IP mode file for STMicroelectronics.X-CUBE-ISPU.2.1.0
2026-01-02 13:59:19,803 [ERROR] Engine:466 - C:\Users\Jagakishan\.stm32cubemx\thirdparties\pdsc\STMicroelectronics.X-CUBE-IPS.3.2.0.pdsc: PDSC version is not supported
2026-01-02 13:59:19,825 [WARN] PackLoader:240 - Cannot read IP mode file for STMicroelectronics.X-CUBE-NFC12.1.0.0
2026-01-02 13:59:19,864 [WARN] PackLoader:240 - Cannot read IP mode file for STMicroelectronics.X-CUBE-AZRTOS-L5.2.0.0
2026-01-02 13:59:19,891 [WARN] PackLoader:240 - Cannot read IP mode file for STMicroelectronics.X-CUBE-NFC6.3.1.0
2026-01-02 13:59:19,913 [WARN] PackLoader:240 - Cannot read IP mode file for STMicroelectronics.X-CUBE-DPower.1.2.0
2026-01-02 13:59:19,932 [WARN] PackLoader:240 - Cannot read IP mode file for STMicroelectronics.X-CUBE-FREERTOS.1.3.1
2026-01-02 13:59:19,950 [WARN] PackLoader:240 - Cannot read IP mode file for STMicroelectronics.X-CUBE-FREERTOS.1.3.0
2026-01-02 13:59:19,971 [WARN] PackLoader:240 - Cannot read IP mode file for STMicroelectronics.X-CUBE-NFC7.1.0.1
2026-01-02 13:59:19,996 [WARN] PackLoader:240 - Cannot read IP mode file for STMicroelectronics.X-CUBE-TOUCHGFX.4.26.0
2026-01-02 13:59:20,016 [WARN] PackLoader:240 - Cannot read IP mode file for STMicroelectronics.FP-SNS-STAIOTCFT.1.0.0
2026-01-02 13:59:20,035 [WARN] PackLoader:240 - Cannot read IP mode file for STMicroelectronics.X-CUBE-DPower.1.3.0
2026-01-02 13:59:20,072 [WARN] ConditionMgr:438 - getConditionDescription Invalid condition id : LAN8742 Phy interface Condition cause : null
2026-01-02 13:59:20,073 [WARN] PackLoader:240 - Cannot read IP mode file for STMicroelectronics.X-CUBE-AZRTOS-L4.2.0.0
2026-01-02 13:59:20,075 [WARN] ConditionMgr:1044 - genDependencies : Invalid condition id : LAN8742 Phy interface Condition cause : null
2026-01-02 13:59:20,076 [WARN] ConditionMgr:1044 - genDependencies : Invalid condition id : LAN8742 Phy interface Condition cause : null
2026-01-02 13:59:20,076 [WARN] ConditionMgr:1044 - genDependencies : Invalid condition id : LAN8742 Phy interface Condition cause : null
2026-01-02 13:59:20,114 [WARN] PackLoader:240 - Cannot read IP mode file for STMicroelectronics.X-CUBE-SFXS2LP1.4.0.0
2026-01-02 13:59:20,162 [WARN] PackLoader:240 - Cannot read IP mode file for STMicroelectronics.X-CUBE-AZRTOS-H7.3.3.0
2026-01-02 13:59:20,193 [WARN] PackLoader:240 - Cannot read IP mode file for STMicroelectronics.X-CUBE-BLEMGR.4.1.0
2026-01-02 13:59:20,233 [WARN] ConditionMgr:438 - getConditionDescription Invalid condition id : UX DEVICE CLASS RTOS Condition cause : null
2026-01-02 13:59:20,233 [WARN] ConditionMgr:438 - getConditionDescription Invalid condition id : UX DEVICE CLASS RTOS Condition cause : null
2026-01-02 13:59:20,235 [WARN] PackLoader:240 - Cannot read IP mode file for STMicroelectronics.X-CUBE-AZRTOS-WB.2.0.0
2026-01-02 13:59:20,236 [WARN] ConditionMgr:1044 - genDependencies : Invalid condition id : UX DEVICE CLASS RTOS Condition cause : null
2026-01-02 13:59:20,236 [WARN] ConditionMgr:1044 - genDependencies : Invalid condition id : UX DEVICE CLASS RTOS Condition cause : null
2026-01-02 13:59:20,237 [WARN] ConditionMgr:1044 - genDependencies : Invalid condition id : UX DEVICE CLASS RTOS Condition cause : null
2026-01-02 13:59:20,237 [WARN] ConditionMgr:1044 - genDependencies : Invalid condition id : UX DEVICE CLASS RTOS Condition cause : null
2026-01-02 13:59:20,237 [WARN] ConditionMgr:1044 - genDependencies : Invalid condition id : UX DEVICE CLASS RTOS Condition cause : null
2026-01-02 13:59:20,266 [WARN] PackLoader:240 - Cannot read IP mode file for STMicroelectronics.X-CUBE-GNSS1.7.0.1
2026-01-02 13:59:20,294 [WARN] PackLoader:240 - Cannot read IP mode file for STMicroelectronics.X-CUBE-TOUCHGFX.4.25.0
2026-01-02 13:59:20,302 [INFO] WebApp:463 - Apply proxy settings
2026-01-02 13:59:20,303 [INFO] WebApp:548 - Chromium requires no authentication
2026-01-02 13:59:20,317 [WARN] PackLoader:240 - Cannot read IP mode file for STMicroelectronics.FP-SNS-STBOX1.2.0.0
2026-01-02 13:59:20,339 [WARN] ConditionMgr:438 - getConditionDescription Invalid condition id : Cortex-A Device cause : null
2026-01-02 13:59:20,351 [INFO] WebApp:491 - Direct internet connection detected
2026-01-02 13:59:20,367 [WARN] ConditionMgr:1044 - genDependencies : Invalid condition id : Cortex-A Device cause : null
2026-01-02 13:59:20,367 [WARN] ConditionMgr:1044 - genDependencies : Invalid condition id : Cortex-A Device cause : null
2026-01-02 13:59:20,367 [WARN] ConditionMgr:1044 - genDependencies : Invalid condition id : Cortex-A Device cause : null
2026-01-02 13:59:20,392 [WARN] PackLoader:240 - Cannot read IP mode file for STMicroelectronics.X-CUBE-SUBG2.5.0.0
2026-01-02 13:59:20,418 [INFO] WebApp:894 - Register for checkConnection events
2026-01-02 13:59:20,418 [INFO] WebApp:463 - Apply proxy settings
2026-01-02 13:59:20,418 [INFO] WebApp:548 - Chromium requires no authentication
2026-01-02 13:59:20,419 [INFO] WebApp:491 - Direct internet connection detected
2026-01-02 13:59:20,430 [WARN] PackLoader:240 - Cannot read IP mode file for STMicroelectronics.X-CUBE-AZRTOS-H7RS.1.1.0
2026-01-02 13:59:20,464 [WARN] PackLoader:240 - Cannot read IP mode file for STMicroelectronics.X-CUBE-AZRTOS-G4.2.0.0
2026-01-02 13:59:20,483 [WARN] PackLoader:240 - Cannot read IP mode file for wolfSSL.I-CUBE-wolfSSH.1.4.20
2026-01-02 13:59:20,501 [WARN] PackLoader:240 - Cannot read IP mode file for STMicroelectronics.X-CUBE-NFC7.2.0.0
2026-01-02 13:59:20,526 [WARN] PackLoader:240 - Cannot read IP mode file for STMicroelectronics.X-CUBE-IPS.3.1.0
2026-01-02 13:59:20,565 [WARN] PackLoader:240 - Cannot read IP mode file for STMicroelectronics.X-CUBE-ALS.1.0.2
2026-01-02 13:59:20,611 [WARN] PackLoader:240 - Cannot read IP mode file for STMicroelectronics.X-CUBE-STSE01.1.0.0
2026-01-02 13:59:20,661 [WARN] PackLoader:240 - Cannot read IP mode file for STMicroelectronics.X-CUBE-AZRTOS-H7RS.1.0.0
2026-01-02 13:59:20,688 [WARN] PackLoader:240 - Cannot read IP mode file for STMicroelectronics.X-CUBE-TOF1.3.4.2
2026-01-02 13:59:20,715 [WARN] PackLoader:240 - Cannot read IP mode file for STMicroelectronics.X-CUBE-TOF1.3.4.3
2026-01-02 13:59:20,721 [INFO] ThirdParty:978 - Integrity check success = true
2026-01-02 13:59:20,721 [INFO] IntegrityCheckThread:100 - exiting critical section [integrity check]
2026-01-02 13:59:20,722 [INFO] IntegrityCheckThread:103 - End integrity checks thread
2026-01-02 13:59:20,980 [INFO] WebApp:225 - Starting web application
2026-01-02 13:59:20,980 [INFO] WebApp:593 - Web application path used C:\ST\STM32CubeIDE_1.18.0\STM32CubeIDE\plugins\com.st.stm32cube.common.mx_6.14.0.202502271554\db\plugins\mcufinder\reactClient1\index.html
2026-01-02 13:59:21,145 [INFO] WebApp:191 - Connection restablished
2026-01-02 13:59:21,187 [INFO] UserAuth:486 - Internet connection configuration mode: 1
2026-01-02 14:00:15,511 [INFO] McuFinderGlobals:63 - Set McuFinder mode to 2 (CubeIDE integrated)
2026-01-02 14:00:15,575 [INFO] MainUpdater:2872 - connection check result : 10
2026-01-02 14:00:15,592 [INFO] MainUpdater:2872 - connection check result : 10
2026-01-02 14:00:15,930 [INFO] MicroXplorer:468 - Change Database Path : 
2026-01-02 14:00:15,931 [INFO] MicroXplorer:498 - Change Database Version : DB.6.0.140
2026-01-02 14:00:15,947 [WARN] ThirdParty:871 - waiting for thirdparty lock release [close project]
2026-01-02 14:00:15,948 [INFO] ThirdParty:873 - entering critical section [close project]
2026-01-02 14:00:15,951 [INFO] ThirdParty:883 - exiting critical section [close project]
2026-01-02 14:00:15,955 [INFO] PinOutPanel:1589 - setPackage(No Configuration,No Configuration)
2026-01-02 14:00:15,961 [INFO] UtilMem:75 - Begin LoadConfig() Used Memory: 302961656 Bytes (543162368)
2026-01-02 14:00:15,964 [INFO] MicroXplorer:468 - Change Database Path : 
2026-01-02 14:00:15,964 [INFO] MicroXplorer:498 - Change Database Version : DB.6.0.140
2026-01-02 14:00:15,964 [INFO] OpenFileManager:354 - Change cursor
2026-01-02 14:00:16,049 [INFO] Mcu:2011 - Initializing MCU STM32F103C(8-B)Tx STM32F103C8Tx STM32F103C8T6
2026-01-02 14:00:17,711 [INFO] Context:756 - Trying to add GPIOservice into a context  which must be forbidden
2026-01-02 14:00:18,150 [INFO] ImportTextPane:218 - (OptionalMessage_ERROR) Pin10 (VP_RIF_VS_RIF1) cannot be retrieved for this MCU
2026-01-02 14:00:18,353 [INFO] RtosManager:558 - Registered RTOS mode: class=CMSIS, group=RTOS, mode=CMSIS_V1, owner=FREERTOS
2026-01-02 14:00:18,353 [INFO] RtosManager:558 - Registered RTOS mode: class=CMSIS, group=RTOS2, mode=CMSIS_V2, owner=FREERTOS
2026-01-02 14:00:18,354 [INFO] RtosManager:558 - Registered RTOS mode: class=RTOS, group=Core, mode=CMSIS_V1, owner=FREERTOS
2026-01-02 14:00:18,354 [INFO] RtosManager:558 - Registered RTOS mode: class=RTOS, group=Core, mode=CMSIS_V2, owner=FREERTOS
2026-01-02 14:00:18,354 [WARN] ModelIntegratedComponent:184 - Missing modes for component STMicroelectronics:FreeRTOS:0.0.1:STMicroelectronics:RTOS:FreeRTOS:Core:::10.2.0:
2026-01-02 14:00:18,372 [WARN] ModelIntegratedComponent:63 - No mode defined for component null
2026-01-02 14:00:18,372 [WARN] ModelIntegratedComponent:63 - No mode defined for component null
2026-01-02 14:00:18,372 [WARN] ModelIntegratedComponent:63 - No mode defined for component null
2026-01-02 14:00:18,372 [WARN] ModelIntegratedComponent:63 - No mode defined for component null
2026-01-02 14:00:18,372 [WARN] ModelIntegratedComponent:63 - No mode defined for component null
2026-01-02 14:00:18,372 [WARN] ModelIntegratedComponent:63 - No mode defined for component null
2026-01-02 14:00:18,373 [WARN] ModelIntegratedComponent:63 - No mode defined for component null
2026-01-02 14:00:18,373 [WARN] ModelIntegratedComponent:63 - No mode defined for component null
2026-01-02 14:00:18,373 [WARN] ModelIntegratedComponent:63 - No mode defined for component null
2026-01-02 14:00:18,373 [WARN] ModelIntegratedComponent:63 - No mode defined for component null
2026-01-02 14:00:18,373 [WARN] ModelIntegratedComponent:63 - No mode defined for component null
2026-01-02 14:00:18,373 [WARN] ModelIntegratedComponent:63 - No mode defined for component null
2026-01-02 14:00:18,373 [WARN] ModelIntegratedComponent:63 - No mode defined for component null
2026-01-02 14:00:18,373 [WARN] ModelIntegratedComponent:63 - No mode defined for component null
2026-01-02 14:00:18,373 [WARN] ModelIntegratedComponent:63 - No mode defined for component null
2026-01-02 14:00:18,373 [WARN] ModelIntegratedComponent:63 - No mode defined for component null
2026-01-02 14:00:18,373 [WARN] ModelIntegratedComponent:63 - No mode defined for component null
2026-01-02 14:00:18,373 [WARN] ModelIntegratedComponent:63 - No mode defined for component null
2026-01-02 14:00:18,373 [WARN] ModelIntegratedComponent:63 - No mode defined for component null
2026-01-02 14:00:18,373 [WARN] ModelIntegratedComponent:63 - No mode defined for component null
2026-01-02 14:00:18,373 [WARN] ModelIntegratedComponent:63 - No mode defined for component null
2026-01-02 14:00:18,373 [WARN] ModelIntegratedComponent:63 - No mode defined for component null
2026-01-02 14:00:18,374 [WARN] ModelIntegratedComponent:63 - No mode defined for component null
2026-01-02 14:00:18,374 [WARN] ModelIntegratedComponent:63 - No mode defined for component null
2026-01-02 14:00:18,374 [WARN] ModelIntegratedComponent:63 - No mode defined for component null
2026-01-02 14:00:18,374 [WARN] ModelIntegratedComponent:63 - No mode defined for component null
2026-01-02 14:00:18,374 [WARN] ModelIntegratedComponent:63 - No mode defined for component null
2026-01-02 14:00:18,374 [WARN] ModelIntegratedComponent:63 - No mode defined for component null
2026-01-02 14:00:18,374 [WARN] ModelIntegratedComponent:63 - No mode defined for component null
2026-01-02 14:00:18,374 [WARN] ModelIntegratedComponent:63 - No mode defined for component null
2026-01-02 14:00:18,374 [WARN] ModelIntegratedComponent:63 - No mode defined for component null
2026-01-02 14:00:18,374 [WARN] ModelIntegratedComponent:63 - No mode defined for component null
2026-01-02 14:00:18,374 [WARN] ModelIntegratedComponent:63 - No mode defined for component null
2026-01-02 14:00:18,374 [WARN] ModelIntegratedComponent:63 - No mode defined for component null
2026-01-02 14:00:18,374 [WARN] ModelIntegratedComponent:63 - No mode defined for component null
2026-01-02 14:00:18,374 [WARN] ModelPack:524 - Component already loaded: STMicroelectronics:HAL Drivers:0.0.0:STMicroelectronics:Device:STMicro_Driver:XSPI:HAL::0.0.1:HAL_XSPI
2026-01-02 14:00:18,783 [INFO] ThirdPartyModel:298 - Start build external matchings
2026-01-02 14:00:19,601 [INFO] ThirdPartyModel:316 - End build external matchings
2026-01-02 14:00:19,630 [INFO] ImportTextPane:218 - (OptionalMessage_ERROR) IP (RCC) : Parameter (ADCFreqValue) has invalid value (36000000)
2026-01-02 14:00:19,630 [INFO] ImportTextPane:218 - (OptionalMessage_ERROR) IP (RCC) : Invalid parameter (FamilyName)
2026-01-02 14:00:19,630 [INFO] ImportTextPane:218 - (OptionalMessage_ERROR) IP (RCC) : Parameter (MCOFreq_Value) has invalid value (72000000)
2026-01-02 14:00:19,631 [INFO] ImportTextPane:218 - (OptionalMessage_ERROR) IP (RCC) : Parameter (USBFreq_Value) has invalid value (72000000)
2026-01-02 14:00:20,140 [INFO] ApiDb:581 - Connected to CubeFinder SQLite database (C:\Users\Jagakishan\.stmcufinder\plugins\mcufinder\mcu\cube-finder-db.db)
2026-01-02 14:00:20,333 [INFO] ApiDb:668 - CubeFinder database Data Model version=2.1
2026-01-02 14:00:20,335 [INFO] ApiDb:669 - CubeFinder database Configuration version=3.0.39
2026-01-02 14:00:20,335 [INFO] ApiDb:670 - CubeFinder database generation date=2025-12-22 (1766407740)
2026-01-02 14:00:20,335 [INFO] ApiDb:671 - CubeFinder database FW Pack versions=[FP-ATR-ASTRA1_V2.0.0, FP-SNS-FLIGHT1_V5.1.0, FP-SNS-MOTENV1_V5.1.0, FP-SNS-MOTENVWB1_V1.4.0, FP-SNS-SMARTAG2_V1.2.0, FP-SNS-STBOX1_V2.1.0, STM32Cube_FW_C0_V1.4.0, STM32Cube_FW_F4_V1.28.3, STM32Cube_FW_F7_V1.17.4, STM32Cube_FW_G0_V1.6.2, STM32Cube_FW_G4_V1.6.1, STM32Cube_FW_H5_V1.5.1, STM32Cube_FW_H7RS_V1.3.0, STM32Cube_FW_H7_V1.12.1, STM32Cube_FW_L0_V1.12.2, STM32Cube_FW_L4_V1.18.1, STM32Cube_FW_L5_V1.6.0, STM32Cube_FW_N6_V1.3.0, STM32Cube_FW_U0_V1.3.0, STM32Cube_FW_U3_V1.2.1, STM32Cube_FW_U5_V1.8.0, STM32Cube_FW_WB0_V1.4.0, STM32Cube_FW_WBA_V1.8.0, STM32Cube_FW_WB_V1.24.0, STM32Cube_FW_WL3_V1.3.0, STM32Cube_FW_WL_V1.4.0, X-CUBE-ALGOBUILD_V1.4.0, X-CUBE-ALS_V1.0.2, X-CUBE-AZRTOS-F4_V1.1.0, X-CUBE-AZRTOS-F7_V1.1.0, X-CUBE-AZRTOS-G0_V1.1.0, X-CUBE-AZRTOS-G4_V2.0.0, X-CUBE-AZRTOS-H7RS_V1.1.0, X-CUBE-AZRTOS-H7_V3.4.0, X-CUBE-AZRTOS-L4_V2.0.0, X-CUBE-AZRTOS-L5_V2.0.0, X-CUBE-AZRTOS-WB_V2.0.0, X-CUBE-AZRTOS-WL_V2.0.0, X-CUBE-BLE1_V7.1.0, X-CUBE-BLE2_V3.3.0, X-CUBE-BLEMGR_V4.1.0, X-CUBE-EEPRMA1_V5.2.0, X-CUBE-FREERTOS_V1.3.1, X-CUBE-GNSS1_V6.0.0, X-CUBE-MEMS1_V12.0.0, X-CUBE-NFC4_V3.0.0, X-CUBE-NFC7_V2.0.0, X-CUBE-SFXS2LP1_V4.0.0, X-CUBE-ST67W61_V1.1.0, X-CUBE-SUBG2_V5.0.0, X-CUBE-TOF1_V3.4.3]
2026-01-02 14:00:20,481 [INFO] DbBoardsSqlite:226 - include board P-NUCLEO-WB55-NUCLEO as a kit item of type 'Nucleo-64'
2026-01-02 14:00:20,481 [INFO] DbBoardsSqlite:226 - include board P-NUCLEO-WB55-USBDONGLE as a kit item of type 'Nucleo USB Dongle'
2026-01-02 14:00:20,483 [INFO] DbBoardsSqlite:226 - include board STEVAL-IDP005V1 as a kit item of type 'Evaluation Board'
2026-01-02 14:00:20,483 [INFO] DbBoardsSqlite:226 - include board STEVAL-IDP005V2 as a kit item of type 'Evaluation Board'
2026-01-02 14:00:21,108 [INFO] ApiDb:240 - Found 895 in-development CPN: [B-G473E-ZEST1S, B-WB1M-WPAN1, B-WBA5M-WPAN, B-WL5M-SUBG1, NUCLEO-C031C6, NUCLEO-C051C8, NUCLEO-C071RB, NUCLEO-C092RC, NUCLEO-H503RB, NUCLEO-H533RE, NUCLEO-H563ZI, NUCLEO-H7S3L8, NUCLEO-N657X0-Q, NUCLEO-U031R8, NUCLEO-U083RC, NUCLEO-U385RG-Q, NUCLEO-U545RE-Q, NUCLEO-U5A5ZJ-Q, NUCLEO-WB05KZ, NUCLEO-WB07CC, NUCLEO-WB09KE, NUCLEO-WBA52CG, NUCLEO-WBA55CG, NUCLEO-WBA65RI, NUCLEO-WL33CC1, NUCLEO-WL33CC2, STEVAL-PROTEUS1, STEVAL-SMARTAG2, STEVAL-STWINBX1, STM320518-EVAL, STM32C0116-DK, STM32C011D6Y3TR, STM32C011D6Y6TR, STM32C011F4P3, STM32C011F4P6, STM32C011F4U3, STM32C011F4U6TR, STM32C011F6P3, STM32C011F6P6, STM32C011F6U3, STM32C011F6U6TR, STM32C011J4M3, STM32C011J4M6, STM32C011J6M3, STM32C011J6M6, STM32C0316-DK, STM32C031C4T3, STM32C031C4T6, STM32C031C4U3, STM32C031C4U6, STM32C031C6T3, STM32C031C6T6, STM32C031C6U3, STM32C031C6U6, STM32C031F4P3, STM32C031F4P6, STM32C031F6P3, STM32C031F6P6, STM32C031G4U3, STM32C031G4U6, STM32C031G6U3, STM32C031G6U6, STM32C031K4T3, STM32C031K4T6, STM32C031K4U3, STM32C031K4U6, STM32C031K6T3, STM32C031K6T6, STM32C031K6U3, STM32C031K6U6, STM32C051C6T6, STM32C051C6U6, STM32C051C8T6, STM32C051C8U6, STM32C051D8Y6TR, STM32C051F6P6, STM32C051F8P6, STM32C051G6U6, STM32C051G8U6, STM32C051K6T6, STM32C051K6U6, STM32C051K8T6, STM32C071C8T6, STM32C071C8T6N, STM32C071C8U6, STM32C071C8U6N, STM32C071CBT6, STM32C071CBT6N, STM32C071CBU6, STM32C071CBU6N, STM32C071F8P6, STM32C071F8P6N, STM32C071FBP6, STM32C071FBP6N, STM32C071FBY6TR, STM32C071G8U6, STM32C071G8U6N, STM32C071GBU6, STM32C071GBU6N, STM32C071K8T6, STM32C071K8T6N, STM32C071K8U6, STM32C071K8U6N, STM32C071KBT6, STM32C071KBT6N, STM32C071KBU6, STM32C071KBU6N, STM32C071R8T6, STM32C071R8T6N, STM32C071RBI6N, STM32C071RBT6, STM32C071RBT6N, STM32C091CBT6, STM32C091CBU6, STM32C091CCT6, STM32C091CCU6, STM32C091ECY6TR, STM32C091FBP6, STM32C091FCP6, STM32C091GBU6, STM32C091GCU6, STM32C091KBT6, STM32C091KBU6, STM32C091KCT6, STM32C091KCU6, STM32C091RBT6, STM32C091RCI6, STM32C091RCT6, STM32C092CBT6, STM32C092CBU6, STM32C092CCT6, STM32C092CCU6, STM32C092ECY6TR, STM32C092FBP6, STM32C092FCP6, STM32C092GBU6, STM32C092GCU6, STM32C092KBT6, STM32C092KBU6, STM32C092KCT6, STM32C092KCU6, STM32C092RBT6, STM32C092RCI6, STM32C092RCT6, STM32G071K8TXN, STM32G071K8UXN, STM32G081GBU6N, STM32G081KBT6N, STM32G081KBUXN, STM32G0B1CCT6N, STM32G0B1KCT6, STM32G0B1NEY6TR, STM32G0B1RCT6N, STM32G0C1CCT6, STM32G0C1CCT6N, STM32G0C1CCU6N, STM32G0C1CET6N, STM32G0C1CEU6N, STM32G0C1KCT6, STM32G0C1NEY6TR, STM32G0C1RCI6N, STM32G0C1RCT6N, STM32G0C1REI6N, STM32G0C1RET6N, STM32G0C1VCI6, STM32G0C1VEI6, STM32G411C6T3, STM32G411C6T6, STM32G411C6U3, STM32G411C6U6, STM32G411C8T3, STM32G411C8T6, STM32G411C8U3, STM32G411C8U6, STM32G411CBT3, STM32G411CBT6, STM32G411CBU3, STM32G411CBU6, STM32G411CCT3, STM32G411CCT6, STM32G411CCU3, STM32G411CCU6, STM32G411K6T3, STM32G411K6T6, STM32G411K6U3, STM32G411K6U6, STM32G411K8T3, STM32G411K8T6, STM32G411K8U3, STM32G411K8U6, STM32G411KBT3, STM32G411KBT6, STM32G411KBU3, STM32G411KBU6, STM32G411M6T3, STM32G411M6T6, STM32G411M8T3, STM32G411M8T6, STM32G411MBT3, STM32G411MBT6, STM32G411MCT3, STM32G411MCT6, STM32G411R6T3, STM32G411R6T6, STM32G411R8T3, STM32G411R8T6, STM32G411RBT3, STM32G411RBT6, STM32G411RCT3, STM32G411RCT6, STM32G414CBT3, STM32G414CBT6, STM32G414CBU3, STM32G414CBU6, STM32G414CCT3, STM32G414CCT6, STM32G414CCU3, STM32G414CCU6, STM32G414MBT3, STM32G414MBT6, STM32G414MCT3, STM32G414MCT6, STM32G414RBT3, STM32G414RBT6, STM32G414RCT3, STM32G414RCT6, STM32G414VBT3, STM32G414VBT6, STM32G414VCT3, STM32G414VCT6, STM32G431CBT3Z, STM32G431RBT3Z, STM32G471CCT6, STM32G471CCU6, STM32G471CET3, STM32G471CET6, STM32G471CEU3, STM32G471CEU6, STM32G471MCT6, STM32G471MET3, STM32G471MET6, STM32G471MEY6TR, STM32G471QCT6, STM32G471QET3, STM32G471RCT6, STM32G471RET3, STM32G471RET6, STM32G471VCH6, STM32G471VCI6, STM32G471VCT6, STM32G471VEH3, STM32G471VEH6, STM32G471VEI3, STM32G471VEI6, STM32G471VET3, STM32G471VET6, STM32G473QET3Z, STM32G473RET3Z, STM32G474CCT6, STM32G491RET3Z, STM32H503CBT6, STM32H503CBU6, STM32H503EBY6TR, STM32H503KBU6, STM32H503RBT6, STM32H523CCT6, STM32H523CCU6, STM32H523CET6, STM32H523CEU6, STM32H523HEY6TR, STM32H523RCT6, STM32H523RET6, STM32H523VCI6, STM32H523VCT6, STM32H523VEI6, STM32H523VET6, STM32H523ZCJ6, STM32H523ZCT6, STM32H523ZEJ6, STM32H523ZET6, STM32H533CET6, STM32H533CEU6, STM32H533HEY6TR, STM32H533RET6, STM32H533VEI6, STM32H533VET6, STM32H533ZEJ6, STM32H533ZET6, STM32H562AGI6, STM32H562AII6, STM32H562IGK6, STM32H562IGT6, STM32H562IIK6, STM32H562IIT6, STM32H562RGT6, STM32H562RGV6, STM32H562RIT6, STM32H562RIV6, STM32H562VGT6, STM32H562VIT6, STM32H562ZGT6, STM32H562ZIT6, STM32H563AGI6, STM32H563AII3Q, STM32H563AII6, STM32H563IGK6, STM32H563IGT6, STM32H563IIK3Q, STM32H563IIK6, STM32H563IIT3Q, STM32H563IIT6, STM32H563MIY3QTR, STM32H563RGT6, STM32H563RGV6, STM32H563RIT6, STM32H563RIV6, STM32H563VGT6, STM32H563VIT3Q, STM32H563VIT6, STM32H563ZGT6, STM32H563ZIT3Q, STM32H563ZIT6, STM32H573AII3Q, STM32H573AII6, STM32H573I-DK, STM32H573IIK3Q, STM32H573IIK6, STM32H573IIT3Q, STM32H573IIT6, STM32H573MIY3QTR, STM32H573RIT6, STM32H573RIV6, STM32H573VIT3Q, STM32H573VIT6, STM32H573ZIT3Q, STM32H573ZIT6, STM32H7R3A8I6, STM32H7R3I8K6, STM32H7R3I8T6, STM32H7R3L8H6, STM32H7R3L8H6H, STM32H7R3R8V6, STM32H7R3V8H6, STM32H7R3V8T6, STM32H7R3V8Y6TR, STM32H7R3Z8J6, STM32H7R3Z8T6, STM32H7R7A8I6, STM32H7R7I8K6, STM32H7R7I8T6, STM32H7R7L8H6, STM32H7R7L8H6H, STM32H7R7Z8J6, STM32H7S3A8I6, STM32H7S3I8K6, STM32H7S3I8T6, STM32H7S3L8H6, STM32H7S3L8H6H, STM32H7S3R8V6, STM32H7S3V8H6, STM32H7S3V8T6, STM32H7S3V8Y6TR, STM32H7S3Z8J6, STM32H7S3Z8T6, STM32H7S78-DK, STM32H7S7A8I6, STM32H7S7I8K6, STM32H7S7I8T6, STM32H7S7L8H6, STM32H7S7L8H6H, STM32H7S7Z8J6, STM32L4R5QGI6STR, STM32MP131AAE3, STM32MP131AAF3, STM32MP131AAG3, STM32MP131CAE3, STM32MP131CAF3, STM32MP131CAG3, STM32MP131DAE7, STM32MP131DAF7, STM32MP131DAG7, STM32MP131FAE7, STM32MP131FAF7, STM32MP131FAG7, STM32MP133AAE3, STM32MP133AAF3, STM32MP133AAG3, STM32MP133CAE3, STM32MP133CAF3, STM32MP133CAG3, STM32MP133DAE7, STM32MP133DAF7, STM32MP133DAG7, STM32MP133FAE7, STM32MP133FAF7, STM32MP133FAG7, STM32MP135AAE3, STM32MP135AAF3, STM32MP135AAG3, STM32MP135CAE3, STM32MP135CAF3, STM32MP135CAG3, STM32MP135DAE7, STM32MP135DAF7, STM32MP135DAG7, STM32MP135F-DK, STM32MP135FAE7, STM32MP135FAF7, STM32MP135FAF7T, STM32MP135FAF7U, STM32MP135FAG7, STM32MP231AAJ3, STM32MP231AAK3, STM32MP231AAL3, STM32MP231CAJ3, STM32MP231CAK3, STM32MP231CAL3, STM32MP231DAJ3, STM32MP231DAK3, STM32MP231DAL3, STM32MP231FAJ3, STM32MP231FAK3, STM32MP231FAL3, STM32MP233AAJ3, STM32MP233AAK3, STM32MP233AAL3, STM32MP233CAJ3, STM32MP233CAK3, STM32MP233CAL3, STM32MP233DAJ3, STM32MP233DAK3, STM32MP233DAL3, STM32MP233FAJ3, STM32MP233FAK3, STM32MP233FAL3, STM32MP235AAJ3, STM32MP235AAK3, STM32MP235AAL3, STM32MP235CAJ3, STM32MP235CAK3, STM32MP235CAL3, STM32MP235DAJ3, STM32MP235DAK3, STM32MP235DAL3, STM32MP235FAJ3, STM32MP235FAK3, STM32MP235FAL3, STM32MP251AAI3, STM32MP251AAJ3, STM32MP251AAK3, STM32MP251AAL3, STM32MP251CAI3, STM32MP251CAJ3, STM32MP251CAK3, STM32MP251CAL3, STM32MP251DAI3, STM32MP251DAJ3, STM32MP251DAK3, STM32MP251DAL3, STM32MP251FAI3, STM32MP251FAJ3, STM32MP251FAK3, STM32MP251FAL3, STM32MP253AAI3, STM32MP253AAJ3, STM32MP253AAK3, STM32MP253AAL3, STM32MP253CAI3, STM32MP253CAJ3, STM32MP253CAK3, STM32MP253CAL3, STM32MP253DAI3, STM32MP253DAJ3, STM32MP253DAK3, STM32MP253DAL3, STM32MP253FAI3, STM32MP253FAJ3, STM32MP253FAK3, STM32MP253FAL3, STM32MP255AAI3, STM32MP255AAJ3, STM32MP255AAK3, STM32MP255AAL3, STM32MP255CAI3, STM32MP255CAJ3, STM32MP255CAK3, STM32MP255CAL3, STM32MP255DAI3, STM32MP255DAJ3, STM32MP255DAK3, STM32MP255DAL3, STM32MP255FAI3, STM32MP255FAJ3, STM32MP255FAK3, STM32MP255FAL3, STM32MP257AAI3, STM32MP257AAJ3, STM32MP257AAK3, STM32MP257AAL3, STM32MP257CAI3, STM32MP257CAJ3, STM32MP257CAK3, STM32MP257CAL3, STM32MP257DAI3, STM32MP257DAJ3, STM32MP257DAK3, STM32MP257DAL3, STM32MP257F-DK, STM32MP257F-EV1, STM32MP257FAI3, STM32MP257FAJ3, STM32MP257FAK3, STM32MP257FAL3, STM32N645A0H3Q, STM32N645B0H3Q, STM32N645I0H3Q, STM32N645L0H3Q, STM32N645X0H3Q, STM32N645Z0H3Q, STM32N647A0H3Q, STM32N647B0H3Q, STM32N647I0H3Q, STM32N647L0H3Q, STM32N647X0H3Q, STM32N647Z0H3Q, STM32N655A0H3Q, STM32N655B0H3Q, STM32N655I0H3Q, STM32N655L0H3Q, STM32N655X0H3Q, STM32N655Z0H3Q, STM32N6570-DK, STM32N657A0H3Q, STM32N657B0H3Q, STM32N657I0H3Q, STM32N657L0H3Q, STM32N657X0H3Q, STM32N657Z0H3Q, STM32U031C6T6, STM32U031C6U6, STM32U031C8T6, STM32U031C8U6, STM32U031F4P6, STM32U031F6P6, STM32U031F8P6, STM32U031G6Y6TR, STM32U031G8Y6TR, STM32U031K4U6, STM32U031K6U6, STM32U031K8U6, STM32U031R6I6, STM32U031R6T6, STM32U031R8I6, STM32U031R8T6, STM32U073C8T6, STM32U073C8U6, STM32U073CBT6, STM32U073CBU6, STM32U073CCT6, STM32U073CCU6, STM32U073H8Y6TR, STM32U073HBY6TR, STM32U073HCY6TR, STM32U073K8U6, STM32U073KBU6, STM32U073KCU6, STM32U073M8I6, STM32U073M8T6, STM32U073MBI6, STM32U073MBT6, STM32U073MCI6, STM32U073MCT6, STM32U073R8I6, STM32U073R8T6, STM32U073RBI6, STM32U073RBT6, STM32U073RCI6, STM32U073RCT6, STM32U083C-DK, STM32U083CCT6, STM32U083CCU6, STM32U083HCY6TR, STM32U083KCU6, STM32U083MCI6, STM32U083MCT6, STM32U083RCI6, STM32U083RCT6, STM32U375CET6, STM32U375CET6Q, STM32U375CEU6, STM32U375CEU6Q, STM32U375CEY6QTR, STM32U375CGT6, STM32U375CGT6Q, STM32U375CGU6, STM32U375CGU6Q, STM32U375CGY6QTR, STM32U375KEU6, STM32U375KGU6, STM32U375REI6, STM32U375REI6Q, STM32U375RET6, STM32U375RET6Q, STM32U375REY6GTR, STM32U375REY6QTR, STM32U375RGI6, STM32U375RGI6Q, STM32U375RGT6, STM32U375RGT6Q, STM32U375RGY6GTR, STM32U375RGY6QTR, STM32U375VEI6, STM32U375VEI6Q, STM32U375VET6, STM32U375VET6Q, STM32U375VGI6, STM32U375VGI6Q, STM32U375VGT6, STM32U375VGT6Q, STM32U385CGT6, STM32U385CGT6Q, STM32U385CGU6, STM32U385CGU6Q, STM32U385CGY6QTR, STM32U385KGU6, STM32U385RGI6, STM32U385RGI6Q, STM32U385RGT6, STM32U385RGT6Q, STM32U385RGY6GTR, STM32U385RGY6QTR, STM32U385VGI6, STM32U385VGI6Q, STM32U385VGT6, STM32U385VGT6Q, STM32U535CBT6, STM32U535CBT6Q, STM32U535CBU6, STM32U535CBU6Q, STM32U535CCT6, STM32U535CCT6Q, STM32U535CCU6, STM32U535CCU6Q, STM32U535CET6, STM32U535CET6Q, STM32U535CEU6, STM32U535CEU6Q, STM32U535JEY6QTR, STM32U535NCY6QTR, STM32U535NEY6QTR, STM32U535RBI6, STM32U535RBI6Q, STM32U535RBT6, STM32U535RBT6Q, STM32U535RCI6, STM32U535RCI6Q, STM32U535RCT6, STM32U535RCT6Q, STM32U535REI6, STM32U535REI6Q, STM32U535RET6, STM32U535RET6Q, STM32U535VCI6, STM32U535VCI6Q, STM32U535VCT6, STM32U535VCT6Q, STM32U535VEI6, STM32U535VEI6Q, STM32U535VET6, STM32U535VET6Q, STM32U545CET6, STM32U545CET6Q, STM32U545CEU6, STM32U545CEU6Q, STM32U545JEY6QTR, STM32U545NEY6QTR, STM32U545REI6, STM32U545REI6Q, STM32U545RET6, STM32U545RET6Q, STM32U545VEI6, STM32U545VEI6Q, STM32U545VET6, STM32U545VET6Q, STM32U595AIH6, STM32U595AIH6Q, STM32U595AJH6, STM32U595AJH6Q, STM32U595QII6, STM32U595QII6Q, STM32U595QJI6, STM32U595QJI6Q, STM32U595RIT6, STM32U595RIT6Q, STM32U595RJT6, STM32U595RJT6Q, STM32U595VIT6, STM32U595VIT6Q, STM32U595VJT6, STM32U595VJT6Q, STM32U595ZIT6, STM32U595ZIT6Q, STM32U595ZIY6QTR, STM32U595ZJT6, STM32U595ZJT6Q, STM32U595ZJY6QTR, STM32U599BJY6QTR, STM32U599NIH6Q, STM32U599NJH6Q, STM32U599VIT6Q, STM32U599VJT6, STM32U599VJT6Q, STM32U599ZIT6Q, STM32U599ZIY6QTR, STM32U599ZJT6Q, STM32U599ZJY6QTR, STM32U5A5AJH6, STM32U5A5AJH6Q, STM32U5A5QII3Q , STM32U5A5QJI6, STM32U5A5QJI6Q, STM32U5A5RJT6, STM32U5A5RJT6Q, STM32U5A5VJT6, STM32U5A5VJT6Q, STM32U5A5ZJT6, STM32U5A5ZJT6Q, STM32U5A5ZJY6QTR, STM32U5A9BJY6QTR, STM32U5A9J-DK, STM32U5A9NJH6Q, STM32U5A9VJT6Q, STM32U5A9ZJT6Q, STM32U5A9ZJY6QTR, STM32U5F7VIT6, STM32U5F7VIT6Q, STM32U5F7VJT6, STM32U5F7VJT6Q, STM32U5F9BJY6QTR, STM32U5F9NJH6Q, STM32U5F9VIT6Q, STM32U5F9VJT6Q, STM32U5F9ZIJ6QTR, STM32U5F9ZIT6Q, STM32U5F9ZJJ6QTR, STM32U5F9ZJT6Q, STM32U5G7VJT6, STM32U5G7VJT6Q, STM32U5G9BJY6QTR, STM32U5G9J-DK1, STM32U5G9J-DK2, STM32U5G9NJH6Q, STM32U5G9VJT6Q, STM32U5G9ZJJ6QTR, STM32U5G9ZJT6Q, STM32WB05KZV6TR, STM32WB05KZV7TR, STM32WB05TZF6TR, STM32WB05TZF7TR, STM32WB06CCF6TR, STM32WB06CCF7TR, STM32WB06CCV6TR, STM32WB06CCV7TR, STM32WB06KCV6TR, STM32WB06KCV7TR, STM32WB07CCF6TR, STM32WB07CCF7TR, STM32WB07CCV6TR, STM32WB07CCV7TR, STM32WB07KCV6TR, STM32WB07KCV7TR, STM32WB09KEV6TR, STM32WB09KEV7TR, STM32WB09TEF6TR, STM32WB09TEF7TR, STM32WB1MMCH6, STM32WBA50KGU6, STM32WBA50KGU6TR, STM32WBA52CEU6, STM32WBA52CEU6TR, STM32WBA52CEU7, STM32WBA52CEU7TR, STM32WBA52CGU6, STM32WBA52CGU6TR, STM32WBA52CGU6U, STM32WBA52CGU7, STM32WBA52CGU7TR, STM32WBA52KEU6, STM32WBA52KEU6TR, STM32WBA52KGU6, STM32WBA52KGU6TR, STM32WBA54CEU6, STM32WBA54CEU6TR, STM32WBA54CEU7, STM32WBA54CEU7TR, STM32WBA54CGU6, STM32WBA54CGU6TR, STM32WBA54CGU7, STM32WBA54CGU7TR, STM32WBA54KEU6, STM32WBA54KEU6TR, STM32WBA54KEU7, STM32WBA54KEU7TR, STM32WBA54KGU6, STM32WBA54KGU6TR, STM32WBA54KGU7, STM32WBA54KGU7TR, STM32WBA55CEU6, STM32WBA55CEU6TR, STM32WBA55CEU7, STM32WBA55CEU7TR, STM32WBA55CGU6, STM32WBA55CGU6TR, STM32WBA55CGU6U, STM32WBA55CGU7, STM32WBA55CGU7TR, STM32WBA55G-DK1, STM32WBA55HEF6, STM32WBA55HEF7, STM32WBA55HGF6, STM32WBA55HGF7, STM32WBA55UEI6, STM32WBA55UEI6TR, STM32WBA55UEI7, STM32WBA55UEI7TR, STM32WBA55UGI6, STM32WBA55UGI6TR, STM32WBA55UGI7, STM32WBA55UGI7TR, STM32WBA5MJGH6TR, STM32WBA62CGU6, STM32WBA62CIU6, STM32WBA62MGF6, STM32WBA62MIF6, STM32WBA62PGI6, STM32WBA62PII6, STM32WBA63CGU6, STM32WBA63CGU7, STM32WBA63CIU6, STM32WBA63CIU7, STM32WBA64CGU6, STM32WBA64CGU7, STM32WBA64CIU6, STM32WBA64CIU7, STM32WBA65CGU6, STM32WBA65CGU7, STM32WBA65CIU6, STM32WBA65CIU7, STM32WBA65I-DK1, STM32WBA65MGF6, STM32WBA65MGF7, STM32WBA65MIF6, STM32WBA65MIF7, STM32WBA65PGI6, STM32WBA65PGI7, STM32WBA65PII6, STM32WBA65PII7, STM32WBA65RGV6, STM32WBA65RGV7, STM32WBA65RIV6, STM32WBA65RIV7, STM32WL30K8V6, STM32WL30KBV6, STM32WL31C8V6, STM32WL31CBV6, STM32WL31K8V6, STM32WL31KBV6, STM32WL33C8V6, STM32WL33C8V6TR, STM32WL33C8V7, STM32WL33C8V7TR, STM32WL33CBV6, STM32WL33CBV6TR, STM32WL33CBV7, STM32WL33CBV7TR, STM32WL33CCV6, STM32WL33CCV6TR, STM32WL33CCV7, STM32WL33CCV7A, STM32WL33CCV7ATR, STM32WL33CCV7TR, STM32WL33K8V6, STM32WL33K8V6TR, STM32WL33K8V7, STM32WL33K8V7TR, STM32WL33KBV6, STM32WL33KBV6TR, STM32WL33KBV7, STM32WL33KBV7TR, STM32WL33KCV6, STM32WL33KCV6TR, STM32WL33KCV7, STM32WL33KCV7TR, STM32WL5MOCH6, STM32WL5MOCH6TR]
2026-01-02 14:00:21,116 [INFO] ApiDb:668 - CubeFinder database Data Model version=2.1
2026-01-02 14:00:21,117 [INFO] ApiDb:669 - CubeFinder database Configuration version=3.0.39
2026-01-02 14:00:21,117 [INFO] ApiDb:670 - CubeFinder database generation date=2025-12-22 (1766407740)
2026-01-02 14:00:21,117 [INFO] ApiDb:671 - CubeFinder database FW Pack versions=[FP-ATR-ASTRA1_V2.0.0, FP-SNS-FLIGHT1_V5.1.0, FP-SNS-MOTENV1_V5.1.0, FP-SNS-MOTENVWB1_V1.4.0, FP-SNS-SMARTAG2_V1.2.0, FP-SNS-STBOX1_V2.1.0, STM32Cube_FW_C0_V1.4.0, STM32Cube_FW_F4_V1.28.3, STM32Cube_FW_F7_V1.17.4, STM32Cube_FW_G0_V1.6.2, STM32Cube_FW_G4_V1.6.1, STM32Cube_FW_H5_V1.5.1, STM32Cube_FW_H7RS_V1.3.0, STM32Cube_FW_H7_V1.12.1, STM32Cube_FW_L0_V1.12.2, STM32Cube_FW_L4_V1.18.1, STM32Cube_FW_L5_V1.6.0, STM32Cube_FW_N6_V1.3.0, STM32Cube_FW_U0_V1.3.0, STM32Cube_FW_U3_V1.2.1, STM32Cube_FW_U5_V1.8.0, STM32Cube_FW_WB0_V1.4.0, STM32Cube_FW_WBA_V1.8.0, STM32Cube_FW_WB_V1.24.0, STM32Cube_FW_WL3_V1.3.0, STM32Cube_FW_WL_V1.4.0, X-CUBE-ALGOBUILD_V1.4.0, X-CUBE-ALS_V1.0.2, X-CUBE-AZRTOS-F4_V1.1.0, X-CUBE-AZRTOS-F7_V1.1.0, X-CUBE-AZRTOS-G0_V1.1.0, X-CUBE-AZRTOS-G4_V2.0.0, X-CUBE-AZRTOS-H7RS_V1.1.0, X-CUBE-AZRTOS-H7_V3.4.0, X-CUBE-AZRTOS-L4_V2.0.0, X-CUBE-AZRTOS-L5_V2.0.0, X-CUBE-AZRTOS-WB_V2.0.0, X-CUBE-AZRTOS-WL_V2.0.0, X-CUBE-BLE1_V7.1.0, X-CUBE-BLE2_V3.3.0, X-CUBE-BLEMGR_V4.1.0, X-CUBE-EEPRMA1_V5.2.0, X-CUBE-FREERTOS_V1.3.1, X-CUBE-GNSS1_V6.0.0, X-CUBE-MEMS1_V12.0.0, X-CUBE-NFC4_V3.0.0, X-CUBE-NFC7_V2.0.0, X-CUBE-SFXS2LP1_V4.0.0, X-CUBE-ST67W61_V1.1.0, X-CUBE-SUBG2_V5.0.0, X-CUBE-TOF1_V3.4.3]
2026-01-02 14:00:24,983 [INFO] ApiDb:240 - Found 895 in-development CPN: [B-G473E-ZEST1S, B-WB1M-WPAN1, B-WBA5M-WPAN, B-WL5M-SUBG1, NUCLEO-C031C6, NUCLEO-C051C8, NUCLEO-C071RB, NUCLEO-C092RC, NUCLEO-H503RB, NUCLEO-H533RE, NUCLEO-H563ZI, NUCLEO-H7S3L8, NUCLEO-N657X0-Q, NUCLEO-U031R8, NUCLEO-U083RC, NUCLEO-U385RG-Q, NUCLEO-U545RE-Q, NUCLEO-U5A5ZJ-Q, NUCLEO-WB05KZ, NUCLEO-WB07CC, NUCLEO-WB09KE, NUCLEO-WBA52CG, NUCLEO-WBA55CG, NUCLEO-WBA65RI, NUCLEO-WL33CC1, NUCLEO-WL33CC2, STEVAL-PROTEUS1, STEVAL-SMARTAG2, STEVAL-STWINBX1, STM320518-EVAL, STM32C0116-DK, STM32C011D6Y3TR, STM32C011D6Y6TR, STM32C011F4P3, STM32C011F4P6, STM32C011F4U3, STM32C011F4U6TR, STM32C011F6P3, STM32C011F6P6, STM32C011F6U3, STM32C011F6U6TR, STM32C011J4M3, STM32C011J4M6, STM32C011J6M3, STM32C011J6M6, STM32C0316-DK, STM32C031C4T3, STM32C031C4T6, STM32C031C4U3, STM32C031C4U6, STM32C031C6T3, STM32C031C6T6, STM32C031C6U3, STM32C031C6U6, STM32C031F4P3, STM32C031F4P6, STM32C031F6P3, STM32C031F6P6, STM32C031G4U3, STM32C031G4U6, STM32C031G6U3, STM32C031G6U6, STM32C031K4T3, STM32C031K4T6, STM32C031K4U3, STM32C031K4U6, STM32C031K6T3, STM32C031K6T6, STM32C031K6U3, STM32C031K6U6, STM32C051C6T6, STM32C051C6U6, STM32C051C8T6, STM32C051C8U6, STM32C051D8Y6TR, STM32C051F6P6, STM32C051F8P6, STM32C051G6U6, STM32C051G8U6, STM32C051K6T6, STM32C051K6U6, STM32C051K8T6, STM32C071C8T6, STM32C071C8T6N, STM32C071C8U6, STM32C071C8U6N, STM32C071CBT6, STM32C071CBT6N, STM32C071CBU6, STM32C071CBU6N, STM32C071F8P6, STM32C071F8P6N, STM32C071FBP6, STM32C071FBP6N, STM32C071FBY6TR, STM32C071G8U6, STM32C071G8U6N, STM32C071GBU6, STM32C071GBU6N, STM32C071K8T6, STM32C071K8T6N, STM32C071K8U6, STM32C071K8U6N, STM32C071KBT6, STM32C071KBT6N, STM32C071KBU6, STM32C071KBU6N, STM32C071R8T6, STM32C071R8T6N, STM32C071RBI6N, STM32C071RBT6, STM32C071RBT6N, STM32C091CBT6, STM32C091CBU6, STM32C091CCT6, STM32C091CCU6, STM32C091ECY6TR, STM32C091FBP6, STM32C091FCP6, STM32C091GBU6, STM32C091GCU6, STM32C091KBT6, STM32C091KBU6, STM32C091KCT6, STM32C091KCU6, STM32C091RBT6, STM32C091RCI6, STM32C091RCT6, STM32C092CBT6, STM32C092CBU6, STM32C092CCT6, STM32C092CCU6, STM32C092ECY6TR, STM32C092FBP6, STM32C092FCP6, STM32C092GBU6, STM32C092GCU6, STM32C092KBT6, STM32C092KBU6, STM32C092KCT6, STM32C092KCU6, STM32C092RBT6, STM32C092RCI6, STM32C092RCT6, STM32G071K8TXN, STM32G071K8UXN, STM32G081GBU6N, STM32G081KBT6N, STM32G081KBUXN, STM32G0B1CCT6N, STM32G0B1KCT6, STM32G0B1NEY6TR, STM32G0B1RCT6N, STM32G0C1CCT6, STM32G0C1CCT6N, STM32G0C1CCU6N, STM32G0C1CET6N, STM32G0C1CEU6N, STM32G0C1KCT6, STM32G0C1NEY6TR, STM32G0C1RCI6N, STM32G0C1RCT6N, STM32G0C1REI6N, STM32G0C1RET6N, STM32G0C1VCI6, STM32G0C1VEI6, STM32G411C6T3, STM32G411C6T6, STM32G411C6U3, STM32G411C6U6, STM32G411C8T3, STM32G411C8T6, STM32G411C8U3, STM32G411C8U6, STM32G411CBT3, STM32G411CBT6, STM32G411CBU3, STM32G411CBU6, STM32G411CCT3, STM32G411CCT6, STM32G411CCU3, STM32G411CCU6, STM32G411K6T3, STM32G411K6T6, STM32G411K6U3, STM32G411K6U6, STM32G411K8T3, STM32G411K8T6, STM32G411K8U3, STM32G411K8U6, STM32G411KBT3, STM32G411KBT6, STM32G411KBU3, STM32G411KBU6, STM32G411M6T3, STM32G411M6T6, STM32G411M8T3, STM32G411M8T6, STM32G411MBT3, STM32G411MBT6, STM32G411MCT3, STM32G411MCT6, STM32G411R6T3, STM32G411R6T6, STM32G411R8T3, STM32G411R8T6, STM32G411RBT3, STM32G411RBT6, STM32G411RCT3, STM32G411RCT6, STM32G414CBT3, STM32G414CBT6, STM32G414CBU3, STM32G414CBU6, STM32G414CCT3, STM32G414CCT6, STM32G414CCU3, STM32G414CCU6, STM32G414MBT3, STM32G414MBT6, STM32G414MCT3, STM32G414MCT6, STM32G414RBT3, STM32G414RBT6, STM32G414RCT3, STM32G414RCT6, STM32G414VBT3, STM32G414VBT6, STM32G414VCT3, STM32G414VCT6, STM32G431CBT3Z, STM32G431RBT3Z, STM32G471CCT6, STM32G471CCU6, STM32G471CET3, STM32G471CET6, STM32G471CEU3, STM32G471CEU6, STM32G471MCT6, STM32G471MET3, STM32G471MET6, STM32G471MEY6TR, STM32G471QCT6, STM32G471QET3, STM32G471RCT6, STM32G471RET3, STM32G471RET6, STM32G471VCH6, STM32G471VCI6, STM32G471VCT6, STM32G471VEH3, STM32G471VEH6, STM32G471VEI3, STM32G471VEI6, STM32G471VET3, STM32G471VET6, STM32G473QET3Z, STM32G473RET3Z, STM32G474CCT6, STM32G491RET3Z, STM32H503CBT6, STM32H503CBU6, STM32H503EBY6TR, STM32H503KBU6, STM32H503RBT6, STM32H523CCT6, STM32H523CCU6, STM32H523CET6, STM32H523CEU6, STM32H523HEY6TR, STM32H523RCT6, STM32H523RET6, STM32H523VCI6, STM32H523VCT6, STM32H523VEI6, STM32H523VET6, STM32H523ZCJ6, STM32H523ZCT6, STM32H523ZEJ6, STM32H523ZET6, STM32H533CET6, STM32H533CEU6, STM32H533HEY6TR, STM32H533RET6, STM32H533VEI6, STM32H533VET6, STM32H533ZEJ6, STM32H533ZET6, STM32H562AGI6, STM32H562AII6, STM32H562IGK6, STM32H562IGT6, STM32H562IIK6, STM32H562IIT6, STM32H562RGT6, STM32H562RGV6, STM32H562RIT6, STM32H562RIV6, STM32H562VGT6, STM32H562VIT6, STM32H562ZGT6, STM32H562ZIT6, STM32H563AGI6, STM32H563AII3Q, STM32H563AII6, STM32H563IGK6, STM32H563IGT6, STM32H563IIK3Q, STM32H563IIK6, STM32H563IIT3Q, STM32H563IIT6, STM32H563MIY3QTR, STM32H563RGT6, STM32H563RGV6, STM32H563RIT6, STM32H563RIV6, STM32H563VGT6, STM32H563VIT3Q, STM32H563VIT6, STM32H563ZGT6, STM32H563ZIT3Q, STM32H563ZIT6, STM32H573AII3Q, STM32H573AII6, STM32H573I-DK, STM32H573IIK3Q, STM32H573IIK6, STM32H573IIT3Q, STM32H573IIT6, STM32H573MIY3QTR, STM32H573RIT6, STM32H573RIV6, STM32H573VIT3Q, STM32H573VIT6, STM32H573ZIT3Q, STM32H573ZIT6, STM32H7R3A8I6, STM32H7R3I8K6, STM32H7R3I8T6, STM32H7R3L8H6, STM32H7R3L8H6H, STM32H7R3R8V6, STM32H7R3V8H6, STM32H7R3V8T6, STM32H7R3V8Y6TR, STM32H7R3Z8J6, STM32H7R3Z8T6, STM32H7R7A8I6, STM32H7R7I8K6, STM32H7R7I8T6, STM32H7R7L8H6, STM32H7R7L8H6H, STM32H7R7Z8J6, STM32H7S3A8I6, STM32H7S3I8K6, STM32H7S3I8T6, STM32H7S3L8H6, STM32H7S3L8H6H, STM32H7S3R8V6, STM32H7S3V8H6, STM32H7S3V8T6, STM32H7S3V8Y6TR, STM32H7S3Z8J6, STM32H7S3Z8T6, STM32H7S78-DK, STM32H7S7A8I6, STM32H7S7I8K6, STM32H7S7I8T6, STM32H7S7L8H6, STM32H7S7L8H6H, STM32H7S7Z8J6, STM32L4R5QGI6STR, STM32MP131AAE3, STM32MP131AAF3, STM32MP131AAG3, STM32MP131CAE3, STM32MP131CAF3, STM32MP131CAG3, STM32MP131DAE7, STM32MP131DAF7, STM32MP131DAG7, STM32MP131FAE7, STM32MP131FAF7, STM32MP131FAG7, STM32MP133AAE3, STM32MP133AAF3, STM32MP133AAG3, STM32MP133CAE3, STM32MP133CAF3, STM32MP133CAG3, STM32MP133DAE7, STM32MP133DAF7, STM32MP133DAG7, STM32MP133FAE7, STM32MP133FAF7, STM32MP133FAG7, STM32MP135AAE3, STM32MP135AAF3, STM32MP135AAG3, STM32MP135CAE3, STM32MP135CAF3, STM32MP135CAG3, STM32MP135DAE7, STM32MP135DAF7, STM32MP135DAG7, STM32MP135F-DK, STM32MP135FAE7, STM32MP135FAF7, STM32MP135FAF7T, STM32MP135FAF7U, STM32MP135FAG7, STM32MP231AAJ3, STM32MP231AAK3, STM32MP231AAL3, STM32MP231CAJ3, STM32MP231CAK3, STM32MP231CAL3, STM32MP231DAJ3, STM32MP231DAK3, STM32MP231DAL3, STM32MP231FAJ3, STM32MP231FAK3, STM32MP231FAL3, STM32MP233AAJ3, STM32MP233AAK3, STM32MP233AAL3, STM32MP233CAJ3, STM32MP233CAK3, STM32MP233CAL3, STM32MP233DAJ3, STM32MP233DAK3, STM32MP233DAL3, STM32MP233FAJ3, STM32MP233FAK3, STM32MP233FAL3, STM32MP235AAJ3, STM32MP235AAK3, STM32MP235AAL3, STM32MP235CAJ3, STM32MP235CAK3, STM32MP235CAL3, STM32MP235DAJ3, STM32MP235DAK3, STM32MP235DAL3, STM32MP235FAJ3, STM32MP235FAK3, STM32MP235FAL3, STM32MP251AAI3, STM32MP251AAJ3, STM32MP251AAK3, STM32MP251AAL3, STM32MP251CAI3, STM32MP251CAJ3, STM32MP251CAK3, STM32MP251CAL3, STM32MP251DAI3, STM32MP251DAJ3, STM32MP251DAK3, STM32MP251DAL3, STM32MP251FAI3, STM32MP251FAJ3, STM32MP251FAK3, STM32MP251FAL3, STM32MP253AAI3, STM32MP253AAJ3, STM32MP253AAK3, STM32MP253AAL3, STM32MP253CAI3, STM32MP253CAJ3, STM32MP253CAK3, STM32MP253CAL3, STM32MP253DAI3, STM32MP253DAJ3, STM32MP253DAK3, STM32MP253DAL3, STM32MP253FAI3, STM32MP253FAJ3, STM32MP253FAK3, STM32MP253FAL3, STM32MP255AAI3, STM32MP255AAJ3, STM32MP255AAK3, STM32MP255AAL3, STM32MP255CAI3, STM32MP255CAJ3, STM32MP255CAK3, STM32MP255CAL3, STM32MP255DAI3, STM32MP255DAJ3, STM32MP255DAK3, STM32MP255DAL3, STM32MP255FAI3, STM32MP255FAJ3, STM32MP255FAK3, STM32MP255FAL3, STM32MP257AAI3, STM32MP257AAJ3, STM32MP257AAK3, STM32MP257AAL3, STM32MP257CAI3, STM32MP257CAJ3, STM32MP257CAK3, STM32MP257CAL3, STM32MP257DAI3, STM32MP257DAJ3, STM32MP257DAK3, STM32MP257DAL3, STM32MP257F-DK, STM32MP257F-EV1, STM32MP257FAI3, STM32MP257FAJ3, STM32MP257FAK3, STM32MP257FAL3, STM32N645A0H3Q, STM32N645B0H3Q, STM32N645I0H3Q, STM32N645L0H3Q, STM32N645X0H3Q, STM32N645Z0H3Q, STM32N647A0H3Q, STM32N647B0H3Q, STM32N647I0H3Q, STM32N647L0H3Q, STM32N647X0H3Q, STM32N647Z0H3Q, STM32N655A0H3Q, STM32N655B0H3Q, STM32N655I0H3Q, STM32N655L0H3Q, STM32N655X0H3Q, STM32N655Z0H3Q, STM32N6570-DK, STM32N657A0H3Q, STM32N657B0H3Q, STM32N657I0H3Q, STM32N657L0H3Q, STM32N657X0H3Q, STM32N657Z0H3Q, STM32U031C6T6, STM32U031C6U6, STM32U031C8T6, STM32U031C8U6, STM32U031F4P6, STM32U031F6P6, STM32U031F8P6, STM32U031G6Y6TR, STM32U031G8Y6TR, STM32U031K4U6, STM32U031K6U6, STM32U031K8U6, STM32U031R6I6, STM32U031R6T6, STM32U031R8I6, STM32U031R8T6, STM32U073C8T6, STM32U073C8U6, STM32U073CBT6, STM32U073CBU6, STM32U073CCT6, STM32U073CCU6, STM32U073H8Y6TR, STM32U073HBY6TR, STM32U073HCY6TR, STM32U073K8U6, STM32U073KBU6, STM32U073KCU6, STM32U073M8I6, STM32U073M8T6, STM32U073MBI6, STM32U073MBT6, STM32U073MCI6, STM32U073MCT6, STM32U073R8I6, STM32U073R8T6, STM32U073RBI6, STM32U073RBT6, STM32U073RCI6, STM32U073RCT6, STM32U083C-DK, STM32U083CCT6, STM32U083CCU6, STM32U083HCY6TR, STM32U083KCU6, STM32U083MCI6, STM32U083MCT6, STM32U083RCI6, STM32U083RCT6, STM32U375CET6, STM32U375CET6Q, STM32U375CEU6, STM32U375CEU6Q, STM32U375CEY6QTR, STM32U375CGT6, STM32U375CGT6Q, STM32U375CGU6, STM32U375CGU6Q, STM32U375CGY6QTR, STM32U375KEU6, STM32U375KGU6, STM32U375REI6, STM32U375REI6Q, STM32U375RET6, STM32U375RET6Q, STM32U375REY6GTR, STM32U375REY6QTR, STM32U375RGI6, STM32U375RGI6Q, STM32U375RGT6, STM32U375RGT6Q, STM32U375RGY6GTR, STM32U375RGY6QTR, STM32U375VEI6, STM32U375VEI6Q, STM32U375VET6, STM32U375VET6Q, STM32U375VGI6, STM32U375VGI6Q, STM32U375VGT6, STM32U375VGT6Q, STM32U385CGT6, STM32U385CGT6Q, STM32U385CGU6, STM32U385CGU6Q, STM32U385CGY6QTR, STM32U385KGU6, STM32U385RGI6, STM32U385RGI6Q, STM32U385RGT6, STM32U385RGT6Q, STM32U385RGY6GTR, STM32U385RGY6QTR, STM32U385VGI6, STM32U385VGI6Q, STM32U385VGT6, STM32U385VGT6Q, STM32U535CBT6, STM32U535CBT6Q, STM32U535CBU6, STM32U535CBU6Q, STM32U535CCT6, STM32U535CCT6Q, STM32U535CCU6, STM32U535CCU6Q, STM32U535CET6, STM32U535CET6Q, STM32U535CEU6, STM32U535CEU6Q, STM32U535JEY6QTR, STM32U535NCY6QTR, STM32U535NEY6QTR, STM32U535RBI6, STM32U535RBI6Q, STM32U535RBT6, STM32U535RBT6Q, STM32U535RCI6, STM32U535RCI6Q, STM32U535RCT6, STM32U535RCT6Q, STM32U535REI6, STM32U535REI6Q, STM32U535RET6, STM32U535RET6Q, STM32U535VCI6, STM32U535VCI6Q, STM32U535VCT6, STM32U535VCT6Q, STM32U535VEI6, STM32U535VEI6Q, STM32U535VET6, STM32U535VET6Q, STM32U545CET6, STM32U545CET6Q, STM32U545CEU6, STM32U545CEU6Q, STM32U545JEY6QTR, STM32U545NEY6QTR, STM32U545REI6, STM32U545REI6Q, STM32U545RET6, STM32U545RET6Q, STM32U545VEI6, STM32U545VEI6Q, STM32U545VET6, STM32U545VET6Q, STM32U595AIH6, STM32U595AIH6Q, STM32U595AJH6, STM32U595AJH6Q, STM32U595QII6, STM32U595QII6Q, STM32U595QJI6, STM32U595QJI6Q, STM32U595RIT6, STM32U595RIT6Q, STM32U595RJT6, STM32U595RJT6Q, STM32U595VIT6, STM32U595VIT6Q, STM32U595VJT6, STM32U595VJT6Q, STM32U595ZIT6, STM32U595ZIT6Q, STM32U595ZIY6QTR, STM32U595ZJT6, STM32U595ZJT6Q, STM32U595ZJY6QTR, STM32U599BJY6QTR, STM32U599NIH6Q, STM32U599NJH6Q, STM32U599VIT6Q, STM32U599VJT6, STM32U599VJT6Q, STM32U599ZIT6Q, STM32U599ZIY6QTR, STM32U599ZJT6Q, STM32U599ZJY6QTR, STM32U5A5AJH6, STM32U5A5AJH6Q, STM32U5A5QII3Q , STM32U5A5QJI6, STM32U5A5QJI6Q, STM32U5A5RJT6, STM32U5A5RJT6Q, STM32U5A5VJT6, STM32U5A5VJT6Q, STM32U5A5ZJT6, STM32U5A5ZJT6Q, STM32U5A5ZJY6QTR, STM32U5A9BJY6QTR, STM32U5A9J-DK, STM32U5A9NJH6Q, STM32U5A9VJT6Q, STM32U5A9ZJT6Q, STM32U5A9ZJY6QTR, STM32U5F7VIT6, STM32U5F7VIT6Q, STM32U5F7VJT6, STM32U5F7VJT6Q, STM32U5F9BJY6QTR, STM32U5F9NJH6Q, STM32U5F9VIT6Q, STM32U5F9VJT6Q, STM32U5F9ZIJ6QTR, STM32U5F9ZIT6Q, STM32U5F9ZJJ6QTR, STM32U5F9ZJT6Q, STM32U5G7VJT6, STM32U5G7VJT6Q, STM32U5G9BJY6QTR, STM32U5G9J-DK1, STM32U5G9J-DK2, STM32U5G9NJH6Q, STM32U5G9VJT6Q, STM32U5G9ZJJ6QTR, STM32U5G9ZJT6Q, STM32WB05KZV6TR, STM32WB05KZV7TR, STM32WB05TZF6TR, STM32WB05TZF7TR, STM32WB06CCF6TR, STM32WB06CCF7TR, STM32WB06CCV6TR, STM32WB06CCV7TR, STM32WB06KCV6TR, STM32WB06KCV7TR, STM32WB07CCF6TR, STM32WB07CCF7TR, STM32WB07CCV6TR, STM32WB07CCV7TR, STM32WB07KCV6TR, STM32WB07KCV7TR, STM32WB09KEV6TR, STM32WB09KEV7TR, STM32WB09TEF6TR, STM32WB09TEF7TR, STM32WB1MMCH6, STM32WBA50KGU6, STM32WBA50KGU6TR, STM32WBA52CEU6, STM32WBA52CEU6TR, STM32WBA52CEU7, STM32WBA52CEU7TR, STM32WBA52CGU6, STM32WBA52CGU6TR, STM32WBA52CGU6U, STM32WBA52CGU7, STM32WBA52CGU7TR, STM32WBA52KEU6, STM32WBA52KEU6TR, STM32WBA52KGU6, STM32WBA52KGU6TR, STM32WBA54CEU6, STM32WBA54CEU6TR, STM32WBA54CEU7, STM32WBA54CEU7TR, STM32WBA54CGU6, STM32WBA54CGU6TR, STM32WBA54CGU7, STM32WBA54CGU7TR, STM32WBA54KEU6, STM32WBA54KEU6TR, STM32WBA54KEU7, STM32WBA54KEU7TR, STM32WBA54KGU6, STM32WBA54KGU6TR, STM32WBA54KGU7, STM32WBA54KGU7TR, STM32WBA55CEU6, STM32WBA55CEU6TR, STM32WBA55CEU7, STM32WBA55CEU7TR, STM32WBA55CGU6, STM32WBA55CGU6TR, STM32WBA55CGU6U, STM32WBA55CGU7, STM32WBA55CGU7TR, STM32WBA55G-DK1, STM32WBA55HEF6, STM32WBA55HEF7, STM32WBA55HGF6, STM32WBA55HGF7, STM32WBA55UEI6, STM32WBA55UEI6TR, STM32WBA55UEI7, STM32WBA55UEI7TR, STM32WBA55UGI6, STM32WBA55UGI6TR, STM32WBA55UGI7, STM32WBA55UGI7TR, STM32WBA5MJGH6TR, STM32WBA62CGU6, STM32WBA62CIU6, STM32WBA62MGF6, STM32WBA62MIF6, STM32WBA62PGI6, STM32WBA62PII6, STM32WBA63CGU6, STM32WBA63CGU7, STM32WBA63CIU6, STM32WBA63CIU7, STM32WBA64CGU6, STM32WBA64CGU7, STM32WBA64CIU6, STM32WBA64CIU7, STM32WBA65CGU6, STM32WBA65CGU7, STM32WBA65CIU6, STM32WBA65CIU7, STM32WBA65I-DK1, STM32WBA65MGF6, STM32WBA65MGF7, STM32WBA65MIF6, STM32WBA65MIF7, STM32WBA65PGI6, STM32WBA65PGI7, STM32WBA65PII6, STM32WBA65PII7, STM32WBA65RGV6, STM32WBA65RGV7, STM32WBA65RIV6, STM32WBA65RIV7, STM32WL30K8V6, STM32WL30KBV6, STM32WL31C8V6, STM32WL31CBV6, STM32WL31K8V6, STM32WL31KBV6, STM32WL33C8V6, STM32WL33C8V6TR, STM32WL33C8V7, STM32WL33C8V7TR, STM32WL33CBV6, STM32WL33CBV6TR, STM32WL33CBV7, STM32WL33CBV7TR, STM32WL33CCV6, STM32WL33CCV6TR, STM32WL33CCV7, STM32WL33CCV7A, STM32WL33CCV7ATR, STM32WL33CCV7TR, STM32WL33K8V6, STM32WL33K8V6TR, STM32WL33K8V7, STM32WL33K8V7TR, STM32WL33KBV6, STM32WL33KBV6TR, STM32WL33KBV7, STM32WL33KBV7TR, STM32WL33KCV6, STM32WL33KCV6TR, STM32WL33KCV7, STM32WL33KCV7TR, STM32WL5MOCH6, STM32WL5MOCH6TR]
2026-01-02 14:00:24,990 [INFO] DbMcus:218 - Found 4822 MCUs, 4822 are supported
2026-01-02 14:00:24,991 [INFO] ApiDb:423 - Load user favorites file C:\Users\Jagakishan/.stm32cubeide/favorites.mcus.txt: 0 item(s)
2026-01-02 14:00:24,992 [INFO] ApiDb:427 - User favorites MCUs=[]
2026-01-02 14:00:24,992 [INFO] DbMcus:224 - Set 0 / 0 favorites MCUs
2026-01-02 14:00:25,920 [INFO] BoardInfo:889 - No configuration file found for board P-NUCLEO-WB55
2026-01-02 14:00:25,922 [INFO] DbBoards:161 - Kit is not supported: P-NUCLEO-WB55
2026-01-02 14:00:25,936 [INFO] BoardInfo:889 - No configuration file found for board STEVAL-BFA001V1B
2026-01-02 14:00:25,938 [INFO] DbBoards:161 - Kit is not supported: STEVAL-BFA001V1B
2026-01-02 14:00:25,940 [INFO] BoardInfo:889 - No configuration file found for board STEVAL-BFA001V2B
2026-01-02 14:00:25,943 [INFO] DbBoards:161 - Kit is not supported: STEVAL-BFA001V2B
2026-01-02 14:00:26,341 [INFO] DbBoards:168 - Found 211 boards, 208 are supported
2026-01-02 14:00:26,342 [INFO] DbBoards:169 - Found 211 boards, 43 of them is supported for  Bsp
2026-01-02 14:00:26,345 [INFO] ApiDb:423 - Load user favorites file C:\Users\Jagakishan/.stm32cubeide/favorites.boards.txt: 0 item(s)
2026-01-02 14:00:26,346 [INFO] ApiDb:427 - User favorites Boards=[]
2026-01-02 14:00:26,346 [INFO] DbBoards:198 - Set 0 / 0 favorites Boards
2026-01-02 14:00:26,423 [INFO] UtilMem:75 - End LoadConfig() Used Memory: 502416816 Bytes (764411904)
2026-01-02 14:00:26,621 [WARN] ThirdParty:833 - waiting for thirdparty lock release [change project]
2026-01-02 14:00:26,621 [INFO] ThirdParty:835 - entering critical section [change project]
2026-01-02 14:00:26,622 [INFO] ThirdParty:1030 - CMSIS Pack Vendor :STMicroelectronics X-CUBE-PM33A1 1.0.0
2026-01-02 14:00:26,622 [INFO] ThirdParty:1030 - CMSIS Pack Vendor :STMicroelectronics USBPD 4.1
2026-01-02 14:00:26,622 [INFO] ThirdParty:1030 - CMSIS Pack Vendor :STMicroelectronics USB_HOST 2.0.0
2026-01-02 14:00:26,622 [INFO] ThirdParty:1030 - CMSIS Pack Vendor :STMicroelectronics FP-SNS-MOTENVWB1 1.4.0
2026-01-02 14:00:26,622 [INFO] ThirdParty:1030 - CMSIS Pack Vendor :STMicroelectronics X-CUBE-AZRTOS-F4 1.1.0
2026-01-02 14:00:26,622 [INFO] ThirdParty:1030 - CMSIS Pack Vendor :STMicroelectronics LIBJPEG 8.0.0
2026-01-02 14:00:26,622 [INFO] ThirdParty:1030 - CMSIS Pack Vendor :STMicroelectronics FP-ATR-ASTRA1 2.0.2
2026-01-02 14:00:26,622 [INFO] ThirdParty:1030 - CMSIS Pack Vendor :STMicroelectronics X-CUBE-SMBUS 2.1.0
2026-01-02 14:00:26,622 [INFO] ThirdParty:1030 - CMSIS Pack Vendor :STMicroelectronics X-CUBE-WB05N 1.1.0
2026-01-02 14:00:26,622 [INFO] ThirdParty:1030 - CMSIS Pack Vendor :STMicroelectronics X-CUBE-ISPU 2.1.0
2026-01-02 14:00:26,622 [INFO] ThirdParty:1030 - CMSIS Pack Vendor :STMicroelectronics X-CUBE-NFC12 1.0.0
2026-01-02 14:00:26,622 [INFO] ThirdParty:1030 - CMSIS Pack Vendor :STMicroelectronics X-CUBE-AZRTOS-F7 1.1.0
2026-01-02 14:00:26,622 [INFO] ThirdParty:1030 - CMSIS Pack Vendor :STMicroelectronics X-CUBE-AZRTOS-L5 2.0.0
2026-01-02 14:00:26,622 [INFO] ThirdParty:1030 - CMSIS Pack Vendor :STMicroelectronics USB_DEVICE 2.0.0
2026-01-02 14:00:26,622 [INFO] ThirdParty:1030 - CMSIS Pack Vendor :STMicroelectronics X-CUBE-NFC6 3.1.0
2026-01-02 14:00:26,622 [INFO] ThirdParty:1030 - CMSIS Pack Vendor :Cesanta I-CUBE-Mongoose 7.19.0
2026-01-02 14:00:26,622 [INFO] ThirdParty:1030 - CMSIS Pack Vendor :STMicroelectronics FreeRTOS 0.0.1
2026-01-02 14:00:26,622 [INFO] ThirdParty:1030 - CMSIS Pack Vendor :STMicroelectronics X-CUBE-DPower 1.2.0
2026-01-02 14:00:26,622 [INFO] ThirdParty:1030 - CMSIS Pack Vendor :STMicroelectronics FP-SNS-FLIGHT1 5.0.2
2026-01-02 14:00:26,622 [INFO] ThirdParty:1030 - CMSIS Pack Vendor :Infineon AIROC-Wi-Fi-Bluetooth-STM32 1.7.1
2026-01-02 14:00:26,622 [INFO] ThirdParty:1030 - CMSIS Pack Vendor :STMicroelectronics PDM2PCM 3.3.0
2026-01-02 14:00:26,622 [INFO] ThirdParty:1030 - CMSIS Pack Vendor :STMicroelectronics X-CUBE-AZRTOS-H7 3.4.0
2026-01-02 14:00:26,622 [INFO] ThirdParty:1030 - CMSIS Pack Vendor :STMicroelectronics X-CUBE-DISPLAY 3.0.0
2026-01-02 14:00:26,622 [INFO] ThirdParty:1030 - CMSIS Pack Vendor :STMicroelectronics X-CUBE-NFC10 1.0.0
2026-01-02 14:00:26,622 [INFO] ThirdParty:1030 - CMSIS Pack Vendor :STMicroelectronics X-CUBE-BLEMGR 4.0.0
2026-01-02 14:00:26,622 [INFO] ThirdParty:1030 - CMSIS Pack Vendor :STMicroelectronics X-CUBE-FREERTOS 1.3.1
2026-01-02 14:00:26,622 [INFO] ThirdParty:1030 - CMSIS Pack Vendor :STMicroelectronics HAL Drivers 0.0.0
2026-01-02 14:00:26,622 [INFO] ThirdParty:1030 - CMSIS Pack Vendor :STMicroelectronics X-CUBE-ST60 1.1.0
2026-01-02 14:00:26,622 [INFO] ThirdParty:1030 - CMSIS Pack Vendor :emotas I-CUBE-CANOPEN 1.3.0
2026-01-02 14:00:26,622 [INFO] ThirdParty:1030 - CMSIS Pack Vendor :STMicroelectronics X-CUBE-FREERTOS 1.3.0
2026-01-02 14:00:26,622 [INFO] ThirdParty:1030 - CMSIS Pack Vendor :STMicroelectronics X-CUBE-NFC7 1.0.1
2026-01-02 14:00:26,622 [INFO] ThirdParty:1030 - CMSIS Pack Vendor :STMicroelectronics MBEDTLS 2.14.1
2026-01-02 14:00:26,622 [INFO] ThirdParty:1030 - CMSIS Pack Vendor :STMicroelectronics X-CUBE-GNSS1 7.1.0
2026-01-02 14:00:26,622 [INFO] ThirdParty:1030 - CMSIS Pack Vendor :STMicroelectronics X-CUBE-TOUCHGFX 4.26.0
2026-01-02 14:00:26,623 [INFO] ThirdParty:1030 - CMSIS Pack Vendor :STMicroelectronics X-CUBE-AI 10.0.0
2026-01-02 14:00:26,623 [INFO] ThirdParty:1030 - CMSIS Pack Vendor :STMicroelectronics FP-SNS-STAIOTCFT 1.0.0
2026-01-02 14:00:26,623 [INFO] ThirdParty:1030 - CMSIS Pack Vendor :STMicroelectronics FP-SNS-SMARTAG2 1.2.0
2026-01-02 14:00:26,623 [INFO] ThirdParty:1030 - CMSIS Pack Vendor :STMicroelectronics FP-SNS-FLIGHT1 5.1.0
2026-01-02 14:00:26,623 [INFO] ThirdParty:1030 - CMSIS Pack Vendor :STMicroelectronics X-CUBE-MEMS1 11.1.0
2026-01-02 14:00:26,623 [INFO] ThirdParty:1030 - CMSIS Pack Vendor :STMicroelectronics X-CUBE-AZRTOS-WL 2.0.0
2026-01-02 14:00:26,623 [INFO] ThirdParty:1030 - CMSIS Pack Vendor :STMicroelectronics X-CUBE-DPower 1.3.0
2026-01-02 14:00:26,623 [INFO] ThirdParty:1030 - CMSIS Pack Vendor :STMicroelectronics FP-SNS-MOTENV1 5.0.0
2026-01-02 14:00:26,623 [INFO] ThirdParty:1030 - CMSIS Pack Vendor :STMicroelectronics USB_DEVICE 1.0.0
2026-01-02 14:00:26,623 [INFO] ThirdParty:1030 - CMSIS Pack Vendor :STMicroelectronics X-CUBE-AZRTOS-H7RS 1.2.0
2026-01-02 14:00:26,623 [INFO] ThirdParty:1030 - CMSIS Pack Vendor :STMicroelectronics X-CUBE-AZRTOS-L4 2.0.0
2026-01-02 14:00:26,623 [INFO] ThirdParty:1030 - CMSIS Pack Vendor :STMicroelectronics ThreadX 0.0.2
2026-01-02 14:00:26,623 [INFO] ThirdParty:1030 - CMSIS Pack Vendor :STMicroelectronics lwIP 2.1.2
2026-01-02 14:00:26,623 [INFO] ThirdParty:1030 - CMSIS Pack Vendor :STMicroelectronics X-CUBE-SFXS2LP1 4.0.0
2026-01-02 14:00:26,623 [INFO] ThirdParty:1030 - CMSIS Pack Vendor :STMicroelectronics X-CUBE-BLE2 3.3.0
2026-01-02 14:00:26,623 [INFO] ThirdParty:1030 - CMSIS Pack Vendor :Avnet-IOTCONNECT X-CUBE-iotc-st67-sdk 1.0.0
2026-01-02 14:00:26,623 [INFO] ThirdParty:1030 - CMSIS Pack Vendor :STMicroelectronics PDM2PCM 3.2.0
2026-01-02 14:00:26,623 [INFO] ThirdParty:1030 - CMSIS Pack Vendor :STMicroelectronics X-CUBE-AZRTOS-H7 3.3.0
2026-01-02 14:00:26,623 [INFO] ThirdParty:1030 - CMSIS Pack Vendor :STMicroelectronics X-CUBE-NFC9 1.0.0
2026-01-02 14:00:26,623 [INFO] ThirdParty:1030 - CMSIS Pack Vendor :wolfSSL I-CUBE-wolfSSL 5.8.2
2026-01-02 14:00:26,623 [INFO] ThirdParty:1030 - CMSIS Pack Vendor :STMicroelectronics X-CUBE-BLE1 7.1.0
2026-01-02 14:00:26,623 [INFO] ThirdParty:1030 - CMSIS Pack Vendor :wolfSSL I-CUBE-wolfMQTT 1.19.2
2026-01-02 14:00:26,623 [INFO] ThirdParty:1030 - CMSIS Pack Vendor :STMicroelectronics USB_DEVICE 3.0.0
2026-01-02 14:00:26,623 [INFO] ThirdParty:1030 - CMSIS Pack Vendor :STMicroelectronics X-CUBE-EEPRMA1 5.2.0
2026-01-02 14:00:26,623 [INFO] ThirdParty:1030 - CMSIS Pack Vendor :STMicroelectronics X-CUBE-BLEMGR 4.1.0
2026-01-02 14:00:26,623 [INFO] ThirdParty:1030 - CMSIS Pack Vendor :STMicroelectronics X-CUBE-AZRTOS-WB 2.0.0
2026-01-02 14:00:26,623 [INFO] ThirdParty:1030 - CMSIS Pack Vendor :STMicroelectronics X-CUBE-GNSS1 7.0.1
2026-01-02 14:00:26,623 [INFO] ThirdParty:1030 - CMSIS Pack Vendor :STMicroelectronics X-CUBE-TOUCHGFX 4.25.0
2026-01-02 14:00:26,623 [INFO] ThirdParty:1030 - CMSIS Pack Vendor :STMicroelectronics FP-SNS-STBOX1 2.0.0
2026-01-02 14:00:26,623 [INFO] ThirdParty:1030 - CMSIS Pack Vendor :quantropi X-CUBE-qispace-sdk-base 2.1.0
2026-01-02 14:00:26,623 [INFO] ThirdParty:1030 - CMSIS Pack Vendor :STMicroelectronics X-CUBE-MEMS1 12.0.0
2026-01-02 14:00:26,624 [INFO] ThirdParty:1030 - CMSIS Pack Vendor :STMicroelectronics X-CUBE-AZRTOS-G0 1.1.0
2026-01-02 14:00:26,624 [INFO] ThirdParty:1030 - CMSIS Pack Vendor :STMicroelectronics X-CUBE-SAFEA1 1.2.2
2026-01-02 14:00:26,624 [INFO] ThirdParty:1030 - CMSIS Pack Vendor :STMicroelectronics X-CUBE-NFC4 3.0.0
2026-01-02 14:00:26,624 [INFO] ThirdParty:1030 - CMSIS Pack Vendor :STMicroelectronics X-CUBE-SUBG2 5.0.0
2026-01-02 14:00:26,624 [INFO] ThirdParty:1030 - CMSIS Pack Vendor :STMicroelectronics X-CUBE-AZRTOS-H7RS 1.1.0
2026-01-02 14:00:26,624 [INFO] ThirdParty:1030 - CMSIS Pack Vendor :STMicroelectronics STM32_WPAN 1.0.0
2026-01-02 14:00:26,624 [INFO] ThirdParty:1030 - CMSIS Pack Vendor :EmbeddedOffice I-CUBE-FS-RTOS 1.0.1
2026-01-02 14:00:26,624 [INFO] ThirdParty:1030 - CMSIS Pack Vendor :STMicroelectronics lwIP 2.0.3
2026-01-02 14:00:26,624 [INFO] ThirdParty:1030 - CMSIS Pack Vendor :STMicroelectronics USB_HOST 1.0.0
2026-01-02 14:00:26,624 [INFO] ThirdParty:1030 - CMSIS Pack Vendor :STMicroelectronics X-CUBE-AZRTOS-G4 2.0.0
2026-01-02 14:00:26,624 [INFO] ThirdParty:1030 - CMSIS Pack Vendor :STMicroelectronics X-CUBE-WB05N 2.0.0
2026-01-02 14:00:26,624 [INFO] ThirdParty:1030 - CMSIS Pack Vendor :STMicroelectronics PDM2PCM 3.1.0
2026-01-02 14:00:26,624 [INFO] ThirdParty:1030 - CMSIS Pack Vendor :wolfSSL I-CUBE-wolfTPM 3.8.0
2026-01-02 14:00:26,624 [INFO] ThirdParty:1030 - CMSIS Pack Vendor :wolfSSL I-CUBE-wolfSSH 1.4.20
2026-01-02 14:00:26,624 [INFO] ThirdParty:1030 - CMSIS Pack Vendor :STMicroelectronics X-CUBE-NFC7 2.0.0
2026-01-02 14:00:26,624 [INFO] ThirdParty:1030 - CMSIS Pack Vendor :STMicroelectronics X-CUBE-TCPP 4.2.0
2026-01-02 14:00:26,624 [INFO] ThirdParty:1030 - CMSIS Pack Vendor :RealThread X-CUBE-RT-Thread_Nano 4.1.1
2026-01-02 14:00:26,624 [INFO] ThirdParty:1030 - CMSIS Pack Vendor :STMicroelectronics FP-ATR-SIGFOX1 3.2.0
2026-01-02 14:00:26,624 [INFO] ThirdParty:1030 - CMSIS Pack Vendor :STMicroelectronics X-CUBE-EEPRMA1 5.1.0
2026-01-02 14:00:26,624 [INFO] ThirdParty:1030 - CMSIS Pack Vendor :STMicroelectronics MBEDTLS 2.16.2
2026-01-02 14:00:26,624 [INFO] ThirdParty:1030 - CMSIS Pack Vendor :STMicroelectronics X-CUBE-IPS 3.1.0
2026-01-02 14:00:26,624 [INFO] ThirdParty:1030 - CMSIS Pack Vendor :STMicroelectronics X-CUBE-ALS 1.0.2
2026-01-02 14:00:26,624 [INFO] ThirdParty:1030 - CMSIS Pack Vendor :wolfSSL I-CUBE-wolfSSL 5.7.6
2026-01-02 14:00:26,624 [INFO] ThirdParty:1030 - CMSIS Pack Vendor :ITTIA_DB I-CUBE-ITTIADB 8.9.0
2026-01-02 14:00:26,624 [INFO] ThirdParty:1030 - CMSIS Pack Vendor :STMicroelectronics X-CUBE-STSE01 1.0.0
2026-01-02 14:00:26,624 [INFO] ThirdParty:1030 - CMSIS Pack Vendor :STMicroelectronics X-CUBE-AI 10.2.0
2026-01-02 14:00:26,624 [INFO] ThirdParty:1030 - CMSIS Pack Vendor :STMicroelectronics ThreadX 1.0.0
2026-01-02 14:00:26,624 [INFO] ThirdParty:1030 - CMSIS Pack Vendor :SEGGER I-CUBE-embOS 1.3.1
2026-01-02 14:00:26,624 [INFO] ThirdParty:1030 - CMSIS Pack Vendor :STMicroelectronics X-CUBE-ALGOBUILD 1.4.0
2026-01-02 14:00:26,624 [INFO] ThirdParty:1030 - CMSIS Pack Vendor :STMicroelectronics X-CUBE-MEMS1 11.3.0
2026-01-02 14:00:26,624 [INFO] ThirdParty:1030 - CMSIS Pack Vendor :STMicroelectronics X-CUBE-AZRTOS-H7RS 1.0.0
2026-01-02 14:00:26,624 [INFO] ThirdParty:1030 - CMSIS Pack Vendor :STMicroelectronics X-CUBE-TOF1 3.4.2
2026-01-02 14:00:26,625 [INFO] ThirdParty:1030 - CMSIS Pack Vendor :STMicroelectronics X-CUBE-TOF1 3.4.3
2026-01-02 14:00:26,625 [INFO] ThirdParty:841 - exiting critical section [change project]
2026-01-02 14:00:27,091 [INFO] PinOutPanel:1589 - setPackage(No Configuration,No Configuration)
2026-01-02 14:00:27,094 [INFO] PinOutPanel:1589 - setPackage(STM32F103C8Tx,LQFP48)
2026-01-02 14:00:27,814 [INFO] UtilMem:75 - Before build in PCC Used Memory: 456527872 Bytes (764411904)
2026-01-02 14:00:29,569 [INFO] UtilMem:75 - After build in PCC Used Memory: 674132040 Bytes (764411904)
2026-01-02 14:00:29,606 [INFO] IPUIPlugin:80 - create IPUIPlugin
2026-01-02 14:00:29,606 [INFO] IPUIPlugin:80 - create IPUIPlugin
2026-01-02 14:00:29,606 [INFO] IPUIPlugin:80 - create IPUIPlugin
2026-01-02 14:00:29,607 [INFO] IPUIPlugin:80 - create IPUIPlugin
2026-01-02 14:00:29,607 [INFO] IPUIPlugin:80 - create IPUIPlugin
2026-01-02 14:00:29,607 [INFO] IPUIPlugin:80 - create IPUIPlugin
2026-01-02 14:00:29,607 [INFO] IPUIPlugin:80 - create IPUIPlugin
2026-01-02 14:00:29,607 [INFO] IPUIPlugin:80 - create IPUIPlugin
2026-01-02 14:00:29,607 [INFO] IPUIPlugin:80 - create IPUIPlugin
2026-01-02 14:00:29,607 [INFO] IPUIPlugin:80 - create IPUIPlugin
2026-01-02 14:00:29,607 [INFO] IPUIPlugin:80 - create IPUIPlugin
2026-01-02 14:00:29,607 [INFO] IPUIPlugin:80 - create IPUIPlugin
2026-01-02 14:00:29,608 [INFO] IPUIPlugin:80 - create IPUIPlugin
2026-01-02 14:00:29,608 [INFO] IPUIPlugin:80 - create IPUIPlugin
2026-01-02 14:00:29,608 [INFO] IPUIPlugin:80 - create IPUIPlugin
2026-01-02 14:00:29,608 [INFO] IPUIPlugin:80 - create IPUIPlugin
2026-01-02 14:00:29,608 [INFO] IPUIPlugin:80 - create IPUIPlugin
2026-01-02 14:00:29,608 [INFO] IPUIPlugin:80 - create IPUIPlugin
2026-01-02 14:00:29,608 [INFO] IPUIPlugin:80 - create IPUIPlugin
2026-01-02 14:00:29,608 [INFO] IPUIPlugin:80 - create IPUIPlugin
2026-01-02 14:00:29,609 [INFO] IPUIPlugin:80 - create IPUIPlugin
2026-01-02 14:00:29,609 [INFO] IPUIPlugin:80 - create IPUIPlugin
2026-01-02 14:00:29,609 [INFO] IPUIPlugin:80 - create IPUIPlugin
2026-01-02 14:00:29,609 [INFO] IPUIPlugin:80 - create IPUIPlugin
2026-01-02 14:00:29,609 [INFO] IPUIPlugin:80 - create IPUIPlugin
2026-01-02 14:00:29,609 [INFO] IPUIPlugin:80 - create IPUIPlugin
2026-01-02 14:00:29,610 [INFO] IPUIPlugin:80 - create IPUIPlugin
2026-01-02 14:00:29,648 [INFO] Can:71 - Can Add PropertyChangeListener com.st.microxplorer.plugins.ip.can.Can@4ad30e63
2026-01-02 14:00:29,974 [INFO] CADModel:165 - CPN selected for project levelSTM32F103C8T6
2026-01-02 14:00:29,974 [INFO] CADModel:114 - Register for checkConnection events
2026-01-02 14:00:30,036 [INFO] OpenFileManager:385 - Restore cursor
2026-01-02 14:00:44,942 [INFO] Gpio:277 - dependency for GPIO [CAN, RCC, SYS, USART1]
2026-01-02 14:00:58,943 [INFO] Gpio:277 - dependency for GPIO [CAN, RCC, SYS, USART1]
2026-01-02 14:00:59,145 [INFO] NvicIntPanel:101 - NVIC parent = com.st.microxplorer.plugins.ip.nvic.MultiNvicIntPanel[,0,0,0x0,invalid,layout=javax.swing.BoxLayout,alignmentX=0.0,alignmentY=0.0,border=,flags=9,maximumSize=,minimumSize=,preferredSize=]
2026-01-02 14:02:25,165 [INFO] UtilMem:75 - End SaveConfig() Used Memory: 888864216 Bytes (1073741824)
2026-01-02 14:02:30,431 [INFO] UtilMem:75 - End SaveConfig() Used Memory: 954150936 Bytes (1073741824)
2026-01-02 14:02:31,543 [INFO] UtilMem:75 - End SaveConfig() Used Memory: 730313096 Bytes (1073741824)
2026-01-02 14:02:32,218 [INFO] BlockDiagram:2775 - set Specific Code input for plugin: NVIC
2026-01-02 14:02:32,218 [INFO] BlockDiagram:2775 - set Specific Code input for plugin: USART
2026-01-02 14:02:32,218 [INFO] BlockDiagram:2775 - set Specific Code input for plugin: SYS
2026-01-02 14:02:32,219 [INFO] BlockDiagram:2775 - set Specific Code input for plugin: GPIO
2026-01-02 14:02:32,220 [INFO] BlockDiagram:2775 - set Specific Code input for plugin: CAN
2026-01-02 14:02:32,220 [INFO] BlockDiagram:2775 - set Specific Code input for plugin: RCC
2026-01-02 14:02:32,223 [INFO] CodeGenerator:882 - code generatio: config db path: C:\ST\STM32CubeIDE_1.18.0\STM32CubeIDE\plugins\com.st.stm32cube.common.mx_6.14.0.202502271554\\db\
2026-01-02 14:02:32,610 [INFO] CodeEngine:263 - oldGeneratedFile, C:\Users\Jagakishan\STM32CubeIDE\workspace_1.18.0\Bluepill_CAN_loopback\MXTmpFiles\license.tmp_save
2026-01-02 14:02:33,781 [INFO] CodeEngine:287 - Generated code: C:\Users\Jagakishan\STM32CubeIDE\workspace_1.18.0\Bluepill_CAN_loopback\MXTmpFiles\license.tmp
2026-01-02 14:02:34,078 [INFO] CodeEngine:263 - oldGeneratedFile, C:\Users\Jagakishan\STM32CubeIDE\workspace_1.18.0\Bluepill_CAN_loopback\MXTmpFiles\gpio.tmp_save
2026-01-02 14:02:34,350 [INFO] CodeEngine:287 - Generated code: C:\Users\Jagakishan\STM32CubeIDE\workspace_1.18.0\Bluepill_CAN_loopback\MXTmpFiles\gpio.tmp
2026-01-02 14:02:34,765 [INFO] CodeEngine:263 - oldGeneratedFile, C:\Users\Jagakishan\STM32CubeIDE\workspace_1.18.0\Bluepill_CAN_loopback\Core\Src\stm32f1xx_it.c_save
2026-01-02 14:02:35,054 [INFO] CodeEngine:287 - Generated code: C:\Users\Jagakishan\STM32CubeIDE\workspace_1.18.0\Bluepill_CAN_loopback\Core\Src\stm32f1xx_it.c
2026-01-02 14:02:35,101 [INFO] CodeEngine:263 - oldGeneratedFile, C:\Users\Jagakishan\STM32CubeIDE\workspace_1.18.0\Bluepill_CAN_loopback\Core\Inc\stm32f1xx_it.h_save
2026-01-02 14:02:35,298 [INFO] CodeEngine:287 - Generated code: C:\Users\Jagakishan\STM32CubeIDE\workspace_1.18.0\Bluepill_CAN_loopback\Core\Inc\stm32f1xx_it.h
2026-01-02 14:02:35,357 [INFO] CodeEngine:263 - oldGeneratedFile, C:\Users\Jagakishan\STM32CubeIDE\workspace_1.18.0\Bluepill_CAN_loopback\Core\Src\stm32f1xx_hal_msp.c_save
2026-01-02 14:02:35,606 [INFO] CodeEngine:287 - Generated code: C:\Users\Jagakishan\STM32CubeIDE\workspace_1.18.0\Bluepill_CAN_loopback\Core\Src\stm32f1xx_hal_msp.c
2026-01-02 14:02:35,632 [INFO] CodeEngine:263 - oldGeneratedFile, C:\Users\Jagakishan\STM32CubeIDE\workspace_1.18.0\Bluepill_CAN_loopback\MXTmpFiles\system.tmp_save
2026-01-02 14:02:35,753 [INFO] CodeEngine:287 - Generated code: C:\Users\Jagakishan\STM32CubeIDE\workspace_1.18.0\Bluepill_CAN_loopback\MXTmpFiles\system.tmp
2026-01-02 14:02:35,816 [INFO] CodeEngine:319 - oldGeneratedFile, C:\Users\Jagakishan\STM32CubeIDE\workspace_1.18.0\Bluepill_CAN_loopback\Core\Inc\stm32f1xx_hal_conf.h_save
2026-01-02 14:02:35,955 [INFO] CodeEngine:343 - Generated code: C:\Users\Jagakishan\STM32CubeIDE\workspace_1.18.0\Bluepill_CAN_loopback\Core\Inc\stm32f1xx_hal_conf.h
2026-01-02 14:02:36,030 [INFO] ApiDbMcu:508 - Load IP Config File for CAN
2026-01-02 14:02:36,038 [INFO] ApiDbMcu:508 - Load IP Config File for USART1
2026-01-02 14:02:36,046 [INFO] ApiDbMcu:508 - Load IP Config File for RCC
2026-01-02 14:02:36,113 [INFO] CodeEngine:263 - oldGeneratedFile, C:\Users\Jagakishan\STM32CubeIDE\workspace_1.18.0\Bluepill_CAN_loopback\Core\Inc\main.h_save
2026-01-02 14:02:36,287 [INFO] CodeEngine:287 - Generated code: C:\Users\Jagakishan\STM32CubeIDE\workspace_1.18.0\Bluepill_CAN_loopback\Core\Inc\main.h
2026-01-02 14:02:36,329 [INFO] CodeEngine:263 - oldGeneratedFile, C:\Users\Jagakishan\STM32CubeIDE\workspace_1.18.0\Bluepill_CAN_loopback\Core\Src\main.c_save
2026-01-02 14:02:36,582 [INFO] CodeEngine:287 - Generated code: C:\Users\Jagakishan\STM32CubeIDE\workspace_1.18.0\Bluepill_CAN_loopback\Core\Src\main.c
2026-01-02 14:02:37,192 [INFO] ProjectBuilder:3324 - Time for Copy HAL[1] : 381mS.
2026-01-02 14:02:37,203 [INFO] ProjectBuilder:4912 - Project Generator version: 4.6.0-B36
2026-01-02 14:02:37,309 [INFO] ConfigFileManager:1590 - The Die is : DIE410
2026-01-02 14:02:37,338 [INFO] ApiDbMcu:508 - Load IP Config File for FATFS
2026-01-02 14:02:37,359 [INFO] ApiDbMcu:508 - Load IP Config File for FREERTOS
2026-01-02 14:02:37,381 [INFO] ApiDbMcu:508 - Load IP Config File for USB_DEVICE
2026-01-02 14:02:38,591 [INFO] LogOutputStream:77 - [STDOUT_REDIRECT] 
2026-01-02 14:02:41,319 [INFO] ProjectBuilder:5191 - Time for Generating toolchain IDE Files: 4116mS.
2026-01-02 14:02:41,321 [INFO] ProjectBuilder:3181 - Time for Copy CMSIS : 1mS.
2026-01-02 14:02:41,326 [INFO] ProjectBuilder:3181 - Time for Copy CMSIS : 0mS.
2026-01-02 14:03:03,586 [ERROR] LogOutputStream:75 - [STDERR_REDIRECT] 
